{"total": {"lines":{"total":192,"covered":175,"skipped":0,"pct":91.14},"statements":{"total":204,"covered":185,"skipped":0,"pct":90.68},"functions":{"total":65,"covered":52,"skipped":0,"pct":80},"branches":{"total":82,"covered":58,"skipped":0,"pct":70.73},"branchesTrue":{"total":0,"covered":0,"skipped":0,"pct":100}}
,"/home/runner/work/public-smart-food-logger/public-smart-food-logger/frontend/src/components/Footer.tsx": {"lines":{"total":10,"covered":10,"skipped":0,"pct":100},"functions":{"total":5,"covered":5,"skipped":0,"pct":100},"statements":{"total":10,"covered":10,"skipped":0,"pct":100},"branches":{"total":0,"covered":0,"skipped":0,"pct":100}}
,"/home/runner/work/public-smart-food-logger/public-smart-food-logger/frontend/src/components/HeaderMenu.tsx": {"lines":{"total":38,"covered":33,"skipped":0,"pct":86.84},"functions":{"total":14,"covered":9,"skipped":0,"pct":64.28},"statements":{"total":39,"covered":34,"skipped":0,"pct":87.17},"branches":{"total":16,"covered":14,"skipped":0,"pct":87.5}}
,"/home/runner/work/public-smart-food-logger/public-smart-food-logger/frontend/src/components/HowItWorksCarousel.tsx": {"lines":{"total":38,"covered":29,"skipped":0,"pct":76.31},"functions":{"total":18,"covered":13,"skipped":0,"pct":72.22},"statements":{"total":42,"covered":33,"skipped":0,"pct":78.57},"branches":{"total":22,"covered":11,"skipped":0,"pct":50}}
,"/home/runner/work/public-smart-food-logger/public-smart-food-logger/frontend/src/components/RedirectModal.tsx": {"lines":{"total":14,"covered":14,"skipped":0,"pct":100},"functions":{"total":6,"covered":6,"skipped":0,"pct":100},"statements":{"total":15,"covered":15,"skipped":0,"pct":100},"branches":{"total":10,"covered":9,"skipped":0,"pct":90}}
,"/home/runner/work/public-smart-food-logger/public-smart-food-logger/frontend/src/components/Toast.tsx": {"lines":{"total":16,"covered":14,"skipped":0,"pct":87.5},"functions":{"total":12,"covered":9,"skipped":0,"pct":75},"statements":{"total":21,"covered":17,"skipped":0,"pct":80.95},"branches":{"total":10,"covered":3,"skipped":0,"pct":30}}
,"/home/runner/work/public-smart-food-logger/public-smart-food-logger/frontend/src/hooks/useFitbitLogger.ts": {"lines":{"total":44,"covered":44,"skipped":0,"pct":100},"functions":{"total":4,"covered":4,"skipped":0,"pct":100},"statements":{"total":45,"covered":45,"skipped":0,"pct":100},"branches":{"total":10,"covered":8,"skipped":0,"pct":80}}
,"/home/runner/work/public-smart-food-logger/public-smart-food-logger/frontend/src/hooks/useRecaptcha.ts": {"lines":{"total":24,"covered":24,"skipped":0,"pct":100},"functions":{"total":5,"covered":5,"skipped":0,"pct":100},"statements":{"total":24,"covered":24,"skipped":0,"pct":100},"branches":{"total":8,"covered":8,"skipped":0,"pct":100}}
,"/home/runner/work/public-smart-food-logger/public-smart-food-logger/frontend/src/utils/environment.ts": {"lines":{"total":8,"covered":7,"skipped":0,"pct":87.5},"functions":{"total":1,"covered":1,"skipped":0,"pct":100},"statements":{"total":8,"covered":7,"skipped":0,"pct":87.5},"branches":{"total":6,"covered":5,"skipped":0,"pct":83.33}}
}
