{"total": {"lines":{"total":192,"covered":187,"skipped":0,"pct":97.39},"statements":{"total":204,"covered":199,"skipped":0,"pct":97.54},"functions":{"total":65,"covered":61,"skipped":0,"pct":93.84},"branches":{"total":82,"covered":69,"skipped":0,"pct":84.14},"branchesTrue":{"total":0,"covered":0,"skipped":0,"pct":100}}
,"/home/runner/work/public-smart-food-logger/public-smart-food-logger/frontend/src/components/Footer.tsx": {"lines":{"total":10,"covered":10,"skipped":0,"pct":100},"functions":{"total":5,"covered":5,"skipped":0,"pct":100},"statements":{"total":10,"covered":10,"skipped":0,"pct":100},"branches":{"total":0,"covered":0,"skipped":0,"pct":100}}
,"/home/runner/work/public-smart-food-logger/public-smart-food-logger/frontend/src/components/HeaderMenu.tsx": {"lines":{"total":38,"covered":37,"skipped":0,"pct":97.36},"functions":{"total":14,"covered":13,"skipped":0,"pct":92.85},"statements":{"total":39,"covered":38,"skipped":0,"pct":97.43},"branches":{"total":16,"covered":14,"skipped":0,"pct":87.5}}
,"/home/runner/work/public-smart-food-logger/public-smart-food-logger/frontend/src/components/HowItWorksCarousel.tsx": {"lines":{"total":38,"covered":35,"skipped":0,"pct":92.1},"functions":{"total":18,"covered":15,"skipped":0,"pct":83.33},"statements":{"total":42,"covered":39,"skipped":0,"pct":92.85},"branches":{"total":22,"covered":15,"skipped":0,"pct":68.18}}
,"/home/runner/work/public-smart-food-logger/public-smart-food-logger/frontend/src/components/RedirectModal.tsx": {"lines":{"total":14,"covered":14,"skipped":0,"pct":100},"functions":{"total":6,"covered":6,"skipped":0,"pct":100},"statements":{"total":15,"covered":15,"skipped":0,"pct":100},"branches":{"total":10,"covered":9,"skipped":0,"pct":90}}
,"/home/runner/work/public-smart-food-logger/public-smart-food-logger/frontend/src/components/Toast.tsx": {"lines":{"total":16,"covered":16,"skipped":0,"pct":100},"functions":{"total":12,"covered":12,"skipped":0,"pct":100},"statements":{"total":21,"covered":21,"skipped":0,"pct":100},"branches":{"total":10,"covered":10,"skipped":0,"pct":100}}
,"/home/runner/work/public-smart-food-logger/public-smart-food-logger/frontend/src/hooks/useFitbitLogger.ts": {"lines":{"total":44,"covered":44,"skipped":0,"pct":100},"functions":{"total":4,"covered":4,"skipped":0,"pct":100},"statements":{"total":45,"covered":45,"skipped":0,"pct":100},"branches":{"total":10,"covered":8,"skipped":0,"pct":80}}
,"/home/runner/work/public-smart-food-logger/public-smart-food-logger/frontend/src/hooks/useRecaptcha.ts": {"lines":{"total":24,"covered":24,"skipped":0,"pct":100},"functions":{"total":5,"covered":5,"skipped":0,"pct":100},"statements":{"total":24,"covered":24,"skipped":0,"pct":100},"branches":{"total":8,"covered":8,"skipped":0,"pct":100}}
,"/home/runner/work/public-smart-food-logger/public-smart-food-logger/frontend/src/utils/environment.ts": {"lines":{"total":8,"covered":7,"skipped":0,"pct":87.5},"functions":{"total":1,"covered":1,"skipped":0,"pct":100},"statements":{"total":8,"covered":7,"skipped":0,"pct":87.5},"branches":{"total":6,"covered":5,"skipped":0,"pct":83.33}}
}
