{"/home/runner/work/public-smart-food-logger/public-smart-food-logger/frontend/src/components/Footer.tsx": {"path":"/home/runner/work/public-smart-food-logger/public-smart-food-logger/frontend/src/components/Footer.tsx","statementMap":{"0":{"start":{"line":3,"column":19},"end":{"line":13,"column":null}},"1":{"start":{"line":4,"column":2},"end":{"line":13,"column":null}},"2":{"start":{"line":16,"column":20},"end":{"line":26,"column":null}},"3":{"start":{"line":17,"column":2},"end":{"line":26,"column":null}},"4":{"start":{"line":29,"column":19},"end":{"line":39,"column":null}},"5":{"start":{"line":30,"column":2},"end":{"line":39,"column":null}},"6":{"start":{"line":42,"column":19},"end":{"line":52,"column":null}},"7":{"start":{"line":43,"column":2},"end":{"line":52,"column":null}},"8":{"start":{"line":55,"column":22},"end":{"line":113,"column":null}},"9":{"start":{"line":56,"column":2},"end":{"line":111,"column":null}}},"fnMap":{"0":{"name":"(anonymous_0)","decl":{"start":{"line":3,"column":19},"end":{"line":3,"column":20}},"loc":{"start":{"line":4,"column":2},"end":{"line":13,"column":null}},"line":4},"1":{"name":"(anonymous_1)","decl":{"start":{"line":16,"column":20},"end":{"line":16,"column":21}},"loc":{"start":{"line":17,"column":2},"end":{"line":26,"column":null}},"line":17},"2":{"name":"(anonymous_2)","decl":{"start":{"line":29,"column":19},"end":{"line":29,"column":20}},"loc":{"start":{"line":30,"column":2},"end":{"line":39,"column":null}},"line":30},"3":{"name":"(anonymous_3)","decl":{"start":{"line":42,"column":19},"end":{"line":42,"column":20}},"loc":{"start":{"line":43,"column":2},"end":{"line":52,"column":null}},"line":43},"4":{"name":"(anonymous_4)","decl":{"start":{"line":55,"column":22},"end":{"line":55,"column":28}},"loc":{"start":{"line":55,"column":28},"end":{"line":113,"column":null}},"line":55}},"branchMap":{},"s":{"0":1,"1":3,"2":1,"3":3,"4":1,"5":3,"6":1,"7":3,"8":1,"9":3},"f":{"0":3,"1":3,"2":3,"3":3,"4":3},"b":{},"meta":{"lastBranch":0,"lastFunction":5,"lastStatement":10,"seen":{"s:3:19:13:Infinity":0,"f:3:19:3:20":0,"s:4:2:13:Infinity":1,"s:16:20:26:Infinity":2,"f:16:20:16:21":1,"s:17:2:26:Infinity":3,"s:29:19:39:Infinity":4,"f:29:19:29:20":2,"s:30:2:39:Infinity":5,"s:42:19:52:Infinity":6,"f:42:19:42:20":3,"s:43:2:52:Infinity":7,"s:55:22:113:Infinity":8,"f:55:22:55:28":4,"s:56:2:111:Infinity":9}}}
,"/home/runner/work/public-smart-food-logger/public-smart-food-logger/frontend/src/components/HeaderMenu.tsx": {"path":"/home/runner/work/public-smart-food-logger/public-smart-food-logger/frontend/src/components/HeaderMenu.tsx","statementMap":{"0":{"start":{"line":21,"column":26},"end":{"line":21,"column":null}},"1":{"start":{"line":22,"column":15},"end":{"line":22,"column":null}},"2":{"start":{"line":25,"column":2},"end":{"line":35,"column":null}},"3":{"start":{"line":26,"column":26},"end":{"line":26,"column":null}},"4":{"start":{"line":27,"column":4},"end":{"line":31,"column":null}},"5":{"start":{"line":28,"column":6},"end":{"line":28,"column":null}},"6":{"start":{"line":30,"column":6},"end":{"line":30,"column":null}},"7":{"start":{"line":32,"column":4},"end":{"line":34,"column":null}},"8":{"start":{"line":33,"column":6},"end":{"line":33,"column":null}},"9":{"start":{"line":37,"column":23},"end":{"line":56,"column":null}},"10":{"start":{"line":38,"column":4},"end":{"line":55,"column":null}},"11":{"start":{"line":39,"column":6},"end":{"line":42,"column":null}},"12":{"start":{"line":40,"column":8},"end":{"line":40,"column":null}},"13":{"start":{"line":41,"column":8},"end":{"line":41,"column":null}},"14":{"start":{"line":43,"column":6},"end":{"line":53,"column":null}},"15":{"start":{"line":44,"column":37},"end":{"line":44,"column":null}},"16":{"start":{"line":45,"column":21},"end":{"line":45,"column":null}},"17":{"start":{"line":46,"column":8},"end":{"line":46,"column":null}},"18":{"start":{"line":49,"column":8},"end":{"line":49,"column":null}},"19":{"start":{"line":51,"column":8},"end":{"line":51,"column":null}},"20":{"start":{"line":52,"column":8},"end":{"line":52,"column":null}},"21":{"start":{"line":54,"column":6},"end":{"line":54,"column":null}},"22":{"start":{"line":58,"column":21},"end":{"line":58,"column":null}},"23":{"start":{"line":58,"column":27},"end":{"line":58,"column":null}},"24":{"start":{"line":61,"column":36},"end":{"line":67,"column":null}},"25":{"start":{"line":69,"column":36},"end":{"line":72,"column":null}},"26":{"start":{"line":74,"column":2},"end":{"line":216,"column":null}},"27":{"start":{"line":109,"column":29},"end":{"line":109,"column":null}},"28":{"start":{"line":126,"column":35},"end":{"line":126,"column":null}},"29":{"start":{"line":151,"column":35},"end":{"line":151,"column":null}},"30":{"start":{"line":162,"column":37},"end":{"line":162,"column":null}},"31":{"start":{"line":170,"column":35},"end":{"line":170,"column":null}},"32":{"start":{"line":177,"column":35},"end":{"line":177,"column":null}},"33":{"start":{"line":187,"column":35},"end":{"line":187,"column":null}},"34":{"start":{"line":194,"column":35},"end":{"line":194,"column":null}}},"fnMap":{"0":{"name":"HeaderMenu","decl":{"start":{"line":20,"column":24},"end":{"line":20,"column":37}},"loc":{"start":{"line":20,"column":37},"end":{"line":218,"column":null}},"line":20},"1":{"name":"(anonymous_1)","decl":{"start":{"line":25,"column":12},"end":{"line":25,"column":18}},"loc":{"start":{"line":25,"column":18},"end":{"line":35,"column":5}},"line":25},"2":{"name":"(anonymous_2)","decl":{"start":{"line":32,"column":11},"end":{"line":32,"column":17}},"loc":{"start":{"line":32,"column":17},"end":{"line":34,"column":null}},"line":32},"3":{"name":"(anonymous_3)","decl":{"start":{"line":37,"column":23},"end":{"line":37,"column":35}},"loc":{"start":{"line":37,"column":35},"end":{"line":56,"column":null}},"line":37},"4":{"name":"(anonymous_4)","decl":{"start":{"line":58,"column":21},"end":{"line":58,"column":27}},"loc":{"start":{"line":58,"column":27},"end":{"line":58,"column":null}},"line":58},"5":{"name":"(anonymous_5)","decl":{"start":{"line":109,"column":23},"end":{"line":109,"column":29}},"loc":{"start":{"line":109,"column":29},"end":{"line":109,"column":null}},"line":109},"6":{"name":"(anonymous_6)","decl":{"start":{"line":126,"column":29},"end":{"line":126,"column":35}},"loc":{"start":{"line":126,"column":35},"end":{"line":126,"column":null}},"line":126},"7":{"name":"(anonymous_7)","decl":{"start":{"line":151,"column":29},"end":{"line":151,"column":35}},"loc":{"start":{"line":151,"column":35},"end":{"line":151,"column":null}},"line":151},"8":{"name":"(anonymous_8)","decl":{"start":{"line":162,"column":31},"end":{"line":162,"column":37}},"loc":{"start":{"line":162,"column":37},"end":{"line":162,"column":null}},"line":162},"9":{"name":"(anonymous_9)","decl":{"start":{"line":170,"column":29},"end":{"line":170,"column":35}},"loc":{"start":{"line":170,"column":35},"end":{"line":170,"column":null}},"line":170},"10":{"name":"(anonymous_10)","decl":{"start":{"line":177,"column":29},"end":{"line":177,"column":35}},"loc":{"start":{"line":177,"column":35},"end":{"line":177,"column":null}},"line":177},"11":{"name":"(anonymous_11)","decl":{"start":{"line":187,"column":29},"end":{"line":187,"column":35}},"loc":{"start":{"line":187,"column":35},"end":{"line":187,"column":null}},"line":187},"12":{"name":"(anonymous_12)","decl":{"start":{"line":194,"column":29},"end":{"line":194,"column":35}},"loc":{"start":{"line":194,"column":35},"end":{"line":194,"column":null}},"line":194}},"branchMap":{"0":{"loc":{"start":{"line":27,"column":4},"end":{"line":31,"column":null}},"type":"if","locations":[{"start":{"line":27,"column":4},"end":{"line":31,"column":null}},{"start":{"line":29,"column":11},"end":{"line":31,"column":null}}],"line":27},"1":{"loc":{"start":{"line":38,"column":4},"end":{"line":55,"column":null}},"type":"if","locations":[{"start":{"line":38,"column":4},"end":{"line":55,"column":null}},{"start":{},"end":{}}],"line":38},"2":{"loc":{"start":{"line":39,"column":6},"end":{"line":42,"column":null}},"type":"if","locations":[{"start":{"line":39,"column":6},"end":{"line":42,"column":null}},{"start":{},"end":{}}],"line":39},"3":{"loc":{"start":{"line":100,"column":9},"end":{"line":213,"column":null}},"type":"binary-expr","locations":[{"start":{"line":100,"column":9},"end":{"line":100,"column":null}},{"start":{"line":101,"column":10},"end":{"line":213,"column":null}}],"line":100},"4":{"loc":{"start":{"line":158,"column":19},"end":{"line":165,"column":null}},"type":"binary-expr","locations":[{"start":{"line":158,"column":19},"end":{"line":158,"column":null}},{"start":{"line":159,"column":20},"end":{"line":165,"column":null}}],"line":158},"5":{"loc":{"start":{"line":199,"column":19},"end":{"line":208,"column":null}},"type":"binary-expr","locations":[{"start":{"line":199,"column":19},"end":{"line":199,"column":null}},{"start":{"line":200,"column":20},"end":{"line":208,"column":null}}],"line":199}},"s":{"0":9,"1":9,"2":9,"3":9,"4":9,"5":4,"6":5,"7":9,"8":9,"9":9,"10":1,"11":1,"12":1,"13":1,"14":1,"15":1,"16":1,"17":1,"18":1,"19":0,"20":0,"21":1,"22":9,"23":4,"24":9,"25":9,"26":9,"27":0,"28":0,"29":0,"30":0,"31":0,"32":0,"33":0,"34":0},"f":{"0":9,"1":9,"2":9,"3":1,"4":4,"5":0,"6":0,"7":0,"8":0,"9":0,"10":0,"11":0,"12":0},"b":{"0":[4,5],"1":[1,0],"2":[1,0],"3":[9,4],"4":[4,2],"5":[4,2]},"meta":{"lastBranch":6,"lastFunction":13,"lastStatement":35,"seen":{"f:20:24:20:37":0,"s:21:26:21:Infinity":0,"s:22:15:22:Infinity":1,"s:25:2:35:Infinity":2,"f:25:12:25:18":1,"s:26:26:26:Infinity":3,"b:27:4:31:Infinity:29:11:31:Infinity":0,"s:27:4:31:Infinity":4,"s:28:6:28:Infinity":5,"s:30:6:30:Infinity":6,"s:32:4:34:Infinity":7,"f:32:11:32:17":2,"s:33:6:33:Infinity":8,"s:37:23:56:Infinity":9,"f:37:23:37:35":3,"b:38:4:55:Infinity:undefined:undefined:undefined:undefined":1,"s:38:4:55:Infinity":10,"b:39:6:42:Infinity:undefined:undefined:undefined:undefined":2,"s:39:6:42:Infinity":11,"s:40:8:40:Infinity":12,"s:41:8:41:Infinity":13,"s:43:6:53:Infinity":14,"s:44:37:44:Infinity":15,"s:45:21:45:Infinity":16,"s:46:8:46:Infinity":17,"s:49:8:49:Infinity":18,"s:51:8:51:Infinity":19,"s:52:8:52:Infinity":20,"s:54:6:54:Infinity":21,"s:58:21:58:Infinity":22,"f:58:21:58:27":4,"s:58:27:58:Infinity":23,"s:61:36:67:Infinity":24,"s:69:36:72:Infinity":25,"s:74:2:216:Infinity":26,"b:100:9:100:Infinity:101:10:213:Infinity":3,"f:109:23:109:29":5,"s:109:29:109:Infinity":27,"f:126:29:126:35":6,"s:126:35:126:Infinity":28,"f:151:29:151:35":7,"s:151:35:151:Infinity":29,"b:158:19:158:Infinity:159:20:165:Infinity":4,"f:162:31:162:37":8,"s:162:37:162:Infinity":30,"f:170:29:170:35":9,"s:170:35:170:Infinity":31,"f:177:29:177:35":10,"s:177:35:177:Infinity":32,"f:187:29:187:35":11,"s:187:35:187:Infinity":33,"f:194:29:194:35":12,"s:194:35:194:Infinity":34,"b:199:19:199:Infinity:200:20:208:Infinity":5}}}
,"/home/runner/work/public-smart-food-logger/public-smart-food-logger/frontend/src/components/HowItWorksCarousel.tsx": {"path":"/home/runner/work/public-smart-food-logger/public-smart-food-logger/frontend/src/components/HowItWorksCarousel.tsx","statementMap":{"0":{"start":{"line":8,"column":14},"end":{"line":48,"column":null}},"1":{"start":{"line":50,"column":17},"end":{"line":69,"column":null}},"2":{"start":{"line":52,"column":4},"end":{"line":55,"column":null}},"3":{"start":{"line":63,"column":4},"end":{"line":67,"column":null}},"4":{"start":{"line":71,"column":33},"end":{"line":71,"column":null}},"5":{"start":{"line":72,"column":19},"end":{"line":74,"column":null}},"6":{"start":{"line":73,"column":2},"end":{"line":73,"column":null}},"7":{"start":{"line":90,"column":35},"end":{"line":90,"column":null}},"8":{"start":{"line":91,"column":30},"end":{"line":91,"column":null}},"9":{"start":{"line":94,"column":8},"end":{"line":94,"column":null}},"10":{"start":{"line":96,"column":19},"end":{"line":98,"column":null}},"11":{"start":{"line":97,"column":4},"end":{"line":97,"column":null}},"12":{"start":{"line":97,"column":28},"end":{"line":97,"column":67}},"13":{"start":{"line":100,"column":2},"end":{"line":110,"column":null}},"14":{"start":{"line":101,"column":4},"end":{"line":101,"column":null}},"15":{"start":{"line":101,"column":18},"end":{"line":101,"column":null}},"16":{"start":{"line":103,"column":18},"end":{"line":105,"column":null}},"17":{"start":{"line":104,"column":6},"end":{"line":104,"column":null}},"18":{"start":{"line":107,"column":4},"end":{"line":109,"column":null}},"19":{"start":{"line":108,"column":6},"end":{"line":108,"column":null}},"20":{"start":{"line":113,"column":2},"end":{"line":124,"column":null}},"21":{"start":{"line":114,"column":4},"end":{"line":114,"column":null}},"22":{"start":{"line":114,"column":19},"end":{"line":114,"column":null}},"23":{"start":{"line":116,"column":26},"end":{"line":120,"column":null}},"24":{"start":{"line":117,"column":6},"end":{"line":119,"column":null}},"25":{"start":{"line":118,"column":8},"end":{"line":118,"column":null}},"26":{"start":{"line":122,"column":4},"end":{"line":122,"column":null}},"27":{"start":{"line":123,"column":4},"end":{"line":123,"column":null}},"28":{"start":{"line":123,"column":17},"end":{"line":123,"column":null}},"29":{"start":{"line":126,"column":2},"end":{"line":253,"column":null}},"30":{"start":{"line":149,"column":28},"end":{"line":149,"column":null}},"31":{"start":{"line":151,"column":14},"end":{"line":155,"column":null}},"32":{"start":{"line":152,"column":16},"end":{"line":152,"column":null}},"33":{"start":{"line":153,"column":14},"end":{"line":155,"column":null}},"34":{"start":{"line":154,"column":16},"end":{"line":154,"column":null}},"35":{"start":{"line":164,"column":29},"end":{"line":164,"column":null}},"36":{"start":{"line":199,"column":10},"end":{"line":216,"column":null}},"37":{"start":{"line":202,"column":27},"end":{"line":202,"column":null}},"38":{"start":{"line":203,"column":14},"end":{"line":208,"column":null}},"39":{"start":{"line":204,"column":16},"end":{"line":207,"column":null}},"40":{"start":{"line":228,"column":27},"end":{"line":228,"column":null}},"41":{"start":{"line":238,"column":30},"end":{"line":238,"column":null}}},"fnMap":{"0":{"name":"(anonymous_0)","decl":{"start":{"line":51,"column":9},"end":{"line":51,"column":10}},"loc":{"start":{"line":51,"column":32},"end":{"line":56,"column":null}},"line":51},"1":{"name":"(anonymous_1)","decl":{"start":{"line":62,"column":8},"end":{"line":62,"column":9}},"loc":{"start":{"line":62,"column":31},"end":{"line":68,"column":null}},"line":62},"2":{"name":"(anonymous_2)","decl":{"start":{"line":72,"column":19},"end":{"line":72,"column":20}},"loc":{"start":{"line":72,"column":57},"end":{"line":74,"column":null}},"line":72},"3":{"name":"HowItWorksCarousel","decl":{"start":{"line":89,"column":24},"end":{"line":89,"column":45}},"loc":{"start":{"line":89,"column":45},"end":{"line":255,"column":null}},"line":89},"4":{"name":"(anonymous_4)","decl":{"start":{"line":96,"column":19},"end":{"line":96,"column":20}},"loc":{"start":{"line":96,"column":45},"end":{"line":98,"column":null}},"line":96},"5":{"name":"(anonymous_5)","decl":{"start":{"line":97,"column":12},"end":{"line":97,"column":13}},"loc":{"start":{"line":97,"column":28},"end":{"line":97,"column":67}},"line":97},"6":{"name":"(anonymous_6)","decl":{"start":{"line":100,"column":12},"end":{"line":100,"column":18}},"loc":{"start":{"line":100,"column":18},"end":{"line":110,"column":5}},"line":100},"7":{"name":"(anonymous_7)","decl":{"start":{"line":103,"column":30},"end":{"line":103,"column":36}},"loc":{"start":{"line":103,"column":36},"end":{"line":105,"column":7}},"line":103},"8":{"name":"(anonymous_8)","decl":{"start":{"line":107,"column":11},"end":{"line":107,"column":17}},"loc":{"start":{"line":107,"column":17},"end":{"line":109,"column":null}},"line":107},"9":{"name":"(anonymous_9)","decl":{"start":{"line":113,"column":12},"end":{"line":113,"column":18}},"loc":{"start":{"line":113,"column":18},"end":{"line":124,"column":5}},"line":113},"10":{"name":"(anonymous_10)","decl":{"start":{"line":116,"column":26},"end":{"line":116,"column":27}},"loc":{"start":{"line":116,"column":48},"end":{"line":120,"column":null}},"line":116},"11":{"name":"(anonymous_11)","decl":{"start":{"line":123,"column":11},"end":{"line":123,"column":17}},"loc":{"start":{"line":123,"column":17},"end":{"line":123,"column":null}},"line":123},"12":{"name":"(anonymous_12)","decl":{"start":{"line":148,"column":23},"end":{"line":148,"column":24}},"loc":{"start":{"line":148,"column":71},"end":{"line":156,"column":null}},"line":148},"13":{"name":"(anonymous_13)","decl":{"start":{"line":164,"column":23},"end":{"line":164,"column":29}},"loc":{"start":{"line":164,"column":29},"end":{"line":164,"column":null}},"line":164},"14":{"name":"(anonymous_14)","decl":{"start":{"line":198,"column":19},"end":{"line":198,"column":20}},"loc":{"start":{"line":199,"column":10},"end":{"line":216,"column":null}},"line":199},"15":{"name":"(anonymous_15)","decl":{"start":{"line":201,"column":21},"end":{"line":201,"column":27}},"loc":{"start":{"line":201,"column":27},"end":{"line":209,"column":null}},"line":201},"16":{"name":"(anonymous_16)","decl":{"start":{"line":228,"column":21},"end":{"line":228,"column":27}},"loc":{"start":{"line":228,"column":27},"end":{"line":228,"column":null}},"line":228},"17":{"name":"(anonymous_17)","decl":{"start":{"line":238,"column":23},"end":{"line":238,"column":24}},"loc":{"start":{"line":238,"column":30},"end":{"line":238,"column":null}},"line":238}},"branchMap":{"0":{"loc":{"start":{"line":53,"column":9},"end":{"line":53,"column":null}},"type":"cond-expr","locations":[{"start":{"line":53,"column":25},"end":{"line":53,"column":32}},{"start":{"line":53,"column":32},"end":{"line":53,"column":null}}],"line":53},"1":{"loc":{"start":{"line":65,"column":9},"end":{"line":65,"column":null}},"type":"cond-expr","locations":[{"start":{"line":65,"column":25},"end":{"line":65,"column":32}},{"start":{"line":65,"column":32},"end":{"line":65,"column":null}}],"line":65},"2":{"loc":{"start":{"line":101,"column":4},"end":{"line":101,"column":null}},"type":"if","locations":[{"start":{"line":101,"column":4},"end":{"line":101,"column":null}},{"start":{},"end":{}}],"line":101},"3":{"loc":{"start":{"line":114,"column":4},"end":{"line":114,"column":null}},"type":"if","locations":[{"start":{"line":114,"column":4},"end":{"line":114,"column":null}},{"start":{},"end":{}}],"line":114},"4":{"loc":{"start":{"line":117,"column":6},"end":{"line":119,"column":null}},"type":"if","locations":[{"start":{"line":117,"column":6},"end":{"line":119,"column":null}},{"start":{},"end":{}}],"line":117},"5":{"loc":{"start":{"line":151,"column":14},"end":{"line":155,"column":null}},"type":"if","locations":[{"start":{"line":151,"column":14},"end":{"line":155,"column":null}},{"start":{"line":153,"column":14},"end":{"line":155,"column":null}}],"line":151},"6":{"loc":{"start":{"line":153,"column":14},"end":{"line":155,"column":null}},"type":"if","locations":[{"start":{"line":153,"column":14},"end":{"line":155,"column":null}},{"start":{},"end":{}}],"line":153},"7":{"loc":{"start":{"line":203,"column":14},"end":{"line":208,"column":null}},"type":"if","locations":[{"start":{"line":203,"column":14},"end":{"line":208,"column":null}},{"start":{},"end":{}}],"line":203},"8":{"loc":{"start":{"line":206,"column":18},"end":{"line":206,"column":null}},"type":"cond-expr","locations":[{"start":{"line":206,"column":39},"end":{"line":206,"column":43}},{"start":{"line":206,"column":43},"end":{"line":206,"column":null}}],"line":206},"9":{"loc":{"start":{"line":211,"column":14},"end":{"line":213,"column":null}},"type":"cond-expr","locations":[{"start":{"line":212,"column":18},"end":{"line":212,"column":null}},{"start":{"line":213,"column":18},"end":{"line":213,"column":null}}],"line":211},"10":{"loc":{"start":{"line":222,"column":9},"end":{"line":250,"column":null}},"type":"binary-expr","locations":[{"start":{"line":222,"column":9},"end":{"line":222,"column":null}},{"start":{"line":223,"column":10},"end":{"line":250,"column":null}}],"line":222}},"s":{"0":1,"1":1,"2":0,"3":0,"4":1,"5":1,"6":0,"7":10,"8":10,"9":10,"10":10,"11":0,"12":0,"13":10,"14":7,"15":1,"16":6,"17":0,"18":6,"19":6,"20":10,"21":7,"22":6,"23":1,"24":0,"25":0,"26":1,"27":1,"28":1,"29":10,"30":0,"31":0,"32":0,"33":0,"34":0,"35":1,"36":30,"37":3,"38":3,"39":3,"40":1,"41":0},"f":{"0":0,"1":0,"2":0,"3":10,"4":0,"5":0,"6":7,"7":0,"8":6,"9":7,"10":0,"11":1,"12":0,"13":1,"14":30,"15":3,"16":1,"17":0},"b":{"0":[0,0],"1":[0,0],"2":[1,6],"3":[6,1],"4":[0,0],"5":[0,0],"6":[0,0],"7":[3,0],"8":[2,1],"9":[10,20],"10":[10,1]},"meta":{"lastBranch":11,"lastFunction":18,"lastStatement":42,"seen":{"s:8:14:48:Infinity":0,"s:50:17:69:Infinity":1,"f:51:9:51:10":0,"s:52:4:55:Infinity":2,"b:53:25:53:32:53:32:53:Infinity":0,"f:62:8:62:9":1,"s:63:4:67:Infinity":3,"b:65:25:65:32:65:32:65:Infinity":1,"s:71:33:71:Infinity":4,"s:72:19:74:Infinity":5,"f:72:19:72:20":2,"s:73:2:73:Infinity":6,"f:89:24:89:45":3,"s:90:35:90:Infinity":7,"s:91:30:91:Infinity":8,"s:94:8:94:Infinity":9,"s:96:19:98:Infinity":10,"f:96:19:96:20":4,"s:97:4:97:Infinity":11,"f:97:12:97:13":5,"s:97:28:97:67":12,"s:100:2:110:Infinity":13,"f:100:12:100:18":6,"b:101:4:101:Infinity:undefined:undefined:undefined:undefined":2,"s:101:4:101:Infinity":14,"s:101:18:101:Infinity":15,"s:103:18:105:Infinity":16,"f:103:30:103:36":7,"s:104:6:104:Infinity":17,"s:107:4:109:Infinity":18,"f:107:11:107:17":8,"s:108:6:108:Infinity":19,"s:113:2:124:Infinity":20,"f:113:12:113:18":9,"b:114:4:114:Infinity:undefined:undefined:undefined:undefined":3,"s:114:4:114:Infinity":21,"s:114:19:114:Infinity":22,"s:116:26:120:Infinity":23,"f:116:26:116:27":10,"b:117:6:119:Infinity:undefined:undefined:undefined:undefined":4,"s:117:6:119:Infinity":24,"s:118:8:118:Infinity":25,"s:122:4:122:Infinity":26,"s:123:4:123:Infinity":27,"f:123:11:123:17":11,"s:123:17:123:Infinity":28,"s:126:2:253:Infinity":29,"f:148:23:148:24":12,"s:149:28:149:Infinity":30,"b:151:14:155:Infinity:153:14:155:Infinity":5,"s:151:14:155:Infinity":31,"s:152:16:152:Infinity":32,"b:153:14:155:Infinity:undefined:undefined:undefined:undefined":6,"s:153:14:155:Infinity":33,"s:154:16:154:Infinity":34,"f:164:23:164:29":13,"s:164:29:164:Infinity":35,"f:198:19:198:20":14,"s:199:10:216:Infinity":36,"f:201:21:201:27":15,"s:202:27:202:Infinity":37,"b:203:14:208:Infinity:undefined:undefined:undefined:undefined":7,"s:203:14:208:Infinity":38,"s:204:16:207:Infinity":39,"b:206:39:206:43:206:43:206:Infinity":8,"b:212:18:212:Infinity:213:18:213:Infinity":9,"b:222:9:222:Infinity:223:10:250:Infinity":10,"f:228:21:228:27":16,"s:228:27:228:Infinity":40,"f:238:23:238:24":17,"s:238:30:238:Infinity":41}}}
,"/home/runner/work/public-smart-food-logger/public-smart-food-logger/frontend/src/components/RedirectModal.tsx": {"path":"/home/runner/work/public-smart-food-logger/public-smart-food-logger/frontend/src/components/RedirectModal.tsx","statementMap":{"0":{"start":{"line":34,"column":8},"end":{"line":34,"column":null}},"1":{"start":{"line":36,"column":2},"end":{"line":51,"column":null}},"2":{"start":{"line":37,"column":4},"end":{"line":50,"column":null}},"3":{"start":{"line":38,"column":6},"end":{"line":38,"column":null}},"4":{"start":{"line":40,"column":28},"end":{"line":44,"column":null}},"5":{"start":{"line":41,"column":8},"end":{"line":43,"column":null}},"6":{"start":{"line":42,"column":10},"end":{"line":42,"column":null}},"7":{"start":{"line":46,"column":6},"end":{"line":46,"column":null}},"8":{"start":{"line":47,"column":6},"end":{"line":49,"column":null}},"9":{"start":{"line":48,"column":8},"end":{"line":48,"column":null}},"10":{"start":{"line":53,"column":2},"end":{"line":53,"column":null}},"11":{"start":{"line":53,"column":15},"end":{"line":53,"column":null}},"12":{"start":{"line":55,"column":2},"end":{"line":126,"column":null}},"13":{"start":{"line":67,"column":24},"end":{"line":67,"column":null}},"14":{"start":{"line":103,"column":33},"end":{"line":103,"column":null}}},"fnMap":{"0":{"name":"RedirectModal","decl":{"start":{"line":26,"column":24},"end":{"line":26,"column":38}},"loc":{"start":{"line":33,"column":23},"end":{"line":128,"column":null}},"line":33},"1":{"name":"(anonymous_1)","decl":{"start":{"line":36,"column":12},"end":{"line":36,"column":18}},"loc":{"start":{"line":36,"column":18},"end":{"line":51,"column":5}},"line":36},"2":{"name":"(anonymous_2)","decl":{"start":{"line":40,"column":28},"end":{"line":40,"column":29}},"loc":{"start":{"line":40,"column":50},"end":{"line":44,"column":null}},"line":40},"3":{"name":"(anonymous_3)","decl":{"start":{"line":47,"column":13},"end":{"line":47,"column":19}},"loc":{"start":{"line":47,"column":19},"end":{"line":49,"column":null}},"line":47},"4":{"name":"(anonymous_4)","decl":{"start":{"line":67,"column":17},"end":{"line":67,"column":18}},"loc":{"start":{"line":67,"column":24},"end":{"line":67,"column":null}},"line":67},"5":{"name":"(anonymous_5)","decl":{"start":{"line":103,"column":26},"end":{"line":103,"column":27}},"loc":{"start":{"line":103,"column":33},"end":{"line":103,"column":null}},"line":103}},"branchMap":{"0":{"loc":{"start":{"line":37,"column":4},"end":{"line":50,"column":null}},"type":"if","locations":[{"start":{"line":37,"column":4},"end":{"line":50,"column":null}},{"start":{},"end":{}}],"line":37},"1":{"loc":{"start":{"line":41,"column":8},"end":{"line":43,"column":null}},"type":"if","locations":[{"start":{"line":41,"column":8},"end":{"line":43,"column":null}},{"start":{},"end":{}}],"line":41},"2":{"loc":{"start":{"line":53,"column":2},"end":{"line":53,"column":null}},"type":"if","locations":[{"start":{"line":53,"column":2},"end":{"line":53,"column":null}},{"start":{},"end":{}}],"line":53},"3":{"loc":{"start":{"line":70,"column":11},"end":{"line":81,"column":null}},"type":"binary-expr","locations":[{"start":{"line":70,"column":11},"end":{"line":70,"column":null}},{"start":{"line":71,"column":12},"end":{"line":81,"column":null}}],"line":70},"4":{"loc":{"start":{"line":84,"column":11},"end":{"line":87,"column":null}},"type":"binary-expr","locations":[{"start":{"line":84,"column":11},"end":{"line":84,"column":null}},{"start":{"line":85,"column":12},"end":{"line":87,"column":null}}],"line":84}},"s":{"0":7,"1":7,"2":7,"3":6,"4":6,"5":1,"6":1,"7":6,"8":6,"9":6,"10":7,"11":1,"12":6,"13":3,"14":1},"f":{"0":7,"1":7,"2":1,"3":6,"4":3,"5":1},"b":{"0":[6,1],"1":[1,0],"2":[1,6],"3":[6,1],"4":[7,5]},"meta":{"lastBranch":5,"lastFunction":6,"lastStatement":15,"seen":{"f:26:24:26:38":0,"s:34:8:34:Infinity":0,"s:36:2:51:Infinity":1,"f:36:12:36:18":1,"b:37:4:50:Infinity:undefined:undefined:undefined:undefined":0,"s:37:4:50:Infinity":2,"s:38:6:38:Infinity":3,"s:40:28:44:Infinity":4,"f:40:28:40:29":2,"b:41:8:43:Infinity:undefined:undefined:undefined:undefined":1,"s:41:8:43:Infinity":5,"s:42:10:42:Infinity":6,"s:46:6:46:Infinity":7,"s:47:6:49:Infinity":8,"f:47:13:47:19":3,"s:48:8:48:Infinity":9,"b:53:2:53:Infinity:undefined:undefined:undefined:undefined":2,"s:53:2:53:Infinity":10,"s:53:15:53:Infinity":11,"s:55:2:126:Infinity":12,"f:67:17:67:18":4,"s:67:24:67:Infinity":13,"b:70:11:70:Infinity:71:12:81:Infinity":3,"b:84:11:84:Infinity:85:12:87:Infinity":4,"f:103:26:103:27":5,"s:103:33:103:Infinity":14}}}
,"/home/runner/work/public-smart-food-logger/public-smart-food-logger/frontend/src/hooks/useRecaptcha.ts": {"path":"/home/runner/work/public-smart-food-logger/public-smart-food-logger/frontend/src/hooks/useRecaptcha.ts","statementMap":{"0":{"start":{"line":13,"column":18},"end":{"line":13,"column":null}},"1":{"start":{"line":14,"column":21},"end":{"line":14,"column":null}},"2":{"start":{"line":23,"column":8},"end":{"line":40,"column":null}},"3":{"start":{"line":25,"column":6},"end":{"line":27,"column":null}},"4":{"start":{"line":26,"column":8},"end":{"line":26,"column":null}},"5":{"start":{"line":29,"column":6},"end":{"line":31,"column":null}},"6":{"start":{"line":30,"column":8},"end":{"line":30,"column":null}},"7":{"start":{"line":33,"column":6},"end":{"line":37,"column":null}},"8":{"start":{"line":34,"column":8},"end":{"line":36,"column":null}},"9":{"start":{"line":35,"column":10},"end":{"line":35,"column":null}},"10":{"start":{"line":49,"column":8},"end":{"line":79,"column":null}},"11":{"start":{"line":51,"column":6},"end":{"line":54,"column":null}},"12":{"start":{"line":52,"column":8},"end":{"line":52,"column":null}},"13":{"start":{"line":53,"column":8},"end":{"line":53,"column":null}},"14":{"start":{"line":56,"column":6},"end":{"line":76,"column":null}},"15":{"start":{"line":58,"column":25},"end":{"line":64,"column":null}},"16":{"start":{"line":66,"column":8},"end":{"line":69,"column":null}},"17":{"start":{"line":67,"column":10},"end":{"line":67,"column":null}},"18":{"start":{"line":68,"column":10},"end":{"line":68,"column":null}},"19":{"start":{"line":71,"column":21},"end":{"line":71,"column":null}},"20":{"start":{"line":72,"column":8},"end":{"line":72,"column":null}},"21":{"start":{"line":74,"column":8},"end":{"line":74,"column":null}},"22":{"start":{"line":75,"column":8},"end":{"line":75,"column":null}},"23":{"start":{"line":81,"column":2},"end":{"line":81,"column":null}}},"fnMap":{"0":{"name":"useRecaptcha","decl":{"start":{"line":12,"column":16},"end":{"line":12,"column":31}},"loc":{"start":{"line":12,"column":31},"end":{"line":82,"column":null}},"line":12},"1":{"name":"(anonymous_1)","decl":{"start":{"line":24,"column":4},"end":{"line":24,"column":11}},"loc":{"start":{"line":24,"column":47},"end":{"line":38,"column":null}},"line":24},"2":{"name":"(anonymous_2)","decl":{"start":{"line":33,"column":25},"end":{"line":33,"column":26}},"loc":{"start":{"line":33,"column":46},"end":{"line":37,"column":7}},"line":33},"3":{"name":"(anonymous_3)","decl":{"start":{"line":34,"column":32},"end":{"line":34,"column":38}},"loc":{"start":{"line":34,"column":38},"end":{"line":36,"column":9}},"line":34},"4":{"name":"(anonymous_4)","decl":{"start":{"line":50,"column":4},"end":{"line":50,"column":11}},"loc":{"start":{"line":50,"column":63},"end":{"line":77,"column":null}},"line":50}},"branchMap":{"0":{"loc":{"start":{"line":25,"column":6},"end":{"line":27,"column":null}},"type":"if","locations":[{"start":{"line":25,"column":6},"end":{"line":27,"column":null}},{"start":{},"end":{}}],"line":25},"1":{"loc":{"start":{"line":29,"column":6},"end":{"line":31,"column":null}},"type":"if","locations":[{"start":{"line":29,"column":6},"end":{"line":31,"column":null}},{"start":{},"end":{}}],"line":29},"2":{"loc":{"start":{"line":51,"column":6},"end":{"line":54,"column":null}},"type":"if","locations":[{"start":{"line":51,"column":6},"end":{"line":54,"column":null}},{"start":{},"end":{}}],"line":51},"3":{"loc":{"start":{"line":66,"column":8},"end":{"line":69,"column":null}},"type":"if","locations":[{"start":{"line":66,"column":8},"end":{"line":69,"column":null}},{"start":{},"end":{}}],"line":66}},"s":{"0":9,"1":9,"2":9,"3":4,"4":1,"5":3,"6":1,"7":2,"8":2,"9":2,"10":9,"11":5,"12":1,"13":1,"14":4,"15":4,"16":3,"17":1,"18":1,"19":2,"20":2,"21":1,"22":1,"23":9},"f":{"0":9,"1":4,"2":2,"3":2,"4":5},"b":{"0":[1,3],"1":[1,2],"2":[1,4],"3":[1,2]},"meta":{"lastBranch":4,"lastFunction":5,"lastStatement":24,"seen":{"f:12:16:12:31":0,"s:13:18:13:Infinity":0,"s:14:21:14:Infinity":1,"s:23:8:40:Infinity":2,"f:24:4:24:11":1,"b:25:6:27:Infinity:undefined:undefined:undefined:undefined":0,"s:25:6:27:Infinity":3,"s:26:8:26:Infinity":4,"b:29:6:31:Infinity:undefined:undefined:undefined:undefined":1,"s:29:6:31:Infinity":5,"s:30:8:30:Infinity":6,"s:33:6:37:Infinity":7,"f:33:25:33:26":2,"s:34:8:36:Infinity":8,"f:34:32:34:38":3,"s:35:10:35:Infinity":9,"s:49:8:79:Infinity":10,"f:50:4:50:11":4,"b:51:6:54:Infinity:undefined:undefined:undefined:undefined":2,"s:51:6:54:Infinity":11,"s:52:8:52:Infinity":12,"s:53:8:53:Infinity":13,"s:56:6:76:Infinity":14,"s:58:25:64:Infinity":15,"b:66:8:69:Infinity:undefined:undefined:undefined:undefined":3,"s:66:8:69:Infinity":16,"s:67:10:67:Infinity":17,"s:68:10:68:Infinity":18,"s:71:21:71:Infinity":19,"s:72:8:72:Infinity":20,"s:74:8:74:Infinity":21,"s:75:8:75:Infinity":22,"s:81:2:81:Infinity":23}}}
,"/home/runner/work/public-smart-food-logger/public-smart-food-logger/frontend/src/utils/environment.ts": {"path":"/home/runner/work/public-smart-food-logger/public-smart-food-logger/frontend/src/utils/environment.ts","statementMap":{"0":{"start":{"line":17,"column":30},"end":{"line":32,"column":null}},"1":{"start":{"line":18,"column":2},"end":{"line":31,"column":null}},"2":{"start":{"line":20,"column":6},"end":{"line":20,"column":null}},"3":{"start":{"line":22,"column":6},"end":{"line":22,"column":null}},"4":{"start":{"line":24,"column":6},"end":{"line":24,"column":null}},"5":{"start":{"line":26,"column":6},"end":{"line":26,"column":null}},"6":{"start":{"line":28,"column":6},"end":{"line":28,"column":null}},"7":{"start":{"line":30,"column":6},"end":{"line":30,"column":null}}},"fnMap":{"0":{"name":"(anonymous_0)","decl":{"start":{"line":17,"column":30},"end":{"line":17,"column":31}},"loc":{"start":{"line":17,"column":56},"end":{"line":32,"column":null}},"line":17}},"branchMap":{"0":{"loc":{"start":{"line":18,"column":2},"end":{"line":31,"column":null}},"type":"switch","locations":[{"start":{"line":19,"column":4},"end":{"line":20,"column":null}},{"start":{"line":21,"column":4},"end":{"line":22,"column":null}},{"start":{"line":23,"column":4},"end":{"line":24,"column":null}},{"start":{"line":25,"column":4},"end":{"line":26,"column":null}},{"start":{"line":27,"column":4},"end":{"line":28,"column":null}},{"start":{"line":29,"column":4},"end":{"line":30,"column":null}}],"line":18}},"s":{"0":1,"1":5,"2":1,"3":1,"4":0,"5":0,"6":1,"7":2},"f":{"0":5},"b":{"0":[1,1,0,0,1,2]},"meta":{"lastBranch":1,"lastFunction":1,"lastStatement":8,"seen":{"s:17:30:32:Infinity":0,"f:17:30:17:31":0,"b:19:4:20:Infinity:21:4:22:Infinity:23:4:24:Infinity:25:4:26:Infinity:27:4:28:Infinity:29:4:30:Infinity":0,"s:18:2:31:Infinity":1,"s:20:6:20:Infinity":2,"s:22:6:22:Infinity":3,"s:24:6:24:Infinity":4,"s:26:6:26:Infinity":5,"s:28:6:28:Infinity":6,"s:30:6:30:Infinity":7}}}
}
