{"/home/runner/work/public-smart-food-logger/public-smart-food-logger/frontend/src/components/Footer.tsx": {"path":"/home/runner/work/public-smart-food-logger/public-smart-food-logger/frontend/src/components/Footer.tsx","statementMap":{"0":{"start":{"line":3,"column":19},"end":{"line":13,"column":null}},"1":{"start":{"line":4,"column":2},"end":{"line":13,"column":null}},"2":{"start":{"line":16,"column":20},"end":{"line":26,"column":null}},"3":{"start":{"line":17,"column":2},"end":{"line":26,"column":null}},"4":{"start":{"line":29,"column":19},"end":{"line":39,"column":null}},"5":{"start":{"line":30,"column":2},"end":{"line":39,"column":null}},"6":{"start":{"line":42,"column":19},"end":{"line":52,"column":null}},"7":{"start":{"line":43,"column":2},"end":{"line":52,"column":null}},"8":{"start":{"line":55,"column":22},"end":{"line":113,"column":null}},"9":{"start":{"line":56,"column":2},"end":{"line":111,"column":null}}},"fnMap":{"0":{"name":"(anonymous_0)","decl":{"start":{"line":3,"column":19},"end":{"line":3,"column":20}},"loc":{"start":{"line":4,"column":2},"end":{"line":13,"column":null}},"line":4},"1":{"name":"(anonymous_1)","decl":{"start":{"line":16,"column":20},"end":{"line":16,"column":21}},"loc":{"start":{"line":17,"column":2},"end":{"line":26,"column":null}},"line":17},"2":{"name":"(anonymous_2)","decl":{"start":{"line":29,"column":19},"end":{"line":29,"column":20}},"loc":{"start":{"line":30,"column":2},"end":{"line":39,"column":null}},"line":30},"3":{"name":"(anonymous_3)","decl":{"start":{"line":42,"column":19},"end":{"line":42,"column":20}},"loc":{"start":{"line":43,"column":2},"end":{"line":52,"column":null}},"line":43},"4":{"name":"(anonymous_4)","decl":{"start":{"line":55,"column":22},"end":{"line":55,"column":28}},"loc":{"start":{"line":55,"column":28},"end":{"line":113,"column":null}},"line":55}},"branchMap":{},"s":{"0":1,"1":3,"2":1,"3":3,"4":1,"5":3,"6":1,"7":3,"8":1,"9":3},"f":{"0":3,"1":3,"2":3,"3":3,"4":3},"b":{},"meta":{"lastBranch":0,"lastFunction":5,"lastStatement":10,"seen":{"s:3:19:13:Infinity":0,"f:3:19:3:20":0,"s:4:2:13:Infinity":1,"s:16:20:26:Infinity":2,"f:16:20:16:21":1,"s:17:2:26:Infinity":3,"s:29:19:39:Infinity":4,"f:29:19:29:20":2,"s:30:2:39:Infinity":5,"s:42:19:52:Infinity":6,"f:42:19:42:20":3,"s:43:2:52:Infinity":7,"s:55:22:113:Infinity":8,"f:55:22:55:28":4,"s:56:2:111:Infinity":9}}}
,"/home/runner/work/public-smart-food-logger/public-smart-food-logger/frontend/src/components/HeaderMenu.tsx": {"path":"/home/runner/work/public-smart-food-logger/public-smart-food-logger/frontend/src/components/HeaderMenu.tsx","statementMap":{"0":{"start":{"line":21,"column":26},"end":{"line":21,"column":null}},"1":{"start":{"line":22,"column":15},"end":{"line":22,"column":null}},"2":{"start":{"line":23,"column":56},"end":{"line":23,"column":null}},"3":{"start":{"line":25,"column":2},"end":{"line":31,"column":null}},"4":{"start":{"line":26,"column":4},"end":{"line":30,"column":null}},"5":{"start":{"line":27,"column":6},"end":{"line":29,"column":null}},"6":{"start":{"line":34,"column":2},"end":{"line":44,"column":null}},"7":{"start":{"line":35,"column":26},"end":{"line":35,"column":null}},"8":{"start":{"line":36,"column":4},"end":{"line":40,"column":null}},"9":{"start":{"line":37,"column":6},"end":{"line":37,"column":null}},"10":{"start":{"line":39,"column":6},"end":{"line":39,"column":null}},"11":{"start":{"line":41,"column":4},"end":{"line":43,"column":null}},"12":{"start":{"line":42,"column":6},"end":{"line":42,"column":null}},"13":{"start":{"line":46,"column":23},"end":{"line":65,"column":null}},"14":{"start":{"line":47,"column":4},"end":{"line":64,"column":null}},"15":{"start":{"line":48,"column":6},"end":{"line":51,"column":null}},"16":{"start":{"line":49,"column":8},"end":{"line":49,"column":null}},"17":{"start":{"line":50,"column":8},"end":{"line":50,"column":null}},"18":{"start":{"line":52,"column":6},"end":{"line":62,"column":null}},"19":{"start":{"line":53,"column":37},"end":{"line":53,"column":null}},"20":{"start":{"line":54,"column":21},"end":{"line":54,"column":null}},"21":{"start":{"line":55,"column":8},"end":{"line":55,"column":null}},"22":{"start":{"line":58,"column":8},"end":{"line":58,"column":null}},"23":{"start":{"line":60,"column":8},"end":{"line":60,"column":null}},"24":{"start":{"line":61,"column":8},"end":{"line":61,"column":null}},"25":{"start":{"line":63,"column":6},"end":{"line":63,"column":null}},"26":{"start":{"line":67,"column":21},"end":{"line":67,"column":null}},"27":{"start":{"line":67,"column":27},"end":{"line":67,"column":null}},"28":{"start":{"line":70,"column":36},"end":{"line":76,"column":null}},"29":{"start":{"line":78,"column":36},"end":{"line":81,"column":null}},"30":{"start":{"line":83,"column":2},"end":{"line":225,"column":null}},"31":{"start":{"line":118,"column":29},"end":{"line":118,"column":null}},"32":{"start":{"line":135,"column":35},"end":{"line":135,"column":null}},"33":{"start":{"line":160,"column":35},"end":{"line":160,"column":null}},"34":{"start":{"line":171,"column":37},"end":{"line":171,"column":null}},"35":{"start":{"line":179,"column":35},"end":{"line":179,"column":null}},"36":{"start":{"line":186,"column":35},"end":{"line":186,"column":null}},"37":{"start":{"line":196,"column":35},"end":{"line":196,"column":null}},"38":{"start":{"line":203,"column":35},"end":{"line":203,"column":null}}},"fnMap":{"0":{"name":"HeaderMenu","decl":{"start":{"line":20,"column":24},"end":{"line":20,"column":37}},"loc":{"start":{"line":20,"column":37},"end":{"line":227,"column":null}},"line":20},"1":{"name":"(anonymous_1)","decl":{"start":{"line":25,"column":12},"end":{"line":25,"column":18}},"loc":{"start":{"line":25,"column":18},"end":{"line":31,"column":5}},"line":25},"2":{"name":"(anonymous_2)","decl":{"start":{"line":34,"column":12},"end":{"line":34,"column":18}},"loc":{"start":{"line":34,"column":18},"end":{"line":44,"column":5}},"line":34},"3":{"name":"(anonymous_3)","decl":{"start":{"line":41,"column":11},"end":{"line":41,"column":17}},"loc":{"start":{"line":41,"column":17},"end":{"line":43,"column":null}},"line":41},"4":{"name":"(anonymous_4)","decl":{"start":{"line":46,"column":23},"end":{"line":46,"column":35}},"loc":{"start":{"line":46,"column":35},"end":{"line":65,"column":null}},"line":46},"5":{"name":"(anonymous_5)","decl":{"start":{"line":67,"column":21},"end":{"line":67,"column":27}},"loc":{"start":{"line":67,"column":27},"end":{"line":67,"column":null}},"line":67},"6":{"name":"(anonymous_6)","decl":{"start":{"line":118,"column":23},"end":{"line":118,"column":29}},"loc":{"start":{"line":118,"column":29},"end":{"line":118,"column":null}},"line":118},"7":{"name":"(anonymous_7)","decl":{"start":{"line":135,"column":29},"end":{"line":135,"column":35}},"loc":{"start":{"line":135,"column":35},"end":{"line":135,"column":null}},"line":135},"8":{"name":"(anonymous_8)","decl":{"start":{"line":160,"column":29},"end":{"line":160,"column":35}},"loc":{"start":{"line":160,"column":35},"end":{"line":160,"column":null}},"line":160},"9":{"name":"(anonymous_9)","decl":{"start":{"line":171,"column":31},"end":{"line":171,"column":37}},"loc":{"start":{"line":171,"column":37},"end":{"line":171,"column":null}},"line":171},"10":{"name":"(anonymous_10)","decl":{"start":{"line":179,"column":29},"end":{"line":179,"column":35}},"loc":{"start":{"line":179,"column":35},"end":{"line":179,"column":null}},"line":179},"11":{"name":"(anonymous_11)","decl":{"start":{"line":186,"column":29},"end":{"line":186,"column":35}},"loc":{"start":{"line":186,"column":35},"end":{"line":186,"column":null}},"line":186},"12":{"name":"(anonymous_12)","decl":{"start":{"line":196,"column":29},"end":{"line":196,"column":35}},"loc":{"start":{"line":196,"column":35},"end":{"line":196,"column":null}},"line":196},"13":{"name":"(anonymous_13)","decl":{"start":{"line":203,"column":29},"end":{"line":203,"column":35}},"loc":{"start":{"line":203,"column":35},"end":{"line":203,"column":null}},"line":203}},"branchMap":{"0":{"loc":{"start":{"line":26,"column":4},"end":{"line":30,"column":null}},"type":"if","locations":[{"start":{"line":26,"column":4},"end":{"line":30,"column":null}},{"start":{},"end":{}}],"line":26},"1":{"loc":{"start":{"line":36,"column":4},"end":{"line":40,"column":null}},"type":"if","locations":[{"start":{"line":36,"column":4},"end":{"line":40,"column":null}},{"start":{"line":38,"column":11},"end":{"line":40,"column":null}}],"line":36},"2":{"loc":{"start":{"line":47,"column":4},"end":{"line":64,"column":null}},"type":"if","locations":[{"start":{"line":47,"column":4},"end":{"line":64,"column":null}},{"start":{},"end":{}}],"line":47},"3":{"loc":{"start":{"line":48,"column":6},"end":{"line":51,"column":null}},"type":"if","locations":[{"start":{"line":48,"column":6},"end":{"line":51,"column":null}},{"start":{},"end":{}}],"line":48},"4":{"loc":{"start":{"line":109,"column":9},"end":{"line":222,"column":null}},"type":"binary-expr","locations":[{"start":{"line":109,"column":9},"end":{"line":109,"column":null}},{"start":{"line":110,"column":10},"end":{"line":222,"column":null}}],"line":109},"5":{"loc":{"start":{"line":167,"column":19},"end":{"line":174,"column":null}},"type":"binary-expr","locations":[{"start":{"line":167,"column":19},"end":{"line":167,"column":27}},{"start":{"line":167,"column":27},"end":{"line":167,"column":null}},{"start":{"line":168,"column":20},"end":{"line":174,"column":null}}],"line":167},"6":{"loc":{"start":{"line":208,"column":19},"end":{"line":217,"column":null}},"type":"binary-expr","locations":[{"start":{"line":208,"column":19},"end":{"line":208,"column":27}},{"start":{"line":208,"column":27},"end":{"line":208,"column":null}},{"start":{"line":209,"column":20},"end":{"line":217,"column":null}}],"line":208}},"s":{"0":16,"1":16,"2":16,"3":16,"4":9,"5":9,"6":16,"7":9,"8":9,"9":4,"10":5,"11":9,"12":9,"13":16,"14":1,"15":1,"16":1,"17":1,"18":1,"19":1,"20":1,"21":1,"22":1,"23":0,"24":0,"25":1,"26":16,"27":4,"28":16,"29":16,"30":16,"31":0,"32":0,"33":0,"34":0,"35":0,"36":0,"37":0,"38":0},"f":{"0":16,"1":9,"2":9,"3":9,"4":1,"5":4,"6":0,"7":0,"8":0,"9":0,"10":0,"11":0,"12":0,"13":0},"b":{"0":[9,0],"1":[4,5],"2":[1,0],"3":[1,0],"4":[16,8],"5":[8,4,4],"6":[8,4,4]},"meta":{"lastBranch":7,"lastFunction":14,"lastStatement":39,"seen":{"f:20:24:20:37":0,"s:21:26:21:Infinity":0,"s:22:15:22:Infinity":1,"s:23:56:23:Infinity":2,"s:25:2:31:Infinity":3,"f:25:12:25:18":1,"b:26:4:30:Infinity:undefined:undefined:undefined:undefined":0,"s:26:4:30:Infinity":4,"s:27:6:29:Infinity":5,"s:34:2:44:Infinity":6,"f:34:12:34:18":2,"s:35:26:35:Infinity":7,"b:36:4:40:Infinity:38:11:40:Infinity":1,"s:36:4:40:Infinity":8,"s:37:6:37:Infinity":9,"s:39:6:39:Infinity":10,"s:41:4:43:Infinity":11,"f:41:11:41:17":3,"s:42:6:42:Infinity":12,"s:46:23:65:Infinity":13,"f:46:23:46:35":4,"b:47:4:64:Infinity:undefined:undefined:undefined:undefined":2,"s:47:4:64:Infinity":14,"b:48:6:51:Infinity:undefined:undefined:undefined:undefined":3,"s:48:6:51:Infinity":15,"s:49:8:49:Infinity":16,"s:50:8:50:Infinity":17,"s:52:6:62:Infinity":18,"s:53:37:53:Infinity":19,"s:54:21:54:Infinity":20,"s:55:8:55:Infinity":21,"s:58:8:58:Infinity":22,"s:60:8:60:Infinity":23,"s:61:8:61:Infinity":24,"s:63:6:63:Infinity":25,"s:67:21:67:Infinity":26,"f:67:21:67:27":5,"s:67:27:67:Infinity":27,"s:70:36:76:Infinity":28,"s:78:36:81:Infinity":29,"s:83:2:225:Infinity":30,"b:109:9:109:Infinity:110:10:222:Infinity":4,"f:118:23:118:29":6,"s:118:29:118:Infinity":31,"f:135:29:135:35":7,"s:135:35:135:Infinity":32,"f:160:29:160:35":8,"s:160:35:160:Infinity":33,"b:167:19:167:27:167:27:167:Infinity:168:20:174:Infinity":5,"f:171:31:171:37":9,"s:171:37:171:Infinity":34,"f:179:29:179:35":10,"s:179:35:179:Infinity":35,"f:186:29:186:35":11,"s:186:35:186:Infinity":36,"f:196:29:196:35":12,"s:196:35:196:Infinity":37,"f:203:29:203:35":13,"s:203:35:203:Infinity":38,"b:208:19:208:27:208:27:208:Infinity:209:20:217:Infinity":6}}}
,"/home/runner/work/public-smart-food-logger/public-smart-food-logger/frontend/src/components/HowItWorksCarousel.tsx": {"path":"/home/runner/work/public-smart-food-logger/public-smart-food-logger/frontend/src/components/HowItWorksCarousel.tsx","statementMap":{"0":{"start":{"line":8,"column":14},"end":{"line":48,"column":null}},"1":{"start":{"line":50,"column":17},"end":{"line":69,"column":null}},"2":{"start":{"line":52,"column":4},"end":{"line":55,"column":null}},"3":{"start":{"line":63,"column":4},"end":{"line":67,"column":null}},"4":{"start":{"line":71,"column":33},"end":{"line":71,"column":null}},"5":{"start":{"line":72,"column":19},"end":{"line":74,"column":null}},"6":{"start":{"line":73,"column":2},"end":{"line":73,"column":null}},"7":{"start":{"line":90,"column":35},"end":{"line":90,"column":null}},"8":{"start":{"line":91,"column":30},"end":{"line":91,"column":null}},"9":{"start":{"line":94,"column":8},"end":{"line":94,"column":null}},"10":{"start":{"line":96,"column":19},"end":{"line":98,"column":null}},"11":{"start":{"line":97,"column":4},"end":{"line":97,"column":null}},"12":{"start":{"line":97,"column":28},"end":{"line":97,"column":67}},"13":{"start":{"line":100,"column":2},"end":{"line":110,"column":null}},"14":{"start":{"line":101,"column":4},"end":{"line":101,"column":null}},"15":{"start":{"line":101,"column":18},"end":{"line":101,"column":null}},"16":{"start":{"line":103,"column":18},"end":{"line":105,"column":null}},"17":{"start":{"line":104,"column":6},"end":{"line":104,"column":null}},"18":{"start":{"line":107,"column":4},"end":{"line":109,"column":null}},"19":{"start":{"line":108,"column":6},"end":{"line":108,"column":null}},"20":{"start":{"line":113,"column":2},"end":{"line":124,"column":null}},"21":{"start":{"line":114,"column":4},"end":{"line":114,"column":null}},"22":{"start":{"line":114,"column":19},"end":{"line":114,"column":null}},"23":{"start":{"line":116,"column":26},"end":{"line":120,"column":null}},"24":{"start":{"line":117,"column":6},"end":{"line":119,"column":null}},"25":{"start":{"line":118,"column":8},"end":{"line":118,"column":null}},"26":{"start":{"line":122,"column":4},"end":{"line":122,"column":null}},"27":{"start":{"line":123,"column":4},"end":{"line":123,"column":null}},"28":{"start":{"line":123,"column":17},"end":{"line":123,"column":null}},"29":{"start":{"line":126,"column":2},"end":{"line":254,"column":null}},"30":{"start":{"line":149,"column":28},"end":{"line":149,"column":null}},"31":{"start":{"line":151,"column":14},"end":{"line":155,"column":null}},"32":{"start":{"line":152,"column":16},"end":{"line":152,"column":null}},"33":{"start":{"line":153,"column":14},"end":{"line":155,"column":null}},"34":{"start":{"line":154,"column":16},"end":{"line":154,"column":null}},"35":{"start":{"line":164,"column":29},"end":{"line":164,"column":null}},"36":{"start":{"line":200,"column":10},"end":{"line":217,"column":null}},"37":{"start":{"line":203,"column":27},"end":{"line":203,"column":null}},"38":{"start":{"line":204,"column":14},"end":{"line":209,"column":null}},"39":{"start":{"line":205,"column":16},"end":{"line":208,"column":null}},"40":{"start":{"line":229,"column":27},"end":{"line":229,"column":null}},"41":{"start":{"line":239,"column":30},"end":{"line":239,"column":null}}},"fnMap":{"0":{"name":"(anonymous_0)","decl":{"start":{"line":51,"column":9},"end":{"line":51,"column":10}},"loc":{"start":{"line":51,"column":32},"end":{"line":56,"column":null}},"line":51},"1":{"name":"(anonymous_1)","decl":{"start":{"line":62,"column":8},"end":{"line":62,"column":9}},"loc":{"start":{"line":62,"column":31},"end":{"line":68,"column":null}},"line":62},"2":{"name":"(anonymous_2)","decl":{"start":{"line":72,"column":19},"end":{"line":72,"column":20}},"loc":{"start":{"line":72,"column":57},"end":{"line":74,"column":null}},"line":72},"3":{"name":"HowItWorksCarousel","decl":{"start":{"line":89,"column":24},"end":{"line":89,"column":45}},"loc":{"start":{"line":89,"column":45},"end":{"line":256,"column":null}},"line":89},"4":{"name":"(anonymous_4)","decl":{"start":{"line":96,"column":19},"end":{"line":96,"column":20}},"loc":{"start":{"line":96,"column":45},"end":{"line":98,"column":null}},"line":96},"5":{"name":"(anonymous_5)","decl":{"start":{"line":97,"column":12},"end":{"line":97,"column":13}},"loc":{"start":{"line":97,"column":28},"end":{"line":97,"column":67}},"line":97},"6":{"name":"(anonymous_6)","decl":{"start":{"line":100,"column":12},"end":{"line":100,"column":18}},"loc":{"start":{"line":100,"column":18},"end":{"line":110,"column":5}},"line":100},"7":{"name":"(anonymous_7)","decl":{"start":{"line":103,"column":30},"end":{"line":103,"column":36}},"loc":{"start":{"line":103,"column":36},"end":{"line":105,"column":7}},"line":103},"8":{"name":"(anonymous_8)","decl":{"start":{"line":107,"column":11},"end":{"line":107,"column":17}},"loc":{"start":{"line":107,"column":17},"end":{"line":109,"column":null}},"line":107},"9":{"name":"(anonymous_9)","decl":{"start":{"line":113,"column":12},"end":{"line":113,"column":18}},"loc":{"start":{"line":113,"column":18},"end":{"line":124,"column":5}},"line":113},"10":{"name":"(anonymous_10)","decl":{"start":{"line":116,"column":26},"end":{"line":116,"column":27}},"loc":{"start":{"line":116,"column":48},"end":{"line":120,"column":null}},"line":116},"11":{"name":"(anonymous_11)","decl":{"start":{"line":123,"column":11},"end":{"line":123,"column":17}},"loc":{"start":{"line":123,"column":17},"end":{"line":123,"column":null}},"line":123},"12":{"name":"(anonymous_12)","decl":{"start":{"line":148,"column":23},"end":{"line":148,"column":24}},"loc":{"start":{"line":148,"column":71},"end":{"line":156,"column":null}},"line":148},"13":{"name":"(anonymous_13)","decl":{"start":{"line":164,"column":23},"end":{"line":164,"column":29}},"loc":{"start":{"line":164,"column":29},"end":{"line":164,"column":null}},"line":164},"14":{"name":"(anonymous_14)","decl":{"start":{"line":199,"column":19},"end":{"line":199,"column":20}},"loc":{"start":{"line":200,"column":10},"end":{"line":217,"column":null}},"line":200},"15":{"name":"(anonymous_15)","decl":{"start":{"line":202,"column":21},"end":{"line":202,"column":27}},"loc":{"start":{"line":202,"column":27},"end":{"line":210,"column":null}},"line":202},"16":{"name":"(anonymous_16)","decl":{"start":{"line":229,"column":21},"end":{"line":229,"column":27}},"loc":{"start":{"line":229,"column":27},"end":{"line":229,"column":null}},"line":229},"17":{"name":"(anonymous_17)","decl":{"start":{"line":239,"column":23},"end":{"line":239,"column":24}},"loc":{"start":{"line":239,"column":30},"end":{"line":239,"column":null}},"line":239}},"branchMap":{"0":{"loc":{"start":{"line":53,"column":9},"end":{"line":53,"column":null}},"type":"cond-expr","locations":[{"start":{"line":53,"column":25},"end":{"line":53,"column":32}},{"start":{"line":53,"column":32},"end":{"line":53,"column":null}}],"line":53},"1":{"loc":{"start":{"line":65,"column":9},"end":{"line":65,"column":null}},"type":"cond-expr","locations":[{"start":{"line":65,"column":25},"end":{"line":65,"column":32}},{"start":{"line":65,"column":32},"end":{"line":65,"column":null}}],"line":65},"2":{"loc":{"start":{"line":101,"column":4},"end":{"line":101,"column":null}},"type":"if","locations":[{"start":{"line":101,"column":4},"end":{"line":101,"column":null}},{"start":{},"end":{}}],"line":101},"3":{"loc":{"start":{"line":114,"column":4},"end":{"line":114,"column":null}},"type":"if","locations":[{"start":{"line":114,"column":4},"end":{"line":114,"column":null}},{"start":{},"end":{}}],"line":114},"4":{"loc":{"start":{"line":117,"column":6},"end":{"line":119,"column":null}},"type":"if","locations":[{"start":{"line":117,"column":6},"end":{"line":119,"column":null}},{"start":{},"end":{}}],"line":117},"5":{"loc":{"start":{"line":151,"column":14},"end":{"line":155,"column":null}},"type":"if","locations":[{"start":{"line":151,"column":14},"end":{"line":155,"column":null}},{"start":{"line":153,"column":14},"end":{"line":155,"column":null}}],"line":151},"6":{"loc":{"start":{"line":153,"column":14},"end":{"line":155,"column":null}},"type":"if","locations":[{"start":{"line":153,"column":14},"end":{"line":155,"column":null}},{"start":{},"end":{}}],"line":153},"7":{"loc":{"start":{"line":204,"column":14},"end":{"line":209,"column":null}},"type":"if","locations":[{"start":{"line":204,"column":14},"end":{"line":209,"column":null}},{"start":{},"end":{}}],"line":204},"8":{"loc":{"start":{"line":207,"column":18},"end":{"line":207,"column":null}},"type":"cond-expr","locations":[{"start":{"line":207,"column":39},"end":{"line":207,"column":43}},{"start":{"line":207,"column":43},"end":{"line":207,"column":null}}],"line":207},"9":{"loc":{"start":{"line":212,"column":14},"end":{"line":214,"column":null}},"type":"cond-expr","locations":[{"start":{"line":213,"column":18},"end":{"line":213,"column":null}},{"start":{"line":214,"column":18},"end":{"line":214,"column":null}}],"line":212},"10":{"loc":{"start":{"line":223,"column":9},"end":{"line":251,"column":null}},"type":"binary-expr","locations":[{"start":{"line":223,"column":9},"end":{"line":223,"column":null}},{"start":{"line":224,"column":10},"end":{"line":251,"column":null}}],"line":223}},"s":{"0":1,"1":1,"2":0,"3":0,"4":1,"5":1,"6":0,"7":10,"8":10,"9":10,"10":10,"11":0,"12":0,"13":10,"14":7,"15":1,"16":6,"17":0,"18":6,"19":6,"20":10,"21":7,"22":6,"23":1,"24":0,"25":0,"26":1,"27":1,"28":1,"29":10,"30":0,"31":0,"32":0,"33":0,"34":0,"35":1,"36":30,"37":3,"38":3,"39":3,"40":1,"41":0},"f":{"0":0,"1":0,"2":0,"3":10,"4":0,"5":0,"6":7,"7":0,"8":6,"9":7,"10":0,"11":1,"12":0,"13":1,"14":30,"15":3,"16":1,"17":0},"b":{"0":[0,0],"1":[0,0],"2":[1,6],"3":[6,1],"4":[0,0],"5":[0,0],"6":[0,0],"7":[3,0],"8":[2,1],"9":[10,20],"10":[10,1]},"meta":{"lastBranch":11,"lastFunction":18,"lastStatement":42,"seen":{"s:8:14:48:Infinity":0,"s:50:17:69:Infinity":1,"f:51:9:51:10":0,"s:52:4:55:Infinity":2,"b:53:25:53:32:53:32:53:Infinity":0,"f:62:8:62:9":1,"s:63:4:67:Infinity":3,"b:65:25:65:32:65:32:65:Infinity":1,"s:71:33:71:Infinity":4,"s:72:19:74:Infinity":5,"f:72:19:72:20":2,"s:73:2:73:Infinity":6,"f:89:24:89:45":3,"s:90:35:90:Infinity":7,"s:91:30:91:Infinity":8,"s:94:8:94:Infinity":9,"s:96:19:98:Infinity":10,"f:96:19:96:20":4,"s:97:4:97:Infinity":11,"f:97:12:97:13":5,"s:97:28:97:67":12,"s:100:2:110:Infinity":13,"f:100:12:100:18":6,"b:101:4:101:Infinity:undefined:undefined:undefined:undefined":2,"s:101:4:101:Infinity":14,"s:101:18:101:Infinity":15,"s:103:18:105:Infinity":16,"f:103:30:103:36":7,"s:104:6:104:Infinity":17,"s:107:4:109:Infinity":18,"f:107:11:107:17":8,"s:108:6:108:Infinity":19,"s:113:2:124:Infinity":20,"f:113:12:113:18":9,"b:114:4:114:Infinity:undefined:undefined:undefined:undefined":3,"s:114:4:114:Infinity":21,"s:114:19:114:Infinity":22,"s:116:26:120:Infinity":23,"f:116:26:116:27":10,"b:117:6:119:Infinity:undefined:undefined:undefined:undefined":4,"s:117:6:119:Infinity":24,"s:118:8:118:Infinity":25,"s:122:4:122:Infinity":26,"s:123:4:123:Infinity":27,"f:123:11:123:17":11,"s:123:17:123:Infinity":28,"s:126:2:254:Infinity":29,"f:148:23:148:24":12,"s:149:28:149:Infinity":30,"b:151:14:155:Infinity:153:14:155:Infinity":5,"s:151:14:155:Infinity":31,"s:152:16:152:Infinity":32,"b:153:14:155:Infinity:undefined:undefined:undefined:undefined":6,"s:153:14:155:Infinity":33,"s:154:16:154:Infinity":34,"f:164:23:164:29":13,"s:164:29:164:Infinity":35,"f:199:19:199:20":14,"s:200:10:217:Infinity":36,"f:202:21:202:27":15,"s:203:27:203:Infinity":37,"b:204:14:209:Infinity:undefined:undefined:undefined:undefined":7,"s:204:14:209:Infinity":38,"s:205:16:208:Infinity":39,"b:207:39:207:43:207:43:207:Infinity":8,"b:213:18:213:Infinity:214:18:214:Infinity":9,"b:223:9:223:Infinity:224:10:251:Infinity":10,"f:229:21:229:27":16,"s:229:27:229:Infinity":40,"f:239:23:239:24":17,"s:239:30:239:Infinity":41}}}
,"/home/runner/work/public-smart-food-logger/public-smart-food-logger/frontend/src/components/RedirectModal.tsx": {"path":"/home/runner/work/public-smart-food-logger/public-smart-food-logger/frontend/src/components/RedirectModal.tsx","statementMap":{"0":{"start":{"line":34,"column":8},"end":{"line":34,"column":null}},"1":{"start":{"line":36,"column":2},"end":{"line":51,"column":null}},"2":{"start":{"line":37,"column":4},"end":{"line":50,"column":null}},"3":{"start":{"line":38,"column":6},"end":{"line":38,"column":null}},"4":{"start":{"line":40,"column":28},"end":{"line":44,"column":null}},"5":{"start":{"line":41,"column":8},"end":{"line":43,"column":null}},"6":{"start":{"line":42,"column":10},"end":{"line":42,"column":null}},"7":{"start":{"line":46,"column":6},"end":{"line":46,"column":null}},"8":{"start":{"line":47,"column":6},"end":{"line":49,"column":null}},"9":{"start":{"line":48,"column":8},"end":{"line":48,"column":null}},"10":{"start":{"line":53,"column":2},"end":{"line":53,"column":null}},"11":{"start":{"line":53,"column":15},"end":{"line":53,"column":null}},"12":{"start":{"line":55,"column":2},"end":{"line":126,"column":null}},"13":{"start":{"line":67,"column":24},"end":{"line":67,"column":null}},"14":{"start":{"line":103,"column":33},"end":{"line":103,"column":null}}},"fnMap":{"0":{"name":"RedirectModal","decl":{"start":{"line":26,"column":24},"end":{"line":26,"column":38}},"loc":{"start":{"line":33,"column":23},"end":{"line":128,"column":null}},"line":33},"1":{"name":"(anonymous_1)","decl":{"start":{"line":36,"column":12},"end":{"line":36,"column":18}},"loc":{"start":{"line":36,"column":18},"end":{"line":51,"column":5}},"line":36},"2":{"name":"(anonymous_2)","decl":{"start":{"line":40,"column":28},"end":{"line":40,"column":29}},"loc":{"start":{"line":40,"column":50},"end":{"line":44,"column":null}},"line":40},"3":{"name":"(anonymous_3)","decl":{"start":{"line":47,"column":13},"end":{"line":47,"column":19}},"loc":{"start":{"line":47,"column":19},"end":{"line":49,"column":null}},"line":47},"4":{"name":"(anonymous_4)","decl":{"start":{"line":67,"column":17},"end":{"line":67,"column":18}},"loc":{"start":{"line":67,"column":24},"end":{"line":67,"column":null}},"line":67},"5":{"name":"(anonymous_5)","decl":{"start":{"line":103,"column":26},"end":{"line":103,"column":27}},"loc":{"start":{"line":103,"column":33},"end":{"line":103,"column":null}},"line":103}},"branchMap":{"0":{"loc":{"start":{"line":37,"column":4},"end":{"line":50,"column":null}},"type":"if","locations":[{"start":{"line":37,"column":4},"end":{"line":50,"column":null}},{"start":{},"end":{}}],"line":37},"1":{"loc":{"start":{"line":41,"column":8},"end":{"line":43,"column":null}},"type":"if","locations":[{"start":{"line":41,"column":8},"end":{"line":43,"column":null}},{"start":{},"end":{}}],"line":41},"2":{"loc":{"start":{"line":53,"column":2},"end":{"line":53,"column":null}},"type":"if","locations":[{"start":{"line":53,"column":2},"end":{"line":53,"column":null}},{"start":{},"end":{}}],"line":53},"3":{"loc":{"start":{"line":70,"column":11},"end":{"line":81,"column":null}},"type":"binary-expr","locations":[{"start":{"line":70,"column":11},"end":{"line":70,"column":null}},{"start":{"line":71,"column":12},"end":{"line":81,"column":null}}],"line":70},"4":{"loc":{"start":{"line":84,"column":11},"end":{"line":87,"column":null}},"type":"binary-expr","locations":[{"start":{"line":84,"column":11},"end":{"line":84,"column":null}},{"start":{"line":85,"column":12},"end":{"line":87,"column":null}}],"line":84}},"s":{"0":7,"1":7,"2":7,"3":6,"4":6,"5":1,"6":1,"7":6,"8":6,"9":6,"10":7,"11":1,"12":6,"13":3,"14":1},"f":{"0":7,"1":7,"2":1,"3":6,"4":3,"5":1},"b":{"0":[6,1],"1":[1,0],"2":[1,6],"3":[6,1],"4":[7,5]},"meta":{"lastBranch":5,"lastFunction":6,"lastStatement":15,"seen":{"f:26:24:26:38":0,"s:34:8:34:Infinity":0,"s:36:2:51:Infinity":1,"f:36:12:36:18":1,"b:37:4:50:Infinity:undefined:undefined:undefined:undefined":0,"s:37:4:50:Infinity":2,"s:38:6:38:Infinity":3,"s:40:28:44:Infinity":4,"f:40:28:40:29":2,"b:41:8:43:Infinity:undefined:undefined:undefined:undefined":1,"s:41:8:43:Infinity":5,"s:42:10:42:Infinity":6,"s:46:6:46:Infinity":7,"s:47:6:49:Infinity":8,"f:47:13:47:19":3,"s:48:8:48:Infinity":9,"b:53:2:53:Infinity:undefined:undefined:undefined:undefined":2,"s:53:2:53:Infinity":10,"s:53:15:53:Infinity":11,"s:55:2:126:Infinity":12,"f:67:17:67:18":4,"s:67:24:67:Infinity":13,"b:70:11:70:Infinity:71:12:81:Infinity":3,"b:84:11:84:Infinity:85:12:87:Infinity":4,"f:103:26:103:27":5,"s:103:33:103:Infinity":14}}}
,"/home/runner/work/public-smart-food-logger/public-smart-food-logger/frontend/src/hooks/useFitbitLogger.ts": {"path":"/home/runner/work/public-smart-food-logger/public-smart-food-logger/frontend/src/hooks/useFitbitLogger.ts","statementMap":{"0":{"start":{"line":21,"column":31},"end":{"line":122,"column":null}},"1":{"start":{"line":23,"column":32},"end":{"line":23,"column":null}},"2":{"start":{"line":25,"column":32},"end":{"line":25,"column":null}},"3":{"start":{"line":27,"column":40},"end":{"line":27,"column":null}},"4":{"start":{"line":29,"column":28},"end":{"line":29,"column":null}},"5":{"start":{"line":31,"column":44},"end":{"line":31,"column":null}},"6":{"start":{"line":33,"column":18},"end":{"line":33,"column":null}},"7":{"start":{"line":46,"column":23},"end":{"line":97,"column":null}},"8":{"start":{"line":47,"column":4},"end":{"line":47,"column":null}},"9":{"start":{"line":49,"column":4},"end":{"line":55,"column":null}},"10":{"start":{"line":50,"column":6},"end":{"line":52,"column":null}},"11":{"start":{"line":53,"column":6},"end":{"line":53,"column":null}},"12":{"start":{"line":54,"column":6},"end":{"line":54,"column":null}},"13":{"start":{"line":57,"column":4},"end":{"line":57,"column":null}},"14":{"start":{"line":58,"column":4},"end":{"line":58,"column":null}},"15":{"start":{"line":59,"column":4},"end":{"line":59,"column":null}},"16":{"start":{"line":60,"column":4},"end":{"line":60,"column":null}},"17":{"start":{"line":62,"column":4},"end":{"line":96,"column":null}},"18":{"start":{"line":64,"column":6},"end":{"line":71,"column":null}},"19":{"start":{"line":65,"column":8},"end":{"line":65,"column":null}},"20":{"start":{"line":67,"column":8},"end":{"line":67,"column":null}},"21":{"start":{"line":68,"column":8},"end":{"line":70,"column":null}},"22":{"start":{"line":73,"column":21},"end":{"line":73,"column":null}},"23":{"start":{"line":75,"column":6},"end":{"line":85,"column":null}},"24":{"start":{"line":76,"column":8},"end":{"line":76,"column":null}},"25":{"start":{"line":77,"column":8},"end":{"line":77,"column":null}},"26":{"start":{"line":79,"column":8},"end":{"line":81,"column":null}},"27":{"start":{"line":80,"column":10},"end":{"line":80,"column":null}},"28":{"start":{"line":80,"column":67},"end":{"line":80,"column":77}},"29":{"start":{"line":83,"column":8},"end":{"line":83,"column":null}},"30":{"start":{"line":84,"column":8},"end":{"line":84,"column":null}},"31":{"start":{"line":86,"column":6},"end":{"line":86,"column":null}},"32":{"start":{"line":88,"column":6},"end":{"line":88,"column":null}},"33":{"start":{"line":90,"column":8},"end":{"line":90,"column":null}},"34":{"start":{"line":91,"column":6},"end":{"line":91,"column":null}},"35":{"start":{"line":92,"column":6},"end":{"line":92,"column":null}},"36":{"start":{"line":93,"column":6},"end":{"line":93,"column":null}},"37":{"start":{"line":95,"column":6},"end":{"line":95,"column":null}},"38":{"start":{"line":102,"column":21},"end":{"line":108,"column":null}},"39":{"start":{"line":103,"column":4},"end":{"line":103,"column":null}},"40":{"start":{"line":104,"column":4},"end":{"line":104,"column":null}},"41":{"start":{"line":105,"column":4},"end":{"line":105,"column":null}},"42":{"start":{"line":106,"column":4},"end":{"line":106,"column":null}},"43":{"start":{"line":107,"column":4},"end":{"line":107,"column":null}},"44":{"start":{"line":110,"column":2},"end":{"line":121,"column":null}}},"fnMap":{"0":{"name":"(anonymous_0)","decl":{"start":{"line":21,"column":31},"end":{"line":21,"column":37}},"loc":{"start":{"line":21,"column":37},"end":{"line":122,"column":null}},"line":21},"1":{"name":"(anonymous_1)","decl":{"start":{"line":46,"column":23},"end":{"line":46,"column":30}},"loc":{"start":{"line":46,"column":68},"end":{"line":97,"column":null}},"line":46},"2":{"name":"(anonymous_2)","decl":{"start":{"line":80,"column":50},"end":{"line":80,"column":51}},"loc":{"start":{"line":80,"column":67},"end":{"line":80,"column":77}},"line":80},"3":{"name":"(anonymous_3)","decl":{"start":{"line":102,"column":21},"end":{"line":102,"column":27}},"loc":{"start":{"line":102,"column":27},"end":{"line":108,"column":null}},"line":102}},"branchMap":{"0":{"loc":{"start":{"line":49,"column":4},"end":{"line":55,"column":null}},"type":"if","locations":[{"start":{"line":49,"column":4},"end":{"line":55,"column":null}},{"start":{},"end":{}}],"line":49},"1":{"loc":{"start":{"line":75,"column":6},"end":{"line":85,"column":null}},"type":"if","locations":[{"start":{"line":75,"column":6},"end":{"line":85,"column":null}},{"start":{"line":82,"column":13},"end":{"line":85,"column":null}}],"line":75},"2":{"loc":{"start":{"line":79,"column":8},"end":{"line":81,"column":null}},"type":"if","locations":[{"start":{"line":79,"column":8},"end":{"line":81,"column":null}},{"start":{},"end":{}}],"line":79},"3":{"loc":{"start":{"line":79,"column":12},"end":{"line":79,"column":65}},"type":"binary-expr","locations":[{"start":{"line":79,"column":12},"end":{"line":79,"column":32}},{"start":{"line":79,"column":32},"end":{"line":79,"column":65}}],"line":79},"4":{"loc":{"start":{"line":90,"column":8},"end":{"line":90,"column":null}},"type":"cond-expr","locations":[{"start":{"line":90,"column":33},"end":{"line":90,"column":49}},{"start":{"line":90,"column":49},"end":{"line":90,"column":null}}],"line":90}},"s":{"0":1,"1":22,"2":22,"3":22,"4":22,"5":22,"6":22,"7":22,"8":5,"9":5,"10":1,"11":1,"12":1,"13":4,"14":4,"15":4,"16":4,"17":4,"18":4,"19":4,"20":1,"21":1,"22":3,"23":2,"24":1,"25":1,"26":1,"27":1,"28":2,"29":1,"30":1,"31":2,"32":2,"33":2,"34":2,"35":2,"36":2,"37":4,"38":22,"39":1,"40":1,"41":1,"42":1,"43":1,"44":22},"f":{"0":22,"1":5,"2":2,"3":1},"b":{"0":[1,4],"1":[1,1],"2":[1,0],"3":[1,1],"4":[2,0]},"meta":{"lastBranch":5,"lastFunction":4,"lastStatement":45,"seen":{"s:21:31:122:Infinity":0,"f:21:31:21:37":0,"s:23:32:23:Infinity":1,"s:25:32:25:Infinity":2,"s:27:40:27:Infinity":3,"s:29:28:29:Infinity":4,"s:31:44:31:Infinity":5,"s:33:18:33:Infinity":6,"s:46:23:97:Infinity":7,"f:46:23:46:30":1,"s:47:4:47:Infinity":8,"b:49:4:55:Infinity:undefined:undefined:undefined:undefined":0,"s:49:4:55:Infinity":9,"s:50:6:52:Infinity":10,"s:53:6:53:Infinity":11,"s:54:6:54:Infinity":12,"s:57:4:57:Infinity":13,"s:58:4:58:Infinity":14,"s:59:4:59:Infinity":15,"s:60:4:60:Infinity":16,"s:62:4:96:Infinity":17,"s:64:6:71:Infinity":18,"s:65:8:65:Infinity":19,"s:67:8:67:Infinity":20,"s:68:8:70:Infinity":21,"s:73:21:73:Infinity":22,"b:75:6:85:Infinity:82:13:85:Infinity":1,"s:75:6:85:Infinity":23,"s:76:8:76:Infinity":24,"s:77:8:77:Infinity":25,"b:79:8:81:Infinity:undefined:undefined:undefined:undefined":2,"s:79:8:81:Infinity":26,"b:79:12:79:32:79:32:79:65":3,"s:80:10:80:Infinity":27,"f:80:50:80:51":2,"s:80:67:80:77":28,"s:83:8:83:Infinity":29,"s:84:8:84:Infinity":30,"s:86:6:86:Infinity":31,"s:88:6:88:Infinity":32,"s:90:8:90:Infinity":33,"b:90:33:90:49:90:49:90:Infinity":4,"s:91:6:91:Infinity":34,"s:92:6:92:Infinity":35,"s:93:6:93:Infinity":36,"s:95:6:95:Infinity":37,"s:102:21:108:Infinity":38,"f:102:21:102:27":3,"s:103:4:103:Infinity":39,"s:104:4:104:Infinity":40,"s:105:4:105:Infinity":41,"s:106:4:106:Infinity":42,"s:107:4:107:Infinity":43,"s:110:2:121:Infinity":44}}}
,"/home/runner/work/public-smart-food-logger/public-smart-food-logger/frontend/src/hooks/useRecaptcha.ts": {"path":"/home/runner/work/public-smart-food-logger/public-smart-food-logger/frontend/src/hooks/useRecaptcha.ts","statementMap":{"0":{"start":{"line":13,"column":18},"end":{"line":13,"column":null}},"1":{"start":{"line":14,"column":21},"end":{"line":14,"column":null}},"2":{"start":{"line":23,"column":8},"end":{"line":40,"column":null}},"3":{"start":{"line":25,"column":6},"end":{"line":27,"column":null}},"4":{"start":{"line":26,"column":8},"end":{"line":26,"column":null}},"5":{"start":{"line":29,"column":6},"end":{"line":31,"column":null}},"6":{"start":{"line":30,"column":8},"end":{"line":30,"column":null}},"7":{"start":{"line":33,"column":6},"end":{"line":37,"column":null}},"8":{"start":{"line":34,"column":8},"end":{"line":36,"column":null}},"9":{"start":{"line":35,"column":10},"end":{"line":35,"column":null}},"10":{"start":{"line":49,"column":8},"end":{"line":79,"column":null}},"11":{"start":{"line":51,"column":6},"end":{"line":54,"column":null}},"12":{"start":{"line":52,"column":8},"end":{"line":52,"column":null}},"13":{"start":{"line":53,"column":8},"end":{"line":53,"column":null}},"14":{"start":{"line":56,"column":6},"end":{"line":76,"column":null}},"15":{"start":{"line":58,"column":25},"end":{"line":64,"column":null}},"16":{"start":{"line":66,"column":8},"end":{"line":69,"column":null}},"17":{"start":{"line":67,"column":10},"end":{"line":67,"column":null}},"18":{"start":{"line":68,"column":10},"end":{"line":68,"column":null}},"19":{"start":{"line":71,"column":21},"end":{"line":71,"column":null}},"20":{"start":{"line":72,"column":8},"end":{"line":72,"column":null}},"21":{"start":{"line":74,"column":8},"end":{"line":74,"column":null}},"22":{"start":{"line":75,"column":8},"end":{"line":75,"column":null}},"23":{"start":{"line":81,"column":2},"end":{"line":81,"column":null}}},"fnMap":{"0":{"name":"useRecaptcha","decl":{"start":{"line":12,"column":16},"end":{"line":12,"column":31}},"loc":{"start":{"line":12,"column":31},"end":{"line":82,"column":null}},"line":12},"1":{"name":"(anonymous_1)","decl":{"start":{"line":24,"column":4},"end":{"line":24,"column":11}},"loc":{"start":{"line":24,"column":47},"end":{"line":38,"column":null}},"line":24},"2":{"name":"(anonymous_2)","decl":{"start":{"line":33,"column":25},"end":{"line":33,"column":26}},"loc":{"start":{"line":33,"column":46},"end":{"line":37,"column":7}},"line":33},"3":{"name":"(anonymous_3)","decl":{"start":{"line":34,"column":32},"end":{"line":34,"column":38}},"loc":{"start":{"line":34,"column":38},"end":{"line":36,"column":9}},"line":34},"4":{"name":"(anonymous_4)","decl":{"start":{"line":50,"column":4},"end":{"line":50,"column":11}},"loc":{"start":{"line":50,"column":63},"end":{"line":77,"column":null}},"line":50}},"branchMap":{"0":{"loc":{"start":{"line":25,"column":6},"end":{"line":27,"column":null}},"type":"if","locations":[{"start":{"line":25,"column":6},"end":{"line":27,"column":null}},{"start":{},"end":{}}],"line":25},"1":{"loc":{"start":{"line":29,"column":6},"end":{"line":31,"column":null}},"type":"if","locations":[{"start":{"line":29,"column":6},"end":{"line":31,"column":null}},{"start":{},"end":{}}],"line":29},"2":{"loc":{"start":{"line":51,"column":6},"end":{"line":54,"column":null}},"type":"if","locations":[{"start":{"line":51,"column":6},"end":{"line":54,"column":null}},{"start":{},"end":{}}],"line":51},"3":{"loc":{"start":{"line":66,"column":8},"end":{"line":69,"column":null}},"type":"if","locations":[{"start":{"line":66,"column":8},"end":{"line":69,"column":null}},{"start":{},"end":{}}],"line":66}},"s":{"0":9,"1":9,"2":9,"3":4,"4":1,"5":3,"6":1,"7":2,"8":2,"9":2,"10":9,"11":5,"12":1,"13":1,"14":4,"15":4,"16":3,"17":1,"18":1,"19":2,"20":2,"21":1,"22":1,"23":9},"f":{"0":9,"1":4,"2":2,"3":2,"4":5},"b":{"0":[1,3],"1":[1,2],"2":[1,4],"3":[1,2]},"meta":{"lastBranch":4,"lastFunction":5,"lastStatement":24,"seen":{"f:12:16:12:31":0,"s:13:18:13:Infinity":0,"s:14:21:14:Infinity":1,"s:23:8:40:Infinity":2,"f:24:4:24:11":1,"b:25:6:27:Infinity:undefined:undefined:undefined:undefined":0,"s:25:6:27:Infinity":3,"s:26:8:26:Infinity":4,"b:29:6:31:Infinity:undefined:undefined:undefined:undefined":1,"s:29:6:31:Infinity":5,"s:30:8:30:Infinity":6,"s:33:6:37:Infinity":7,"f:33:25:33:26":2,"s:34:8:36:Infinity":8,"f:34:32:34:38":3,"s:35:10:35:Infinity":9,"s:49:8:79:Infinity":10,"f:50:4:50:11":4,"b:51:6:54:Infinity:undefined:undefined:undefined:undefined":2,"s:51:6:54:Infinity":11,"s:52:8:52:Infinity":12,"s:53:8:53:Infinity":13,"s:56:6:76:Infinity":14,"s:58:25:64:Infinity":15,"b:66:8:69:Infinity:undefined:undefined:undefined:undefined":3,"s:66:8:69:Infinity":16,"s:67:10:67:Infinity":17,"s:68:10:68:Infinity":18,"s:71:21:71:Infinity":19,"s:72:8:72:Infinity":20,"s:74:8:74:Infinity":21,"s:75:8:75:Infinity":22,"s:81:2:81:Infinity":23}}}
,"/home/runner/work/public-smart-food-logger/public-smart-food-logger/frontend/src/utils/environment.ts": {"path":"/home/runner/work/public-smart-food-logger/public-smart-food-logger/frontend/src/utils/environment.ts","statementMap":{"0":{"start":{"line":17,"column":30},"end":{"line":32,"column":null}},"1":{"start":{"line":18,"column":2},"end":{"line":31,"column":null}},"2":{"start":{"line":20,"column":6},"end":{"line":20,"column":null}},"3":{"start":{"line":22,"column":6},"end":{"line":22,"column":null}},"4":{"start":{"line":24,"column":6},"end":{"line":24,"column":null}},"5":{"start":{"line":26,"column":6},"end":{"line":26,"column":null}},"6":{"start":{"line":28,"column":6},"end":{"line":28,"column":null}},"7":{"start":{"line":30,"column":6},"end":{"line":30,"column":null}}},"fnMap":{"0":{"name":"(anonymous_0)","decl":{"start":{"line":17,"column":30},"end":{"line":17,"column":31}},"loc":{"start":{"line":17,"column":56},"end":{"line":32,"column":null}},"line":17}},"branchMap":{"0":{"loc":{"start":{"line":18,"column":2},"end":{"line":31,"column":null}},"type":"switch","locations":[{"start":{"line":19,"column":4},"end":{"line":20,"column":null}},{"start":{"line":21,"column":4},"end":{"line":22,"column":null}},{"start":{"line":23,"column":4},"end":{"line":24,"column":null}},{"start":{"line":25,"column":4},"end":{"line":26,"column":null}},{"start":{"line":27,"column":4},"end":{"line":28,"column":null}},{"start":{"line":29,"column":4},"end":{"line":30,"column":null}}],"line":18}},"s":{"0":1,"1":6,"2":1,"3":1,"4":0,"5":1,"6":1,"7":2},"f":{"0":6},"b":{"0":[1,1,0,1,1,2]},"meta":{"lastBranch":1,"lastFunction":1,"lastStatement":8,"seen":{"s:17:30:32:Infinity":0,"f:17:30:17:31":0,"b:19:4:20:Infinity:21:4:22:Infinity:23:4:24:Infinity:25:4:26:Infinity:27:4:28:Infinity:29:4:30:Infinity":0,"s:18:2:31:Infinity":1,"s:20:6:20:Infinity":2,"s:22:6:22:Infinity":3,"s:24:6:24:Infinity":4,"s:26:6:26:Infinity":5,"s:28:6:28:Infinity":6,"s:30:6:30:Infinity":7}}}
}
