{"total": {"lines":{"total":278,"covered":275,"skipped":0,"pct":98.92},"statements":{"total":279,"covered":276,"skipped":0,"pct":98.92},"functions":{"total":27,"covered":27,"skipped":0,"pct":100},"branches":{"total":178,"covered":161,"skipped":0,"pct":90.44},"branchesTrue":{"total":0,"covered":0,"skipped":0,"pct":100}}
,"/home/runner/work/public-smart-food-logger/public-smart-food-logger/backend/src/health.ts": {"lines":{"total":12,"covered":12,"skipped":0,"pct":100},"functions":{"total":1,"covered":1,"skipped":0,"pct":100},"statements":{"total":12,"covered":12,"skipped":0,"pct":100},"branches":{"total":4,"covered":4,"skipped":0,"pct":100}}
,"/home/runner/work/public-smart-food-logger/public-smart-food-logger/backend/src/recaptcha.ts": {"lines":{"total":46,"covered":46,"skipped":0,"pct":100},"functions":{"total":2,"covered":2,"skipped":0,"pct":100},"statements":{"total":46,"covered":46,"skipped":0,"pct":100},"branches":{"total":20,"covered":19,"skipped":0,"pct":95}}
,"/home/runner/work/public-smart-food-logger/public-smart-food-logger/backend/src/handlers/foodlog.ts": {"lines":{"total":49,"covered":48,"skipped":0,"pct":97.95},"functions":{"total":2,"covered":2,"skipped":0,"pct":100},"statements":{"total":49,"covered":48,"skipped":0,"pct":97.95},"branches":{"total":33,"covered":31,"skipped":0,"pct":93.93}}
,"/home/runner/work/public-smart-food-logger/public-smart-food-logger/backend/src/handlers/oauth.ts": {"lines":{"total":69,"covered":67,"skipped":0,"pct":97.1},"functions":{"total":6,"covered":6,"skipped":0,"pct":100},"statements":{"total":69,"covered":67,"skipped":0,"pct":97.1},"branches":{"total":44,"covered":40,"skipped":0,"pct":90.9}}
,"/home/runner/work/public-smart-food-logger/public-smart-food-logger/backend/src/repositories/firebaseRepository.ts": {"lines":{"total":20,"covered":20,"skipped":0,"pct":100},"functions":{"total":3,"covered":3,"skipped":0,"pct":100},"statements":{"total":20,"covered":20,"skipped":0,"pct":100},"branches":{"total":6,"covered":5,"skipped":0,"pct":83.33}}
,"/home/runner/work/public-smart-food-logger/public-smart-food-logger/backend/src/services/fitbitService.ts": {"lines":{"total":73,"covered":73,"skipped":0,"pct":100},"functions":{"total":7,"covered":7,"skipped":0,"pct":100},"statements":{"total":74,"covered":74,"skipped":0,"pct":100},"branches":{"total":60,"covered":51,"skipped":0,"pct":85}}
,"/home/runner/work/public-smart-food-logger/public-smart-food-logger/backend/src/utils/errors.ts": {"lines":{"total":9,"covered":9,"skipped":0,"pct":100},"functions":{"total":6,"covered":6,"skipped":0,"pct":100},"statements":{"total":9,"covered":9,"skipped":0,"pct":100},"branches":{"total":11,"covered":11,"skipped":0,"pct":100}}
}
