{"total": {"lines":{"total":354,"covered":342,"skipped":0,"pct":96.61},"statements":{"total":355,"covered":343,"skipped":0,"pct":96.61},"functions":{"total":30,"covered":30,"skipped":0,"pct":100},"branches":{"total":221,"covered":197,"skipped":0,"pct":89.14},"branchesTrue":{"total":0,"covered":0,"skipped":0,"pct":100}}
,"/home/runner/work/public-smart-food-logger/public-smart-food-logger/backend/src/health.ts": {"lines":{"total":12,"covered":12,"skipped":0,"pct":100},"functions":{"total":1,"covered":1,"skipped":0,"pct":100},"statements":{"total":12,"covered":12,"skipped":0,"pct":100},"branches":{"total":4,"covered":4,"skipped":0,"pct":100}}
,"/home/runner/work/public-smart-food-logger/public-smart-food-logger/backend/src/recaptcha.ts": {"lines":{"total":46,"covered":46,"skipped":0,"pct":100},"functions":{"total":2,"covered":2,"skipped":0,"pct":100},"statements":{"total":46,"covered":46,"skipped":0,"pct":100},"branches":{"total":20,"covered":19,"skipped":0,"pct":95}}
,"/home/runner/work/public-smart-food-logger/public-smart-food-logger/backend/src/handlers/foodlog.ts": {"lines":{"total":49,"covered":48,"skipped":0,"pct":97.95},"functions":{"total":2,"covered":2,"skipped":0,"pct":100},"statements":{"total":49,"covered":48,"skipped":0,"pct":97.95},"branches":{"total":33,"covered":31,"skipped":0,"pct":93.93}}
,"/home/runner/work/public-smart-food-logger/public-smart-food-logger/backend/src/handlers/oauth.ts": {"lines":{"total":69,"covered":62,"skipped":0,"pct":89.85},"functions":{"total":6,"covered":6,"skipped":0,"pct":100},"statements":{"total":69,"covered":62,"skipped":0,"pct":89.85},"branches":{"total":44,"covered":37,"skipped":0,"pct":84.09}}
,"/home/runner/work/public-smart-food-logger/public-smart-food-logger/backend/src/handlers/webhookHandler.ts": {"lines":{"total":79,"covered":76,"skipped":0,"pct":96.2},"functions":{"total":4,"covered":4,"skipped":0,"pct":100},"statements":{"total":79,"covered":76,"skipped":0,"pct":96.2},"branches":{"total":51,"covered":48,"skipped":0,"pct":94.11}}
,"/home/runner/work/public-smart-food-logger/public-smart-food-logger/backend/src/repositories/firebaseRepository.ts": {"lines":{"total":20,"covered":20,"skipped":0,"pct":100},"functions":{"total":3,"covered":3,"skipped":0,"pct":100},"statements":{"total":20,"covered":20,"skipped":0,"pct":100},"branches":{"total":6,"covered":5,"skipped":0,"pct":83.33}}
,"/home/runner/work/public-smart-food-logger/public-smart-food-logger/backend/src/services/fitbitService.ts": {"lines":{"total":70,"covered":69,"skipped":0,"pct":98.57},"functions":{"total":6,"covered":6,"skipped":0,"pct":100},"statements":{"total":71,"covered":70,"skipped":0,"pct":98.59},"branches":{"total":52,"covered":42,"skipped":0,"pct":80.76}}
,"/home/runner/work/public-smart-food-logger/public-smart-food-logger/backend/src/utils/errors.ts": {"lines":{"total":9,"covered":9,"skipped":0,"pct":100},"functions":{"total":6,"covered":6,"skipped":0,"pct":100},"statements":{"total":9,"covered":9,"skipped":0,"pct":100},"branches":{"total":11,"covered":11,"skipped":0,"pct":100}}
}
