{"/home/runner/work/public-smart-food-logger/public-smart-food-logger/backend/src/health.ts": {"path":"/home/runner/work/public-smart-food-logger/public-smart-food-logger/backend/src/health.ts","statementMap":{"0":{"start":{"line":3,"column":43},"end":{"line":25,"column":null}},"1":{"start":{"line":5,"column":2},"end":{"line":5,"column":null}},"2":{"start":{"line":6,"column":2},"end":{"line":6,"column":null}},"3":{"start":{"line":7,"column":2},"end":{"line":7,"column":null}},"4":{"start":{"line":8,"column":2},"end":{"line":8,"column":null}},"5":{"start":{"line":10,"column":2},"end":{"line":13,"column":null}},"6":{"start":{"line":11,"column":4},"end":{"line":11,"column":null}},"7":{"start":{"line":12,"column":4},"end":{"line":12,"column":null}},"8":{"start":{"line":15,"column":2},"end":{"line":18,"column":null}},"9":{"start":{"line":16,"column":4},"end":{"line":16,"column":null}},"10":{"start":{"line":17,"column":4},"end":{"line":17,"column":null}},"11":{"start":{"line":20,"column":2},"end":{"line":24,"column":null}}},"fnMap":{"0":{"name":"(anonymous_0)","decl":{"start":{"line":3,"column":43},"end":{"line":3,"column":44}},"loc":{"start":{"line":3,"column":57},"end":{"line":25,"column":null}},"line":3}},"branchMap":{"0":{"loc":{"start":{"line":10,"column":2},"end":{"line":13,"column":null}},"type":"if","locations":[{"start":{"line":10,"column":2},"end":{"line":13,"column":null}},{"start":{},"end":{}}],"line":10},"1":{"loc":{"start":{"line":15,"column":2},"end":{"line":18,"column":null}},"type":"if","locations":[{"start":{"line":15,"column":2},"end":{"line":18,"column":null}},{"start":{},"end":{}}],"line":15}},"s":{"0":0,"1":0,"2":0,"3":0,"4":0,"5":0,"6":0,"7":0,"8":0,"9":0,"10":0,"11":0},"f":{"0":0},"b":{"0":[0,0],"1":[0,0]},"meta":{"lastBranch":2,"lastFunction":1,"lastStatement":12,"seen":{"s:3:43:25:Infinity":0,"f:3:43:3:44":0,"s:5:2:5:Infinity":1,"s:6:2:6:Infinity":2,"s:7:2:7:Infinity":3,"s:8:2:8:Infinity":4,"b:10:2:13:Infinity:undefined:undefined:undefined:undefined":0,"s:10:2:13:Infinity":5,"s:11:4:11:Infinity":6,"s:12:4:12:Infinity":7,"b:15:2:18:Infinity:undefined:undefined:undefined:undefined":1,"s:15:2:18:Infinity":8,"s:16:4:16:Infinity":9,"s:17:4:17:Infinity":10,"s:20:2:24:Infinity":11}}}
,"/home/runner/work/public-smart-food-logger/public-smart-food-logger/backend/src/recaptcha.ts": {"path":"/home/runner/work/public-smart-food-logger/public-smart-food-logger/backend/src/recaptcha.ts","statementMap":{"0":{"start":{"line":5,"column":60},"end":{"line":7,"column":null}},"1":{"start":{"line":9,"column":47},"end":{"line":45,"column":null}},"2":{"start":{"line":11,"column":2},"end":{"line":11,"column":null}},"3":{"start":{"line":12,"column":2},"end":{"line":12,"column":null}},"4":{"start":{"line":13,"column":2},"end":{"line":13,"column":null}},"5":{"start":{"line":14,"column":2},"end":{"line":14,"column":null}},"6":{"start":{"line":16,"column":2},"end":{"line":19,"column":null}},"7":{"start":{"line":17,"column":4},"end":{"line":17,"column":null}},"8":{"start":{"line":18,"column":4},"end":{"line":18,"column":null}},"9":{"start":{"line":21,"column":2},"end":{"line":24,"column":null}},"10":{"start":{"line":22,"column":4},"end":{"line":22,"column":null}},"11":{"start":{"line":23,"column":4},"end":{"line":23,"column":null}},"12":{"start":{"line":26,"column":28},"end":{"line":26,"column":null}},"13":{"start":{"line":28,"column":2},"end":{"line":31,"column":null}},"14":{"start":{"line":29,"column":4},"end":{"line":29,"column":null}},"15":{"start":{"line":30,"column":4},"end":{"line":30,"column":null}},"16":{"start":{"line":33,"column":26},"end":{"line":33,"column":null}},"17":{"start":{"line":36,"column":20},"end":{"line":36,"column":null}},"18":{"start":{"line":38,"column":2},"end":{"line":44,"column":null}},"19":{"start":{"line":39,"column":20},"end":{"line":39,"column":null}},"20":{"start":{"line":40,"column":4},"end":{"line":40,"column":null}},"21":{"start":{"line":42,"column":4},"end":{"line":42,"column":null}},"22":{"start":{"line":43,"column":4},"end":{"line":43,"column":null}},"23":{"start":{"line":60,"column":17},"end":{"line":60,"column":null}},"24":{"start":{"line":61,"column":2},"end":{"line":65,"column":null}},"25":{"start":{"line":63,"column":4},"end":{"line":63,"column":null}},"26":{"start":{"line":64,"column":4},"end":{"line":64,"column":null}},"27":{"start":{"line":67,"column":2},"end":{"line":137,"column":null}},"28":{"start":{"line":68,"column":19},"end":{"line":68,"column":null}},"29":{"start":{"line":69,"column":4},"end":{"line":69,"column":null}},"30":{"start":{"line":70,"column":4},"end":{"line":70,"column":null}},"31":{"start":{"line":72,"column":21},"end":{"line":78,"column":null}},"32":{"start":{"line":80,"column":18},"end":{"line":80,"column":null}},"33":{"start":{"line":89,"column":4},"end":{"line":103,"column":null}},"34":{"start":{"line":105,"column":4},"end":{"line":108,"column":null}},"35":{"start":{"line":106,"column":6},"end":{"line":106,"column":null}},"36":{"start":{"line":107,"column":6},"end":{"line":107,"column":null}},"37":{"start":{"line":110,"column":4},"end":{"line":115,"column":null}},"38":{"start":{"line":111,"column":6},"end":{"line":113,"column":null}},"39":{"start":{"line":114,"column":6},"end":{"line":114,"column":null}},"40":{"start":{"line":117,"column":4},"end":{"line":122,"column":null}},"41":{"start":{"line":118,"column":6},"end":{"line":120,"column":null}},"42":{"start":{"line":121,"column":6},"end":{"line":121,"column":null}},"43":{"start":{"line":124,"column":4},"end":{"line":124,"column":null}},"44":{"start":{"line":127,"column":4},"end":{"line":135,"column":null}},"45":{"start":{"line":136,"column":4},"end":{"line":136,"column":null}}},"fnMap":{"0":{"name":"(anonymous_0)","decl":{"start":{"line":9,"column":47},"end":{"line":9,"column":54}},"loc":{"start":{"line":9,"column":67},"end":{"line":45,"column":null}},"line":9},"1":{"name":"verifyRecaptcha","decl":{"start":{"line":55,"column":22},"end":{"line":55,"column":null}},"loc":{"start":{"line":59,"column":20},"end":{"line":138,"column":null}},"line":59}},"branchMap":{"0":{"loc":{"start":{"line":16,"column":2},"end":{"line":19,"column":null}},"type":"if","locations":[{"start":{"line":16,"column":2},"end":{"line":19,"column":null}},{"start":{},"end":{}}],"line":16},"1":{"loc":{"start":{"line":21,"column":2},"end":{"line":24,"column":null}},"type":"if","locations":[{"start":{"line":21,"column":2},"end":{"line":24,"column":null}},{"start":{},"end":{}}],"line":21},"2":{"loc":{"start":{"line":28,"column":2},"end":{"line":31,"column":null}},"type":"if","locations":[{"start":{"line":28,"column":2},"end":{"line":31,"column":null}},{"start":{},"end":{}}],"line":28},"3":{"loc":{"start":{"line":33,"column":26},"end":{"line":33,"column":null}},"type":"cond-expr","locations":[{"start":{"line":33,"column":55},"end":{"line":33,"column":64}},{"start":{"line":33,"column":64},"end":{"line":33,"column":null}}],"line":33},"4":{"loc":{"start":{"line":36,"column":20},"end":{"line":36,"column":null}},"type":"binary-expr","locations":[{"start":{"line":36,"column":20},"end":{"line":36,"column":61}},{"start":{"line":36,"column":61},"end":{"line":36,"column":null}}],"line":36},"5":{"loc":{"start":{"line":61,"column":2},"end":{"line":65,"column":null}},"type":"if","locations":[{"start":{"line":61,"column":2},"end":{"line":65,"column":null}},{"start":{},"end":{}}],"line":61},"6":{"loc":{"start":{"line":105,"column":4},"end":{"line":108,"column":null}},"type":"if","locations":[{"start":{"line":105,"column":4},"end":{"line":108,"column":null}},{"start":{},"end":{}}],"line":105},"7":{"loc":{"start":{"line":110,"column":4},"end":{"line":115,"column":null}},"type":"if","locations":[{"start":{"line":110,"column":4},"end":{"line":115,"column":null}},{"start":{},"end":{}}],"line":110},"8":{"loc":{"start":{"line":117,"column":4},"end":{"line":122,"column":null}},"type":"if","locations":[{"start":{"line":117,"column":4},"end":{"line":122,"column":null}},{"start":{},"end":{}}],"line":117},"9":{"loc":{"start":{"line":133,"column":15},"end":{"line":133,"column":null}},"type":"cond-expr","locations":[{"start":{"line":133,"column":40},"end":{"line":133,"column":56}},{"start":{"line":133,"column":56},"end":{"line":133,"column":null}}],"line":133}},"s":{"0":1,"1":1,"2":0,"3":0,"4":0,"5":0,"6":0,"7":0,"8":0,"9":0,"10":0,"11":0,"12":0,"13":0,"14":0,"15":0,"16":0,"17":0,"18":0,"19":0,"20":0,"21":0,"22":0,"23":6,"24":6,"25":1,"26":1,"27":5,"28":5,"29":5,"30":5,"31":5,"32":4,"33":4,"34":4,"35":1,"36":1,"37":3,"38":1,"39":1,"40":2,"41":1,"42":1,"43":1,"44":1,"45":1},"f":{"0":0,"1":6},"b":{"0":[0,0],"1":[0,0],"2":[0,0],"3":[0,0],"4":[0,0],"5":[1,5],"6":[1,3],"7":[1,2],"8":[1,1],"9":[1,0]},"meta":{"lastBranch":10,"lastFunction":2,"lastStatement":46,"seen":{"s:5:60:7:Infinity":0,"s:9:47:45:Infinity":1,"f:9:47:9:54":0,"s:11:2:11:Infinity":2,"s:12:2:12:Infinity":3,"s:13:2:13:Infinity":4,"s:14:2:14:Infinity":5,"b:16:2:19:Infinity:undefined:undefined:undefined:undefined":0,"s:16:2:19:Infinity":6,"s:17:4:17:Infinity":7,"s:18:4:18:Infinity":8,"b:21:2:24:Infinity:undefined:undefined:undefined:undefined":1,"s:21:2:24:Infinity":9,"s:22:4:22:Infinity":10,"s:23:4:23:Infinity":11,"s:26:28:26:Infinity":12,"b:28:2:31:Infinity:undefined:undefined:undefined:undefined":2,"s:28:2:31:Infinity":13,"s:29:4:29:Infinity":14,"s:30:4:30:Infinity":15,"s:33:26:33:Infinity":16,"b:33:55:33:64:33:64:33:Infinity":3,"s:36:20:36:Infinity":17,"b:36:20:36:61:36:61:36:Infinity":4,"s:38:2:44:Infinity":18,"s:39:20:39:Infinity":19,"s:40:4:40:Infinity":20,"s:42:4:42:Infinity":21,"s:43:4:43:Infinity":22,"f:55:22:55:Infinity":1,"s:60:17:60:Infinity":23,"b:61:2:65:Infinity:undefined:undefined:undefined:undefined":5,"s:61:2:65:Infinity":24,"s:63:4:63:Infinity":25,"s:64:4:64:Infinity":26,"s:67:2:137:Infinity":27,"s:68:19:68:Infinity":28,"s:69:4:69:Infinity":29,"s:70:4:70:Infinity":30,"s:72:21:78:Infinity":31,"s:80:18:80:Infinity":32,"s:89:4:103:Infinity":33,"b:105:4:108:Infinity:undefined:undefined:undefined:undefined":6,"s:105:4:108:Infinity":34,"s:106:6:106:Infinity":35,"s:107:6:107:Infinity":36,"b:110:4:115:Infinity:undefined:undefined:undefined:undefined":7,"s:110:4:115:Infinity":37,"s:111:6:113:Infinity":38,"s:114:6:114:Infinity":39,"b:117:4:122:Infinity:undefined:undefined:undefined:undefined":8,"s:117:4:122:Infinity":40,"s:118:6:120:Infinity":41,"s:121:6:121:Infinity":42,"s:124:4:124:Infinity":43,"s:127:4:135:Infinity":44,"b:133:40:133:56:133:56:133:Infinity":9,"s:136:4:136:Infinity":45}}}
,"/home/runner/work/public-smart-food-logger/public-smart-food-logger/backend/src/handlers/foodlog.ts": {"path":"/home/runner/work/public-smart-food-logger/public-smart-food-logger/backend/src/handlers/foodlog.ts","statementMap":{"0":{"start":{"line":24,"column":44},"end":{"line":139,"column":null}},"1":{"start":{"line":26,"column":2},"end":{"line":28,"column":null}},"2":{"start":{"line":27,"column":4},"end":{"line":27,"column":null}},"3":{"start":{"line":31,"column":2},"end":{"line":31,"column":null}},"4":{"start":{"line":32,"column":2},"end":{"line":32,"column":null}},"5":{"start":{"line":33,"column":2},"end":{"line":33,"column":null}},"6":{"start":{"line":36,"column":2},"end":{"line":39,"column":null}},"7":{"start":{"line":37,"column":4},"end":{"line":37,"column":null}},"8":{"start":{"line":38,"column":4},"end":{"line":38,"column":null}},"9":{"start":{"line":41,"column":2},"end":{"line":138,"column":null}},"10":{"start":{"line":43,"column":21},"end":{"line":43,"column":null}},"11":{"start":{"line":44,"column":25},"end":{"line":44,"column":null}},"12":{"start":{"line":46,"column":4},"end":{"line":50,"column":null}},"13":{"start":{"line":47,"column":6},"end":{"line":49,"column":null}},"14":{"start":{"line":53,"column":4},"end":{"line":119,"column":null}},"15":{"start":{"line":54,"column":25},"end":{"line":54,"column":null}},"16":{"start":{"line":55,"column":6},"end":{"line":59,"column":null}},"17":{"start":{"line":56,"column":8},"end":{"line":58,"column":null}},"18":{"start":{"line":60,"column":22},"end":{"line":60,"column":null}},"19":{"start":{"line":63,"column":27},"end":{"line":63,"column":null}},"20":{"start":{"line":64,"column":26},"end":{"line":64,"column":null}},"21":{"start":{"line":66,"column":28},"end":{"line":66,"column":null}},"22":{"start":{"line":68,"column":6},"end":{"line":76,"column":null}},"23":{"start":{"line":73,"column":8},"end":{"line":75,"column":null}},"24":{"start":{"line":78,"column":21},"end":{"line":78,"column":null}},"25":{"start":{"line":79,"column":6},"end":{"line":83,"column":null}},"26":{"start":{"line":80,"column":8},"end":{"line":82,"column":null}},"27":{"start":{"line":87,"column":6},"end":{"line":96,"column":null}},"28":{"start":{"line":88,"column":8},"end":{"line":88,"column":null}},"29":{"start":{"line":89,"column":8},"end":{"line":93,"column":null}},"30":{"start":{"line":95,"column":8},"end":{"line":95,"column":null}},"31":{"start":{"line":99,"column":27},"end":{"line":99,"column":null}},"32":{"start":{"line":100,"column":6},"end":{"line":105,"column":null}},"33":{"start":{"line":101,"column":8},"end":{"line":104,"column":null}},"34":{"start":{"line":107,"column":30},"end":{"line":111,"column":null}},"35":{"start":{"line":113,"column":6},"end":{"line":117,"column":null}},"36":{"start":{"line":118,"column":6},"end":{"line":118,"column":null}},"37":{"start":{"line":121,"column":4},"end":{"line":121,"column":null}},"38":{"start":{"line":123,"column":4},"end":{"line":123,"column":null}},"39":{"start":{"line":124,"column":4},"end":{"line":133,"column":null}},"40":{"start":{"line":125,"column":6},"end":{"line":125,"column":null}},"41":{"start":{"line":126,"column":6},"end":{"line":126,"column":null}},"42":{"start":{"line":127,"column":4},"end":{"line":133,"column":null}},"43":{"start":{"line":131,"column":6},"end":{"line":131,"column":null}},"44":{"start":{"line":132,"column":6},"end":{"line":132,"column":null}},"45":{"start":{"line":134,"column":4},"end":{"line":136,"column":null}},"46":{"start":{"line":137,"column":4},"end":{"line":137,"column":null}}},"fnMap":{"0":{"name":"(anonymous_0)","decl":{"start":{"line":24,"column":44},"end":{"line":24,"column":51}},"loc":{"start":{"line":24,"column":64},"end":{"line":139,"column":null}},"line":24}},"branchMap":{"0":{"loc":{"start":{"line":26,"column":2},"end":{"line":28,"column":null}},"type":"if","locations":[{"start":{"line":26,"column":2},"end":{"line":28,"column":null}},{"start":{},"end":{}}],"line":26},"1":{"loc":{"start":{"line":36,"column":2},"end":{"line":39,"column":null}},"type":"if","locations":[{"start":{"line":36,"column":2},"end":{"line":39,"column":null}},{"start":{},"end":{}}],"line":36},"2":{"loc":{"start":{"line":46,"column":4},"end":{"line":50,"column":null}},"type":"if","locations":[{"start":{"line":46,"column":4},"end":{"line":50,"column":null}},{"start":{},"end":{}}],"line":46},"3":{"loc":{"start":{"line":46,"column":8},"end":{"line":46,"column":36}},"type":"binary-expr","locations":[{"start":{"line":46,"column":8},"end":{"line":46,"column":21}},{"start":{"line":46,"column":21},"end":{"line":46,"column":36}}],"line":46},"4":{"loc":{"start":{"line":53,"column":4},"end":{"line":119,"column":null}},"type":"if","locations":[{"start":{"line":53,"column":4},"end":{"line":119,"column":null}},{"start":{},"end":{}}],"line":53},"5":{"loc":{"start":{"line":55,"column":6},"end":{"line":59,"column":null}},"type":"if","locations":[{"start":{"line":55,"column":6},"end":{"line":59,"column":null}},{"start":{},"end":{}}],"line":55},"6":{"loc":{"start":{"line":55,"column":10},"end":{"line":55,"column":60}},"type":"binary-expr","locations":[{"start":{"line":55,"column":10},"end":{"line":55,"column":25}},{"start":{"line":55,"column":25},"end":{"line":55,"column":60}}],"line":55},"7":{"loc":{"start":{"line":68,"column":6},"end":{"line":76,"column":null}},"type":"if","locations":[{"start":{"line":68,"column":6},"end":{"line":76,"column":null}},{"start":{},"end":{}}],"line":68},"8":{"loc":{"start":{"line":69,"column":8},"end":{"line":71,"column":null}},"type":"binary-expr","locations":[{"start":{"line":69,"column":8},"end":{"line":69,"column":null}},{"start":{"line":70,"column":8},"end":{"line":70,"column":null}},{"start":{"line":71,"column":8},"end":{"line":71,"column":null}}],"line":69},"9":{"loc":{"start":{"line":79,"column":6},"end":{"line":83,"column":null}},"type":"if","locations":[{"start":{"line":79,"column":6},"end":{"line":83,"column":null}},{"start":{},"end":{}}],"line":79},"10":{"loc":{"start":{"line":87,"column":6},"end":{"line":96,"column":null}},"type":"if","locations":[{"start":{"line":87,"column":6},"end":{"line":96,"column":null}},{"start":{"line":94,"column":13},"end":{"line":96,"column":null}}],"line":87},"11":{"loc":{"start":{"line":100,"column":6},"end":{"line":105,"column":null}},"type":"if","locations":[{"start":{"line":100,"column":6},"end":{"line":105,"column":null}},{"start":{},"end":{}}],"line":100},"12":{"loc":{"start":{"line":124,"column":4},"end":{"line":133,"column":null}},"type":"if","locations":[{"start":{"line":124,"column":4},"end":{"line":133,"column":null}},{"start":{"line":127,"column":4},"end":{"line":133,"column":null}}],"line":124},"13":{"loc":{"start":{"line":127,"column":4},"end":{"line":133,"column":null}},"type":"if","locations":[{"start":{"line":127,"column":4},"end":{"line":133,"column":null}},{"start":{},"end":{}}],"line":127},"14":{"loc":{"start":{"line":128,"column":6},"end":{"line":129,"column":null}},"type":"binary-expr","locations":[{"start":{"line":128,"column":6},"end":{"line":128,"column":null}},{"start":{"line":129,"column":6},"end":{"line":129,"column":null}}],"line":128},"15":{"loc":{"start":{"line":136,"column":21},"end":{"line":136,"column":75}},"type":"binary-expr","locations":[{"start":{"line":136,"column":21},"end":{"line":136,"column":38}},{"start":{"line":136,"column":38},"end":{"line":136,"column":75}}],"line":136}},"s":{"0":0,"1":0,"2":0,"3":0,"4":0,"5":0,"6":0,"7":0,"8":0,"9":0,"10":0,"11":0,"12":0,"13":0,"14":0,"15":0,"16":0,"17":0,"18":0,"19":0,"20":0,"21":0,"22":0,"23":0,"24":0,"25":0,"26":0,"27":0,"28":0,"29":0,"30":0,"31":0,"32":0,"33":0,"34":0,"35":0,"36":0,"37":0,"38":0,"39":0,"40":0,"41":0,"42":0,"43":0,"44":0,"45":0,"46":0},"f":{"0":0},"b":{"0":[0,0],"1":[0,0],"2":[0,0],"3":[0,0],"4":[0,0],"5":[0,0],"6":[0,0],"7":[0,0],"8":[0,0,0],"9":[0,0],"10":[0,0],"11":[0,0],"12":[0,0],"13":[0,0],"14":[0,0],"15":[0,0]},"meta":{"lastBranch":16,"lastFunction":1,"lastStatement":47,"seen":{"s:24:44:139:Infinity":0,"f:24:44:24:51":0,"b:26:2:28:Infinity:undefined:undefined:undefined:undefined":0,"s:26:2:28:Infinity":1,"s:27:4:27:Infinity":2,"s:31:2:31:Infinity":3,"s:32:2:32:Infinity":4,"s:33:2:33:Infinity":5,"b:36:2:39:Infinity:undefined:undefined:undefined:undefined":1,"s:36:2:39:Infinity":6,"s:37:4:37:Infinity":7,"s:38:4:38:Infinity":8,"s:41:2:138:Infinity":9,"s:43:21:43:Infinity":10,"s:44:25:44:Infinity":11,"b:46:4:50:Infinity:undefined:undefined:undefined:undefined":2,"s:46:4:50:Infinity":12,"b:46:8:46:21:46:21:46:36":3,"s:47:6:49:Infinity":13,"b:53:4:119:Infinity:undefined:undefined:undefined:undefined":4,"s:53:4:119:Infinity":14,"s:54:25:54:Infinity":15,"b:55:6:59:Infinity:undefined:undefined:undefined:undefined":5,"s:55:6:59:Infinity":16,"b:55:10:55:25:55:25:55:60":6,"s:56:8:58:Infinity":17,"s:60:22:60:Infinity":18,"s:63:27:63:Infinity":19,"s:64:26:64:Infinity":20,"s:66:28:66:Infinity":21,"b:68:6:76:Infinity:undefined:undefined:undefined:undefined":7,"s:68:6:76:Infinity":22,"b:69:8:69:Infinity:70:8:70:Infinity:71:8:71:Infinity":8,"s:73:8:75:Infinity":23,"s:78:21:78:Infinity":24,"b:79:6:83:Infinity:undefined:undefined:undefined:undefined":9,"s:79:6:83:Infinity":25,"s:80:8:82:Infinity":26,"b:87:6:96:Infinity:94:13:96:Infinity":10,"s:87:6:96:Infinity":27,"s:88:8:88:Infinity":28,"s:89:8:93:Infinity":29,"s:95:8:95:Infinity":30,"s:99:27:99:Infinity":31,"b:100:6:105:Infinity:undefined:undefined:undefined:undefined":11,"s:100:6:105:Infinity":32,"s:101:8:104:Infinity":33,"s:107:30:111:Infinity":34,"s:113:6:117:Infinity":35,"s:118:6:118:Infinity":36,"s:121:4:121:Infinity":37,"s:123:4:123:Infinity":38,"b:124:4:133:Infinity:127:4:133:Infinity":12,"s:124:4:133:Infinity":39,"s:125:6:125:Infinity":40,"s:126:6:126:Infinity":41,"b:127:4:133:Infinity:undefined:undefined:undefined:undefined":13,"s:127:4:133:Infinity":42,"b:128:6:128:Infinity:129:6:129:Infinity":14,"s:131:6:131:Infinity":43,"s:132:6:132:Infinity":44,"s:134:4:136:Infinity":45,"b:136:21:136:38:136:38:136:75":15,"s:137:4:137:Infinity":46}}}
,"/home/runner/work/public-smart-food-logger/public-smart-food-logger/backend/src/handlers/oauth.ts": {"path":"/home/runner/work/public-smart-food-logger/public-smart-food-logger/backend/src/handlers/oauth.ts","statementMap":{"0":{"start":{"line":13,"column":27},"end":{"line":54,"column":null}},"1":{"start":{"line":14,"column":2},"end":{"line":53,"column":null}},"2":{"start":{"line":15,"column":16},"end":{"line":15,"column":null}},"3":{"start":{"line":19,"column":6},"end":{"line":19,"column":null}},"4":{"start":{"line":20,"column":4},"end":{"line":22,"column":null}},"5":{"start":{"line":21,"column":6},"end":{"line":21,"column":null}},"6":{"start":{"line":24,"column":4},"end":{"line":26,"column":null}},"7":{"start":{"line":25,"column":6},"end":{"line":25,"column":null}},"8":{"start":{"line":29,"column":10},"end":{"line":32,"column":null}},"9":{"start":{"line":31,"column":23},"end":{"line":31,"column":36}},"10":{"start":{"line":32,"column":26},"end":{"line":32,"column":43}},"11":{"start":{"line":34,"column":27},"end":{"line":34,"column":null}},"12":{"start":{"line":37,"column":4},"end":{"line":39,"column":null}},"13":{"start":{"line":38,"column":6},"end":{"line":38,"column":null}},"14":{"start":{"line":43,"column":4},"end":{"line":48,"column":null}},"15":{"start":{"line":44,"column":20},"end":{"line":44,"column":null}},"16":{"start":{"line":45,"column":6},"end":{"line":47,"column":null}},"17":{"start":{"line":46,"column":8},"end":{"line":46,"column":null}},"18":{"start":{"line":50,"column":4},"end":{"line":50,"column":null}},"19":{"start":{"line":52,"column":4},"end":{"line":52,"column":null}},"20":{"start":{"line":62,"column":42},"end":{"line":164,"column":null}},"21":{"start":{"line":64,"column":2},"end":{"line":64,"column":null}},"22":{"start":{"line":65,"column":2},"end":{"line":65,"column":null}},"23":{"start":{"line":66,"column":2},"end":{"line":66,"column":null}},"24":{"start":{"line":69,"column":2},"end":{"line":72,"column":null}},"25":{"start":{"line":70,"column":4},"end":{"line":70,"column":null}},"26":{"start":{"line":71,"column":4},"end":{"line":71,"column":null}},"27":{"start":{"line":74,"column":2},"end":{"line":163,"column":null}},"28":{"start":{"line":76,"column":21},"end":{"line":76,"column":null}},"29":{"start":{"line":77,"column":25},"end":{"line":77,"column":null}},"30":{"start":{"line":80,"column":4},"end":{"line":84,"column":null}},"31":{"start":{"line":81,"column":6},"end":{"line":83,"column":null}},"32":{"start":{"line":86,"column":4},"end":{"line":90,"column":null}},"33":{"start":{"line":87,"column":6},"end":{"line":89,"column":null}},"34":{"start":{"line":93,"column":4},"end":{"line":144,"column":null}},"35":{"start":{"line":94,"column":20},"end":{"line":94,"column":null}},"36":{"start":{"line":95,"column":6},"end":{"line":99,"column":null}},"37":{"start":{"line":96,"column":8},"end":{"line":98,"column":null}},"38":{"start":{"line":102,"column":6},"end":{"line":115,"column":null}},"39":{"start":{"line":106,"column":29},"end":{"line":108,"column":null}},"40":{"start":{"line":109,"column":8},"end":{"line":109,"column":null}},"41":{"start":{"line":110,"column":8},"end":{"line":110,"column":null}},"42":{"start":{"line":112,"column":8},"end":{"line":114,"column":null}},"43":{"start":{"line":117,"column":6},"end":{"line":119,"column":null}},"44":{"start":{"line":118,"column":8},"end":{"line":118,"column":null}},"45":{"start":{"line":121,"column":6},"end":{"line":126,"column":null}},"46":{"start":{"line":128,"column":6},"end":{"line":137,"column":null}},"47":{"start":{"line":129,"column":8},"end":{"line":131,"column":null}},"48":{"start":{"line":130,"column":10},"end":{"line":130,"column":null}},"49":{"start":{"line":132,"column":28},"end":{"line":132,"column":null}},"50":{"start":{"line":134,"column":8},"end":{"line":134,"column":null}},"51":{"start":{"line":135,"column":8},"end":{"line":135,"column":null}},"52":{"start":{"line":136,"column":8},"end":{"line":136,"column":null}},"53":{"start":{"line":138,"column":6},"end":{"line":142,"column":null}},"54":{"start":{"line":143,"column":6},"end":{"line":143,"column":null}},"55":{"start":{"line":146,"column":4},"end":{"line":146,"column":null}},"56":{"start":{"line":148,"column":4},"end":{"line":148,"column":null}},"57":{"start":{"line":149,"column":4},"end":{"line":158,"column":null}},"58":{"start":{"line":150,"column":6},"end":{"line":150,"column":null}},"59":{"start":{"line":151,"column":6},"end":{"line":151,"column":null}},"60":{"start":{"line":152,"column":4},"end":{"line":158,"column":null}},"61":{"start":{"line":156,"column":6},"end":{"line":156,"column":null}},"62":{"start":{"line":157,"column":6},"end":{"line":157,"column":null}},"63":{"start":{"line":159,"column":4},"end":{"line":161,"column":null}},"64":{"start":{"line":162,"column":4},"end":{"line":162,"column":null}}},"fnMap":{"0":{"name":"(anonymous_0)","decl":{"start":{"line":13,"column":27},"end":{"line":13,"column":28}},"loc":{"start":{"line":13,"column":53},"end":{"line":54,"column":null}},"line":13},"1":{"name":"(anonymous_1)","decl":{"start":{"line":31,"column":11},"end":{"line":31,"column":12}},"loc":{"start":{"line":31,"column":23},"end":{"line":31,"column":36}},"line":31},"2":{"name":"(anonymous_2)","decl":{"start":{"line":32,"column":14},"end":{"line":32,"column":15}},"loc":{"start":{"line":32,"column":26},"end":{"line":32,"column":43}},"line":32},"3":{"name":"(anonymous_3)","decl":{"start":{"line":62,"column":42},"end":{"line":62,"column":49}},"loc":{"start":{"line":62,"column":62},"end":{"line":164,"column":null}},"line":62}},"branchMap":{"0":{"loc":{"start":{"line":19,"column":6},"end":{"line":19,"column":null}},"type":"binary-expr","locations":[{"start":{"line":19,"column":6},"end":{"line":19,"column":38}},{"start":{"line":19,"column":38},"end":{"line":19,"column":null}}],"line":19},"1":{"loc":{"start":{"line":20,"column":4},"end":{"line":22,"column":null}},"type":"if","locations":[{"start":{"line":20,"column":4},"end":{"line":22,"column":null}},{"start":{},"end":{}}],"line":20},"2":{"loc":{"start":{"line":20,"column":8},"end":{"line":20,"column":51}},"type":"binary-expr","locations":[{"start":{"line":20,"column":8},"end":{"line":20,"column":37}},{"start":{"line":20,"column":37},"end":{"line":20,"column":51}}],"line":20},"3":{"loc":{"start":{"line":24,"column":4},"end":{"line":26,"column":null}},"type":"if","locations":[{"start":{"line":24,"column":4},"end":{"line":26,"column":null}},{"start":{},"end":{}}],"line":24},"4":{"loc":{"start":{"line":29,"column":28},"end":{"line":29,"column":null}},"type":"binary-expr","locations":[{"start":{"line":29,"column":28},"end":{"line":29,"column":68}},{"start":{"line":29,"column":68},"end":{"line":29,"column":null}}],"line":29},"5":{"loc":{"start":{"line":37,"column":4},"end":{"line":39,"column":null}},"type":"if","locations":[{"start":{"line":37,"column":4},"end":{"line":39,"column":null}},{"start":{},"end":{}}],"line":37},"6":{"loc":{"start":{"line":43,"column":4},"end":{"line":48,"column":null}},"type":"if","locations":[{"start":{"line":43,"column":4},"end":{"line":48,"column":null}},{"start":{},"end":{}}],"line":43},"7":{"loc":{"start":{"line":45,"column":6},"end":{"line":47,"column":null}},"type":"if","locations":[{"start":{"line":45,"column":6},"end":{"line":47,"column":null}},{"start":{},"end":{}}],"line":45},"8":{"loc":{"start":{"line":69,"column":2},"end":{"line":72,"column":null}},"type":"if","locations":[{"start":{"line":69,"column":2},"end":{"line":72,"column":null}},{"start":{},"end":{}}],"line":69},"9":{"loc":{"start":{"line":80,"column":4},"end":{"line":84,"column":null}},"type":"if","locations":[{"start":{"line":80,"column":4},"end":{"line":84,"column":null}},{"start":{},"end":{}}],"line":80},"10":{"loc":{"start":{"line":86,"column":4},"end":{"line":90,"column":null}},"type":"if","locations":[{"start":{"line":86,"column":4},"end":{"line":90,"column":null}},{"start":{},"end":{}}],"line":86},"11":{"loc":{"start":{"line":86,"column":8},"end":{"line":86,"column":36}},"type":"binary-expr","locations":[{"start":{"line":86,"column":8},"end":{"line":86,"column":21}},{"start":{"line":86,"column":21},"end":{"line":86,"column":36}}],"line":86},"12":{"loc":{"start":{"line":93,"column":4},"end":{"line":144,"column":null}},"type":"if","locations":[{"start":{"line":93,"column":4},"end":{"line":144,"column":null}},{"start":{},"end":{}}],"line":93},"13":{"loc":{"start":{"line":93,"column":8},"end":{"line":93,"column":48}},"type":"binary-expr","locations":[{"start":{"line":93,"column":8},"end":{"line":93,"column":32}},{"start":{"line":93,"column":32},"end":{"line":93,"column":48}}],"line":93},"14":{"loc":{"start":{"line":95,"column":6},"end":{"line":99,"column":null}},"type":"if","locations":[{"start":{"line":95,"column":6},"end":{"line":99,"column":null}},{"start":{},"end":{}}],"line":95},"15":{"loc":{"start":{"line":117,"column":6},"end":{"line":119,"column":null}},"type":"if","locations":[{"start":{"line":117,"column":6},"end":{"line":119,"column":null}},{"start":{},"end":{}}],"line":117},"16":{"loc":{"start":{"line":128,"column":6},"end":{"line":137,"column":null}},"type":"if","locations":[{"start":{"line":128,"column":6},"end":{"line":137,"column":null}},{"start":{},"end":{}}],"line":128},"17":{"loc":{"start":{"line":129,"column":8},"end":{"line":131,"column":null}},"type":"if","locations":[{"start":{"line":129,"column":8},"end":{"line":131,"column":null}},{"start":{},"end":{}}],"line":129},"18":{"loc":{"start":{"line":149,"column":4},"end":{"line":158,"column":null}},"type":"if","locations":[{"start":{"line":149,"column":4},"end":{"line":158,"column":null}},{"start":{"line":152,"column":4},"end":{"line":158,"column":null}}],"line":149},"19":{"loc":{"start":{"line":152,"column":4},"end":{"line":158,"column":null}},"type":"if","locations":[{"start":{"line":152,"column":4},"end":{"line":158,"column":null}},{"start":{},"end":{}}],"line":152},"20":{"loc":{"start":{"line":153,"column":6},"end":{"line":154,"column":null}},"type":"binary-expr","locations":[{"start":{"line":153,"column":6},"end":{"line":153,"column":null}},{"start":{"line":154,"column":6},"end":{"line":154,"column":null}}],"line":153},"21":{"loc":{"start":{"line":161,"column":21},"end":{"line":161,"column":75}},"type":"binary-expr","locations":[{"start":{"line":161,"column":21},"end":{"line":161,"column":38}},{"start":{"line":161,"column":38},"end":{"line":161,"column":75}}],"line":161}},"s":{"0":1,"1":6,"2":6,"3":6,"4":6,"5":1,"6":5,"7":1,"8":4,"9":8,"10":8,"11":6,"12":6,"13":1,"14":3,"15":3,"16":3,"17":1,"18":2,"19":0,"20":1,"21":6,"22":6,"23":6,"24":6,"25":0,"26":0,"27":6,"28":6,"29":6,"30":6,"31":0,"32":6,"33":0,"34":6,"35":6,"36":6,"37":0,"38":6,"39":6,"40":6,"41":6,"42":0,"43":6,"44":0,"45":6,"46":6,"47":6,"48":3,"49":3,"50":3,"51":3,"52":3,"53":0,"54":0,"55":0,"56":3,"57":3,"58":3,"59":3,"60":0,"61":0,"62":0,"63":0,"64":3},"f":{"0":6,"1":8,"2":8,"3":6},"b":{"0":[6,5],"1":[1,5],"2":[6,2],"3":[1,4],"4":[4,0],"5":[1,5],"6":[3,0],"7":[1,2],"8":[0,6],"9":[0,6],"10":[0,6],"11":[6,6],"12":[6,0],"13":[6,6],"14":[0,6],"15":[0,6],"16":[6,0],"17":[3,3],"18":[3,0],"19":[0,0],"20":[0,0],"21":[0,0]},"meta":{"lastBranch":22,"lastFunction":4,"lastStatement":65,"seen":{"s:13:27:54:Infinity":0,"f:13:27:13:28":0,"s:14:2:53:Infinity":1,"s:15:16:15:Infinity":2,"s:19:6:19:Infinity":3,"b:19:6:19:38:19:38:19:Infinity":0,"b:20:4:22:Infinity:undefined:undefined:undefined:undefined":1,"s:20:4:22:Infinity":4,"b:20:8:20:37:20:37:20:51":2,"s:21:6:21:Infinity":5,"b:24:4:26:Infinity:undefined:undefined:undefined:undefined":3,"s:24:4:26:Infinity":6,"s:25:6:25:Infinity":7,"s:29:10:32:Infinity":8,"b:29:28:29:68:29:68:29:Infinity":4,"f:31:11:31:12":1,"s:31:23:31:36":9,"f:32:14:32:15":2,"s:32:26:32:43":10,"s:34:27:34:Infinity":11,"b:37:4:39:Infinity:undefined:undefined:undefined:undefined":5,"s:37:4:39:Infinity":12,"s:38:6:38:Infinity":13,"b:43:4:48:Infinity:undefined:undefined:undefined:undefined":6,"s:43:4:48:Infinity":14,"s:44:20:44:Infinity":15,"b:45:6:47:Infinity:undefined:undefined:undefined:undefined":7,"s:45:6:47:Infinity":16,"s:46:8:46:Infinity":17,"s:50:4:50:Infinity":18,"s:52:4:52:Infinity":19,"s:62:42:164:Infinity":20,"f:62:42:62:49":3,"s:64:2:64:Infinity":21,"s:65:2:65:Infinity":22,"s:66:2:66:Infinity":23,"b:69:2:72:Infinity:undefined:undefined:undefined:undefined":8,"s:69:2:72:Infinity":24,"s:70:4:70:Infinity":25,"s:71:4:71:Infinity":26,"s:74:2:163:Infinity":27,"s:76:21:76:Infinity":28,"s:77:25:77:Infinity":29,"b:80:4:84:Infinity:undefined:undefined:undefined:undefined":9,"s:80:4:84:Infinity":30,"s:81:6:83:Infinity":31,"b:86:4:90:Infinity:undefined:undefined:undefined:undefined":10,"s:86:4:90:Infinity":32,"b:86:8:86:21:86:21:86:36":11,"s:87:6:89:Infinity":33,"b:93:4:144:Infinity:undefined:undefined:undefined:undefined":12,"s:93:4:144:Infinity":34,"b:93:8:93:32:93:32:93:48":13,"s:94:20:94:Infinity":35,"b:95:6:99:Infinity:undefined:undefined:undefined:undefined":14,"s:95:6:99:Infinity":36,"s:96:8:98:Infinity":37,"s:102:6:115:Infinity":38,"s:106:29:108:Infinity":39,"s:109:8:109:Infinity":40,"s:110:8:110:Infinity":41,"s:112:8:114:Infinity":42,"b:117:6:119:Infinity:undefined:undefined:undefined:undefined":15,"s:117:6:119:Infinity":43,"s:118:8:118:Infinity":44,"s:121:6:126:Infinity":45,"b:128:6:137:Infinity:undefined:undefined:undefined:undefined":16,"s:128:6:137:Infinity":46,"b:129:8:131:Infinity:undefined:undefined:undefined:undefined":17,"s:129:8:131:Infinity":47,"s:130:10:130:Infinity":48,"s:132:28:132:Infinity":49,"s:134:8:134:Infinity":50,"s:135:8:135:Infinity":51,"s:136:8:136:Infinity":52,"s:138:6:142:Infinity":53,"s:143:6:143:Infinity":54,"s:146:4:146:Infinity":55,"s:148:4:148:Infinity":56,"b:149:4:158:Infinity:152:4:158:Infinity":18,"s:149:4:158:Infinity":57,"s:150:6:150:Infinity":58,"s:151:6:151:Infinity":59,"b:152:4:158:Infinity:undefined:undefined:undefined:undefined":19,"s:152:4:158:Infinity":60,"b:153:6:153:Infinity:154:6:154:Infinity":20,"s:156:6:156:Infinity":61,"s:157:6:157:Infinity":62,"s:159:4:161:Infinity":63,"b:161:21:161:38:161:38:161:75":21,"s:162:4:162:Infinity":64}}}
,"/home/runner/work/public-smart-food-logger/public-smart-food-logger/backend/src/handlers/webhookHandler.ts": {"path":"/home/runner/work/public-smart-food-logger/public-smart-food-logger/backend/src/handlers/webhookHandler.ts","statementMap":{"0":{"start":{"line":43,"column":50},"end":{"line":215,"column":null}},"1":{"start":{"line":45,"column":2},"end":{"line":47,"column":null}},"2":{"start":{"line":46,"column":4},"end":{"line":46,"column":null}},"3":{"start":{"line":50,"column":2},"end":{"line":50,"column":null}},"4":{"start":{"line":51,"column":2},"end":{"line":51,"column":null}},"5":{"start":{"line":52,"column":2},"end":{"line":52,"column":null}},"6":{"start":{"line":55,"column":2},"end":{"line":58,"column":null}},"7":{"start":{"line":56,"column":4},"end":{"line":56,"column":null}},"8":{"start":{"line":57,"column":4},"end":{"line":57,"column":null}},"9":{"start":{"line":61,"column":2},"end":{"line":64,"column":null}},"10":{"start":{"line":62,"column":4},"end":{"line":62,"column":null}},"11":{"start":{"line":63,"column":4},"end":{"line":63,"column":null}},"12":{"start":{"line":66,"column":2},"end":{"line":214,"column":null}},"13":{"start":{"line":68,"column":21},"end":{"line":68,"column":null}},"14":{"start":{"line":69,"column":25},"end":{"line":69,"column":null}},"15":{"start":{"line":71,"column":4},"end":{"line":75,"column":null}},"16":{"start":{"line":72,"column":6},"end":{"line":74,"column":null}},"17":{"start":{"line":78,"column":4},"end":{"line":126,"column":null}},"18":{"start":{"line":79,"column":20},"end":{"line":79,"column":null}},"19":{"start":{"line":80,"column":6},"end":{"line":84,"column":null}},"20":{"start":{"line":81,"column":8},"end":{"line":83,"column":null}},"21":{"start":{"line":87,"column":6},"end":{"line":100,"column":null}},"22":{"start":{"line":91,"column":29},"end":{"line":93,"column":null}},"23":{"start":{"line":94,"column":8},"end":{"line":94,"column":null}},"24":{"start":{"line":95,"column":8},"end":{"line":95,"column":null}},"25":{"start":{"line":97,"column":8},"end":{"line":99,"column":null}},"26":{"start":{"line":102,"column":6},"end":{"line":104,"column":null}},"27":{"start":{"line":103,"column":8},"end":{"line":103,"column":null}},"28":{"start":{"line":106,"column":6},"end":{"line":111,"column":null}},"29":{"start":{"line":113,"column":6},"end":{"line":119,"column":null}},"30":{"start":{"line":114,"column":28},"end":{"line":114,"column":null}},"31":{"start":{"line":116,"column":8},"end":{"line":116,"column":null}},"32":{"start":{"line":117,"column":8},"end":{"line":117,"column":null}},"33":{"start":{"line":118,"column":8},"end":{"line":118,"column":null}},"34":{"start":{"line":120,"column":6},"end":{"line":124,"column":null}},"35":{"start":{"line":125,"column":6},"end":{"line":125,"column":null}},"36":{"start":{"line":129,"column":4},"end":{"line":195,"column":null}},"37":{"start":{"line":130,"column":25},"end":{"line":130,"column":null}},"38":{"start":{"line":131,"column":6},"end":{"line":135,"column":null}},"39":{"start":{"line":132,"column":8},"end":{"line":134,"column":null}},"40":{"start":{"line":136,"column":22},"end":{"line":136,"column":null}},"41":{"start":{"line":139,"column":27},"end":{"line":139,"column":null}},"42":{"start":{"line":140,"column":26},"end":{"line":140,"column":null}},"43":{"start":{"line":142,"column":28},"end":{"line":142,"column":null}},"44":{"start":{"line":144,"column":6},"end":{"line":152,"column":null}},"45":{"start":{"line":149,"column":8},"end":{"line":151,"column":null}},"46":{"start":{"line":154,"column":21},"end":{"line":154,"column":null}},"47":{"start":{"line":155,"column":6},"end":{"line":159,"column":null}},"48":{"start":{"line":156,"column":8},"end":{"line":158,"column":null}},"49":{"start":{"line":163,"column":6},"end":{"line":172,"column":null}},"50":{"start":{"line":164,"column":8},"end":{"line":164,"column":null}},"51":{"start":{"line":165,"column":8},"end":{"line":169,"column":null}},"52":{"start":{"line":171,"column":8},"end":{"line":171,"column":null}},"53":{"start":{"line":175,"column":27},"end":{"line":175,"column":null}},"54":{"start":{"line":176,"column":6},"end":{"line":181,"column":null}},"55":{"start":{"line":177,"column":8},"end":{"line":180,"column":null}},"56":{"start":{"line":183,"column":30},"end":{"line":187,"column":null}},"57":{"start":{"line":189,"column":6},"end":{"line":193,"column":null}},"58":{"start":{"line":194,"column":6},"end":{"line":194,"column":null}},"59":{"start":{"line":197,"column":4},"end":{"line":197,"column":null}},"60":{"start":{"line":199,"column":4},"end":{"line":199,"column":null}},"61":{"start":{"line":200,"column":4},"end":{"line":209,"column":null}},"62":{"start":{"line":201,"column":6},"end":{"line":201,"column":null}},"63":{"start":{"line":202,"column":6},"end":{"line":202,"column":null}},"64":{"start":{"line":203,"column":4},"end":{"line":209,"column":null}},"65":{"start":{"line":207,"column":6},"end":{"line":207,"column":null}},"66":{"start":{"line":208,"column":6},"end":{"line":208,"column":null}},"67":{"start":{"line":210,"column":4},"end":{"line":212,"column":null}},"68":{"start":{"line":213,"column":4},"end":{"line":213,"column":null}}},"fnMap":{"0":{"name":"(anonymous_0)","decl":{"start":{"line":43,"column":50},"end":{"line":43,"column":57}},"loc":{"start":{"line":43,"column":70},"end":{"line":215,"column":null}},"line":43}},"branchMap":{"0":{"loc":{"start":{"line":45,"column":2},"end":{"line":47,"column":null}},"type":"if","locations":[{"start":{"line":45,"column":2},"end":{"line":47,"column":null}},{"start":{},"end":{}}],"line":45},"1":{"loc":{"start":{"line":55,"column":2},"end":{"line":58,"column":null}},"type":"if","locations":[{"start":{"line":55,"column":2},"end":{"line":58,"column":null}},{"start":{},"end":{}}],"line":55},"2":{"loc":{"start":{"line":61,"column":2},"end":{"line":64,"column":null}},"type":"if","locations":[{"start":{"line":61,"column":2},"end":{"line":64,"column":null}},{"start":{},"end":{}}],"line":61},"3":{"loc":{"start":{"line":61,"column":6},"end":{"line":61,"column":47}},"type":"binary-expr","locations":[{"start":{"line":61,"column":6},"end":{"line":61,"column":30}},{"start":{"line":61,"column":30},"end":{"line":61,"column":47}}],"line":61},"4":{"loc":{"start":{"line":71,"column":4},"end":{"line":75,"column":null}},"type":"if","locations":[{"start":{"line":71,"column":4},"end":{"line":75,"column":null}},{"start":{},"end":{}}],"line":71},"5":{"loc":{"start":{"line":71,"column":8},"end":{"line":71,"column":36}},"type":"binary-expr","locations":[{"start":{"line":71,"column":8},"end":{"line":71,"column":21}},{"start":{"line":71,"column":21},"end":{"line":71,"column":36}}],"line":71},"6":{"loc":{"start":{"line":78,"column":4},"end":{"line":126,"column":null}},"type":"if","locations":[{"start":{"line":78,"column":4},"end":{"line":126,"column":null}},{"start":{},"end":{}}],"line":78},"7":{"loc":{"start":{"line":78,"column":8},"end":{"line":78,"column":48}},"type":"binary-expr","locations":[{"start":{"line":78,"column":8},"end":{"line":78,"column":32}},{"start":{"line":78,"column":32},"end":{"line":78,"column":48}}],"line":78},"8":{"loc":{"start":{"line":80,"column":6},"end":{"line":84,"column":null}},"type":"if","locations":[{"start":{"line":80,"column":6},"end":{"line":84,"column":null}},{"start":{},"end":{}}],"line":80},"9":{"loc":{"start":{"line":102,"column":6},"end":{"line":104,"column":null}},"type":"if","locations":[{"start":{"line":102,"column":6},"end":{"line":104,"column":null}},{"start":{},"end":{}}],"line":102},"10":{"loc":{"start":{"line":113,"column":6},"end":{"line":119,"column":null}},"type":"if","locations":[{"start":{"line":113,"column":6},"end":{"line":119,"column":null}},{"start":{},"end":{}}],"line":113},"11":{"loc":{"start":{"line":129,"column":4},"end":{"line":195,"column":null}},"type":"if","locations":[{"start":{"line":129,"column":4},"end":{"line":195,"column":null}},{"start":{},"end":{}}],"line":129},"12":{"loc":{"start":{"line":131,"column":6},"end":{"line":135,"column":null}},"type":"if","locations":[{"start":{"line":131,"column":6},"end":{"line":135,"column":null}},{"start":{},"end":{}}],"line":131},"13":{"loc":{"start":{"line":131,"column":10},"end":{"line":131,"column":60}},"type":"binary-expr","locations":[{"start":{"line":131,"column":10},"end":{"line":131,"column":25}},{"start":{"line":131,"column":25},"end":{"line":131,"column":60}}],"line":131},"14":{"loc":{"start":{"line":144,"column":6},"end":{"line":152,"column":null}},"type":"if","locations":[{"start":{"line":144,"column":6},"end":{"line":152,"column":null}},{"start":{},"end":{}}],"line":144},"15":{"loc":{"start":{"line":145,"column":8},"end":{"line":147,"column":null}},"type":"binary-expr","locations":[{"start":{"line":145,"column":8},"end":{"line":145,"column":null}},{"start":{"line":146,"column":8},"end":{"line":146,"column":null}},{"start":{"line":147,"column":8},"end":{"line":147,"column":null}}],"line":145},"16":{"loc":{"start":{"line":155,"column":6},"end":{"line":159,"column":null}},"type":"if","locations":[{"start":{"line":155,"column":6},"end":{"line":159,"column":null}},{"start":{},"end":{}}],"line":155},"17":{"loc":{"start":{"line":163,"column":6},"end":{"line":172,"column":null}},"type":"if","locations":[{"start":{"line":163,"column":6},"end":{"line":172,"column":null}},{"start":{"line":170,"column":13},"end":{"line":172,"column":null}}],"line":163},"18":{"loc":{"start":{"line":176,"column":6},"end":{"line":181,"column":null}},"type":"if","locations":[{"start":{"line":176,"column":6},"end":{"line":181,"column":null}},{"start":{},"end":{}}],"line":176},"19":{"loc":{"start":{"line":200,"column":4},"end":{"line":209,"column":null}},"type":"if","locations":[{"start":{"line":200,"column":4},"end":{"line":209,"column":null}},{"start":{"line":203,"column":4},"end":{"line":209,"column":null}}],"line":200},"20":{"loc":{"start":{"line":203,"column":4},"end":{"line":209,"column":null}},"type":"if","locations":[{"start":{"line":203,"column":4},"end":{"line":209,"column":null}},{"start":{},"end":{}}],"line":203},"21":{"loc":{"start":{"line":204,"column":6},"end":{"line":205,"column":null}},"type":"binary-expr","locations":[{"start":{"line":204,"column":6},"end":{"line":204,"column":null}},{"start":{"line":205,"column":6},"end":{"line":205,"column":null}}],"line":204},"22":{"loc":{"start":{"line":212,"column":21},"end":{"line":212,"column":75}},"type":"binary-expr","locations":[{"start":{"line":212,"column":21},"end":{"line":212,"column":38}},{"start":{"line":212,"column":38},"end":{"line":212,"column":75}}],"line":212}},"s":{"0":1,"1":26,"2":1,"3":25,"4":25,"5":25,"6":25,"7":1,"8":1,"9":24,"10":1,"11":1,"12":23,"13":23,"14":23,"15":23,"16":2,"17":21,"18":7,"19":7,"20":1,"21":6,"22":6,"23":6,"24":6,"25":2,"26":4,"27":1,"28":3,"29":2,"30":1,"31":1,"32":1,"33":1,"34":1,"35":1,"36":14,"37":13,"38":13,"39":2,"40":11,"41":11,"42":9,"43":9,"44":9,"45":3,"46":6,"47":6,"48":1,"49":5,"50":2,"51":2,"52":3,"53":4,"54":4,"55":1,"56":3,"57":2,"58":2,"59":1,"60":19,"61":19,"62":13,"63":13,"64":6,"65":0,"66":0,"67":6,"68":19},"f":{"0":26},"b":{"0":[1,25],"1":[1,24],"2":[1,23],"3":[24,10],"4":[2,21],"5":[23,22],"6":[7,14],"7":[21,7],"8":[1,6],"9":[1,3],"10":[1,1],"11":[13,1],"12":[2,11],"13":[13,12],"14":[3,6],"15":[9,8,7],"16":[1,5],"17":[2,3],"18":[1,3],"19":[13,6],"20":[0,6],"21":[6,6],"22":[6,0]},"meta":{"lastBranch":23,"lastFunction":1,"lastStatement":69,"seen":{"s:43:50:215:Infinity":0,"f:43:50:43:57":0,"b:45:2:47:Infinity:undefined:undefined:undefined:undefined":0,"s:45:2:47:Infinity":1,"s:46:4:46:Infinity":2,"s:50:2:50:Infinity":3,"s:51:2:51:Infinity":4,"s:52:2:52:Infinity":5,"b:55:2:58:Infinity:undefined:undefined:undefined:undefined":1,"s:55:2:58:Infinity":6,"s:56:4:56:Infinity":7,"s:57:4:57:Infinity":8,"b:61:2:64:Infinity:undefined:undefined:undefined:undefined":2,"s:61:2:64:Infinity":9,"b:61:6:61:30:61:30:61:47":3,"s:62:4:62:Infinity":10,"s:63:4:63:Infinity":11,"s:66:2:214:Infinity":12,"s:68:21:68:Infinity":13,"s:69:25:69:Infinity":14,"b:71:4:75:Infinity:undefined:undefined:undefined:undefined":4,"s:71:4:75:Infinity":15,"b:71:8:71:21:71:21:71:36":5,"s:72:6:74:Infinity":16,"b:78:4:126:Infinity:undefined:undefined:undefined:undefined":6,"s:78:4:126:Infinity":17,"b:78:8:78:32:78:32:78:48":7,"s:79:20:79:Infinity":18,"b:80:6:84:Infinity:undefined:undefined:undefined:undefined":8,"s:80:6:84:Infinity":19,"s:81:8:83:Infinity":20,"s:87:6:100:Infinity":21,"s:91:29:93:Infinity":22,"s:94:8:94:Infinity":23,"s:95:8:95:Infinity":24,"s:97:8:99:Infinity":25,"b:102:6:104:Infinity:undefined:undefined:undefined:undefined":9,"s:102:6:104:Infinity":26,"s:103:8:103:Infinity":27,"s:106:6:111:Infinity":28,"b:113:6:119:Infinity:undefined:undefined:undefined:undefined":10,"s:113:6:119:Infinity":29,"s:114:28:114:Infinity":30,"s:116:8:116:Infinity":31,"s:117:8:117:Infinity":32,"s:118:8:118:Infinity":33,"s:120:6:124:Infinity":34,"s:125:6:125:Infinity":35,"b:129:4:195:Infinity:undefined:undefined:undefined:undefined":11,"s:129:4:195:Infinity":36,"s:130:25:130:Infinity":37,"b:131:6:135:Infinity:undefined:undefined:undefined:undefined":12,"s:131:6:135:Infinity":38,"b:131:10:131:25:131:25:131:60":13,"s:132:8:134:Infinity":39,"s:136:22:136:Infinity":40,"s:139:27:139:Infinity":41,"s:140:26:140:Infinity":42,"s:142:28:142:Infinity":43,"b:144:6:152:Infinity:undefined:undefined:undefined:undefined":14,"s:144:6:152:Infinity":44,"b:145:8:145:Infinity:146:8:146:Infinity:147:8:147:Infinity":15,"s:149:8:151:Infinity":45,"s:154:21:154:Infinity":46,"b:155:6:159:Infinity:undefined:undefined:undefined:undefined":16,"s:155:6:159:Infinity":47,"s:156:8:158:Infinity":48,"b:163:6:172:Infinity:170:13:172:Infinity":17,"s:163:6:172:Infinity":49,"s:164:8:164:Infinity":50,"s:165:8:169:Infinity":51,"s:171:8:171:Infinity":52,"s:175:27:175:Infinity":53,"b:176:6:181:Infinity:undefined:undefined:undefined:undefined":18,"s:176:6:181:Infinity":54,"s:177:8:180:Infinity":55,"s:183:30:187:Infinity":56,"s:189:6:193:Infinity":57,"s:194:6:194:Infinity":58,"s:197:4:197:Infinity":59,"s:199:4:199:Infinity":60,"b:200:4:209:Infinity:203:4:209:Infinity":19,"s:200:4:209:Infinity":61,"s:201:6:201:Infinity":62,"s:202:6:202:Infinity":63,"b:203:4:209:Infinity:undefined:undefined:undefined:undefined":20,"s:203:4:209:Infinity":64,"b:204:6:204:Infinity:205:6:205:Infinity":21,"s:207:6:207:Infinity":65,"s:208:6:208:Infinity":66,"s:210:4:212:Infinity":67,"b:212:21:212:38:212:38:212:75":22,"s:213:4:213:Infinity":68}}}
,"/home/runner/work/public-smart-food-logger/public-smart-food-logger/backend/src/repositories/firebaseRepository.ts": {"path":"/home/runner/work/public-smart-food-logger/public-smart-food-logger/backend/src/repositories/firebaseRepository.ts","statementMap":{"0":{"start":{"line":9,"column":0},"end":{"line":15,"column":null}},"1":{"start":{"line":10,"column":2},"end":{"line":14,"column":null}},"2":{"start":{"line":17,"column":11},"end":{"line":17,"column":null}},"3":{"start":{"line":20,"column":33},"end":{"line":20,"column":null}},"4":{"start":{"line":42,"column":2},"end":{"line":44,"column":null}},"5":{"start":{"line":43,"column":4},"end":{"line":43,"column":null}},"6":{"start":{"line":45,"column":2},"end":{"line":51,"column":null}},"7":{"start":{"line":46,"column":25},"end":{"line":46,"column":null}},"8":{"start":{"line":47,"column":4},"end":{"line":47,"column":null}},"9":{"start":{"line":49,"column":4},"end":{"line":49,"column":null}},"10":{"start":{"line":50,"column":4},"end":{"line":50,"column":null}},"11":{"start":{"line":65,"column":24},"end":{"line":69,"column":null}},"12":{"start":{"line":71,"column":2},"end":{"line":74,"column":null}},"13":{"start":{"line":72,"column":4},"end":{"line":72,"column":null}},"14":{"start":{"line":73,"column":4},"end":{"line":73,"column":null}},"15":{"start":{"line":76,"column":2},"end":{"line":76,"column":null}},"16":{"start":{"line":96,"column":8},"end":{"line":96,"column":null}},"17":{"start":{"line":97,"column":20},"end":{"line":103,"column":null}},"18":{"start":{"line":105,"column":2},"end":{"line":108,"column":null}},"19":{"start":{"line":109,"column":2},"end":{"line":111,"column":null}}},"fnMap":{"0":{"name":"verifyFirebaseIdToken","decl":{"start":{"line":39,"column":22},"end":{"line":39,"column":null}},"loc":{"start":{"line":41,"column":38},"end":{"line":52,"column":null}},"line":41},"1":{"name":"getTokensFromFirestore","decl":{"start":{"line":62,"column":22},"end":{"line":62,"column":null}},"loc":{"start":{"line":64,"column":32},"end":{"line":77,"column":null}},"line":64},"2":{"name":"saveTokensToFirestore","decl":{"start":{"line":91,"column":22},"end":{"line":91,"column":null}},"loc":{"start":{"line":95,"column":17},"end":{"line":112,"column":null}},"line":95}},"branchMap":{"0":{"loc":{"start":{"line":9,"column":0},"end":{"line":15,"column":null}},"type":"if","locations":[{"start":{"line":9,"column":0},"end":{"line":15,"column":null}},{"start":{},"end":{}}],"line":9},"1":{"loc":{"start":{"line":42,"column":2},"end":{"line":44,"column":null}},"type":"if","locations":[{"start":{"line":42,"column":2},"end":{"line":44,"column":null}},{"start":{},"end":{}}],"line":42},"2":{"loc":{"start":{"line":71,"column":2},"end":{"line":74,"column":null}},"type":"if","locations":[{"start":{"line":71,"column":2},"end":{"line":74,"column":null}},{"start":{},"end":{}}],"line":71}},"s":{"0":1,"1":1,"2":1,"3":1,"4":4,"5":2,"6":2,"7":2,"8":1,"9":1,"10":1,"11":2,"12":2,"13":1,"14":1,"15":1,"16":1,"17":1,"18":1,"19":1},"f":{"0":4,"1":2,"2":1},"b":{"0":[1,0],"1":[2,2],"2":[1,1]},"meta":{"lastBranch":3,"lastFunction":3,"lastStatement":20,"seen":{"b:9:0:15:Infinity:undefined:undefined:undefined:undefined":0,"s:9:0:15:Infinity":0,"s:10:2:14:Infinity":1,"s:17:11:17:Infinity":2,"s:20:33:20:Infinity":3,"f:39:22:39:Infinity":0,"b:42:2:44:Infinity:undefined:undefined:undefined:undefined":1,"s:42:2:44:Infinity":4,"s:43:4:43:Infinity":5,"s:45:2:51:Infinity":6,"s:46:25:46:Infinity":7,"s:47:4:47:Infinity":8,"s:49:4:49:Infinity":9,"s:50:4:50:Infinity":10,"f:62:22:62:Infinity":1,"s:65:24:69:Infinity":11,"b:71:2:74:Infinity:undefined:undefined:undefined:undefined":2,"s:71:2:74:Infinity":12,"s:72:4:72:Infinity":13,"s:73:4:73:Infinity":14,"s:76:2:76:Infinity":15,"f:91:22:91:Infinity":2,"s:96:8:96:Infinity":16,"s:97:20:103:Infinity":17,"s:105:2:108:Infinity":18,"s:109:2:111:Infinity":19}}}
,"/home/runner/work/public-smart-food-logger/public-smart-food-logger/backend/src/services/fitbitService.ts": {"path":"/home/runner/work/public-smart-food-logger/public-smart-food-logger/backend/src/services/fitbitService.ts","statementMap":{"0":{"start":{"line":39,"column":19},"end":{"line":53,"column":null}},"1":{"start":{"line":54,"column":20},"end":{"line":54,"column":null}},"2":{"start":{"line":55,"column":2},"end":{"line":58,"column":null}},"3":{"start":{"line":56,"column":4},"end":{"line":56,"column":null}},"4":{"start":{"line":57,"column":4},"end":{"line":57,"column":null}},"5":{"start":{"line":59,"column":2},"end":{"line":59,"column":null}},"6":{"start":{"line":61,"column":2},"end":{"line":61,"column":null}},"7":{"start":{"line":62,"column":2},"end":{"line":62,"column":null}},"8":{"start":{"line":80,"column":24},"end":{"line":80,"column":null}},"9":{"start":{"line":81,"column":2},"end":{"line":85,"column":null}},"10":{"start":{"line":82,"column":4},"end":{"line":84,"column":null}},"11":{"start":{"line":87,"column":19},"end":{"line":99,"column":null}},"12":{"start":{"line":101,"column":25},"end":{"line":101,"column":null}},"13":{"start":{"line":102,"column":2},"end":{"line":107,"column":null}},"14":{"start":{"line":103,"column":4},"end":{"line":103,"column":null}},"15":{"start":{"line":104,"column":4},"end":{"line":106,"column":null}},"16":{"start":{"line":109,"column":2},"end":{"line":109,"column":null}},"17":{"start":{"line":111,"column":2},"end":{"line":115,"column":null}},"18":{"start":{"line":116,"column":2},"end":{"line":116,"column":null}},"19":{"start":{"line":139,"column":5},"end":{"line":139,"column":null}},"20":{"start":{"line":147,"column":20},"end":{"line":166,"column":null}},"21":{"start":{"line":149,"column":47},"end":{"line":160,"column":null}},"22":{"start":{"line":161,"column":26},"end":{"line":161,"column":null}},"23":{"start":{"line":162,"column":4},"end":{"line":162,"column":null}},"24":{"start":{"line":162,"column":32},"end":{"line":162,"column":null}},"25":{"start":{"line":164,"column":4},"end":{"line":164,"column":null}},"26":{"start":{"line":165,"column":4},"end":{"line":165,"column":null}},"27":{"start":{"line":168,"column":2},"end":{"line":176,"column":null}},"28":{"start":{"line":173,"column":4},"end":{"line":175,"column":null}},"29":{"start":{"line":179,"column":74},"end":{"line":179,"column":null}},"30":{"start":{"line":180,"column":2},"end":{"line":276,"column":null}},"31":{"start":{"line":181,"column":4},"end":{"line":185,"column":null}},"32":{"start":{"line":182,"column":6},"end":{"line":184,"column":null}},"33":{"start":{"line":187,"column":19},"end":{"line":187,"column":null}},"34":{"start":{"line":189,"column":29},"end":{"line":189,"column":null}},"35":{"start":{"line":190,"column":4},"end":{"line":190,"column":null}},"36":{"start":{"line":191,"column":4},"end":{"line":191,"column":null}},"37":{"start":{"line":192,"column":4},"end":{"line":192,"column":null}},"38":{"start":{"line":193,"column":4},"end":{"line":196,"column":null}},"39":{"start":{"line":198,"column":4},"end":{"line":198,"column":null}},"40":{"start":{"line":199,"column":4},"end":{"line":202,"column":null}},"41":{"start":{"line":206,"column":52},"end":{"line":237,"column":null}},"42":{"start":{"line":239,"column":4},"end":{"line":244,"column":null}},"43":{"start":{"line":240,"column":20},"end":{"line":240,"column":null}},"44":{"start":{"line":241,"column":6},"end":{"line":243,"column":null}},"45":{"start":{"line":242,"column":8},"end":{"line":242,"column":null}},"46":{"start":{"line":246,"column":31},"end":{"line":256,"column":null}},"47":{"start":{"line":259,"column":7},"end":{"line":259,"column":null}},"48":{"start":{"line":261,"column":4},"end":{"line":270,"column":null}},"49":{"start":{"line":262,"column":6},"end":{"line":262,"column":null}},"50":{"start":{"line":264,"column":9},"end":{"line":266,"column":null}},"51":{"start":{"line":267,"column":6},"end":{"line":269,"column":null}},"52":{"start":{"line":271,"column":19},"end":{"line":271,"column":null}},"53":{"start":{"line":272,"column":4},"end":{"line":274,"column":null}},"54":{"start":{"line":275,"column":4},"end":{"line":275,"column":null}},"55":{"start":{"line":279,"column":40},"end":{"line":279,"column":null}},"56":{"start":{"line":280,"column":2},"end":{"line":319,"column":null}},"57":{"start":{"line":281,"column":26},"end":{"line":288,"column":null}},"58":{"start":{"line":290,"column":28},"end":{"line":300,"column":null}},"59":{"start":{"line":302,"column":4},"end":{"line":312,"column":null}},"60":{"start":{"line":303,"column":29},"end":{"line":303,"column":null}},"61":{"start":{"line":304,"column":6},"end":{"line":304,"column":null}},"62":{"start":{"line":306,"column":8},"end":{"line":308,"column":null}},"63":{"start":{"line":309,"column":6},"end":{"line":311,"column":null}},"64":{"start":{"line":314,"column":23},"end":{"line":314,"column":null}},"65":{"start":{"line":315,"column":4},"end":{"line":317,"column":null}},"66":{"start":{"line":318,"column":4},"end":{"line":318,"column":null}},"67":{"start":{"line":321,"column":2},"end":{"line":321,"column":null}}},"fnMap":{"0":{"name":"exchangeCodeForTokens","decl":{"start":{"line":33,"column":22},"end":{"line":33,"column":null}},"loc":{"start":{"line":38,"column":16},"end":{"line":63,"column":null}},"line":38},"1":{"name":"refreshFitbitAccessToken","decl":{"start":{"line":75,"column":22},"end":{"line":75,"column":null}},"loc":{"start":{"line":79,"column":19},"end":{"line":117,"column":null}},"line":79},"2":{"name":"processAndLogFoods","decl":{"start":{"line":133,"column":22},"end":{"line":133,"column":null}},"loc":{"start":{"line":137,"column":18},"end":{"line":322,"column":null}},"line":137},"3":{"name":"(anonymous_3)","decl":{"start":{"line":147,"column":20},"end":{"line":147,"column":21}},"loc":{"start":{"line":147,"column":46},"end":{"line":166,"column":null}},"line":147}},"branchMap":{"0":{"loc":{"start":{"line":50,"column":20},"end":{"line":50,"column":null}},"type":"binary-expr","locations":[{"start":{"line":50,"column":20},"end":{"line":50,"column":61}},{"start":{"line":50,"column":61},"end":{"line":50,"column":null}}],"line":50},"1":{"loc":{"start":{"line":55,"column":2},"end":{"line":58,"column":null}},"type":"if","locations":[{"start":{"line":55,"column":2},"end":{"line":58,"column":null}},{"start":{},"end":{}}],"line":55},"2":{"loc":{"start":{"line":81,"column":2},"end":{"line":85,"column":null}},"type":"if","locations":[{"start":{"line":81,"column":2},"end":{"line":85,"column":null}},{"start":{},"end":{}}],"line":81},"3":{"loc":{"start":{"line":81,"column":6},"end":{"line":81,"column":53}},"type":"binary-expr","locations":[{"start":{"line":81,"column":6},"end":{"line":81,"column":24}},{"start":{"line":81,"column":24},"end":{"line":81,"column":53}}],"line":81},"4":{"loc":{"start":{"line":102,"column":2},"end":{"line":107,"column":null}},"type":"if","locations":[{"start":{"line":102,"column":2},"end":{"line":107,"column":null}},{"start":{},"end":{}}],"line":102},"5":{"loc":{"start":{"line":105,"column":35},"end":{"line":105,"column":93}},"type":"cond-expr","locations":[{"start":{"line":105,"column":54},"end":{"line":105,"column":84}},{"start":{"line":105,"column":84},"end":{"line":105,"column":93}}],"line":105},"6":{"loc":{"start":{"line":139,"column":5},"end":{"line":139,"column":null}},"type":"binary-expr","locations":[{"start":{"line":139,"column":5},"end":{"line":139,"column":55}},{"start":{"line":139,"column":55},"end":{"line":139,"column":null}}],"line":139},"7":{"loc":{"start":{"line":161,"column":26},"end":{"line":161,"column":null}},"type":"cond-expr","locations":[{"start":{"line":161,"column":33},"end":{"line":161,"column":54}},{"start":{"line":161,"column":54},"end":{"line":161,"column":null}}],"line":161},"8":{"loc":{"start":{"line":162,"column":4},"end":{"line":162,"column":null}},"type":"if","locations":[{"start":{"line":162,"column":4},"end":{"line":162,"column":null}},{"start":{},"end":{}}],"line":162},"9":{"loc":{"start":{"line":168,"column":2},"end":{"line":176,"column":null}},"type":"if","locations":[{"start":{"line":168,"column":2},"end":{"line":176,"column":null}},{"start":{},"end":{}}],"line":168},"10":{"loc":{"start":{"line":169,"column":4},"end":{"line":171,"column":null}},"type":"binary-expr","locations":[{"start":{"line":169,"column":4},"end":{"line":169,"column":null}},{"start":{"line":170,"column":4},"end":{"line":170,"column":null}},{"start":{"line":171,"column":4},"end":{"line":171,"column":null}}],"line":169},"11":{"loc":{"start":{"line":181,"column":4},"end":{"line":185,"column":null}},"type":"if","locations":[{"start":{"line":181,"column":4},"end":{"line":185,"column":null}},{"start":{},"end":{}}],"line":181},"12":{"loc":{"start":{"line":181,"column":8},"end":{"line":181,"column":54}},"type":"binary-expr","locations":[{"start":{"line":181,"column":8},"end":{"line":181,"column":26}},{"start":{"line":181,"column":26},"end":{"line":181,"column":42}},{"start":{"line":181,"column":42},"end":{"line":181,"column":54}}],"line":181},"13":{"loc":{"start":{"line":183,"column":48},"end":{"line":183,"column":79}},"type":"binary-expr","locations":[{"start":{"line":183,"column":48},"end":{"line":183,"column":65}},{"start":{"line":183,"column":65},"end":{"line":183,"column":79}}],"line":183},"14":{"loc":{"start":{"line":195,"column":17},"end":{"line":195,"column":35}},"type":"binary-expr","locations":[{"start":{"line":195,"column":17},"end":{"line":195,"column":34}},{"start":{"line":195,"column":34},"end":{"line":195,"column":35}}],"line":195},"15":{"loc":{"start":{"line":198,"column":40},"end":{"line":198,"column":62}},"type":"binary-expr","locations":[{"start":{"line":198,"column":40},"end":{"line":198,"column":57}},{"start":{"line":198,"column":57},"end":{"line":198,"column":62}}],"line":198},"16":{"loc":{"start":{"line":201,"column":6},"end":{"line":201,"column":null}},"type":"binary-expr","locations":[{"start":{"line":201,"column":6},"end":{"line":201,"column":26}},{"start":{"line":201,"column":26},"end":{"line":201,"column":null}}],"line":201},"17":{"loc":{"start":{"line":241,"column":6},"end":{"line":243,"column":null}},"type":"if","locations":[{"start":{"line":241,"column":6},"end":{"line":243,"column":null}},{"start":{},"end":{}}],"line":241},"18":{"loc":{"start":{"line":241,"column":10},"end":{"line":241,"column":49}},"type":"binary-expr","locations":[{"start":{"line":241,"column":10},"end":{"line":241,"column":33}},{"start":{"line":241,"column":33},"end":{"line":241,"column":49}}],"line":241},"19":{"loc":{"start":{"line":261,"column":4},"end":{"line":270,"column":null}},"type":"if","locations":[{"start":{"line":261,"column":4},"end":{"line":270,"column":null}},{"start":{},"end":{}}],"line":261},"20":{"loc":{"start":{"line":264,"column":9},"end":{"line":266,"column":null}},"type":"cond-expr","locations":[{"start":{"line":265,"column":13},"end":{"line":265,"column":null}},{"start":{"line":266,"column":12},"end":{"line":266,"column":null}}],"line":264},"21":{"loc":{"start":{"line":264,"column":9},"end":{"line":264,"column":null}},"type":"binary-expr","locations":[{"start":{"line":264,"column":9},"end":{"line":264,"column":45}},{"start":{"line":264,"column":45},"end":{"line":264,"column":null}}],"line":264},"22":{"loc":{"start":{"line":302,"column":4},"end":{"line":312,"column":null}},"type":"if","locations":[{"start":{"line":302,"column":4},"end":{"line":312,"column":null}},{"start":{},"end":{}}],"line":302},"23":{"loc":{"start":{"line":306,"column":8},"end":{"line":308,"column":null}},"type":"cond-expr","locations":[{"start":{"line":307,"column":12},"end":{"line":307,"column":null}},{"start":{"line":308,"column":12},"end":{"line":308,"column":null}}],"line":306},"24":{"loc":{"start":{"line":306,"column":8},"end":{"line":306,"column":null}},"type":"binary-expr","locations":[{"start":{"line":306,"column":8},"end":{"line":306,"column":28}},{"start":{"line":306,"column":28},"end":{"line":306,"column":null}}],"line":306}},"s":{"0":2,"1":2,"2":2,"3":1,"4":1,"5":1,"6":1,"7":1,"8":3,"9":3,"10":1,"11":2,"12":2,"13":2,"14":1,"15":1,"16":1,"17":1,"18":1,"19":8,"20":8,"21":7,"22":7,"23":7,"24":6,"25":1,"26":1,"27":8,"28":2,"29":6,"30":6,"31":8,"32":1,"33":7,"34":7,"35":7,"36":7,"37":7,"38":7,"39":8,"40":8,"41":8,"42":8,"43":210,"44":210,"45":0,"46":7,"47":7,"48":7,"49":2,"50":2,"51":2,"52":5,"53":5,"54":5,"55":3,"56":3,"57":4,"58":4,"59":4,"60":1,"61":1,"62":1,"63":1,"64":3,"65":3,"66":3,"67":2},"f":{"0":2,"1":3,"2":8,"3":7},"b":{"0":[2,0],"1":[1,1],"2":[1,2],"3":[3,2],"4":[1,1],"5":[1,0],"6":[8,0],"7":[7,0],"8":[6,1],"9":[2,6],"10":[8,7,7],"11":[1,7],"12":[8,8,8],"13":[1,0],"14":[7,0],"15":[8,7],"16":[8,7],"17":[0,210],"18":[210,0],"19":[2,5],"20":[2,0],"21":[2,2],"22":[1,3],"23":[1,0],"24":[1,1]},"meta":{"lastBranch":25,"lastFunction":4,"lastStatement":68,"seen":{"f:33:22:33:Infinity":0,"s:39:19:53:Infinity":0,"b:50:20:50:61:50:61:50:Infinity":0,"s:54:20:54:Infinity":1,"b:55:2:58:Infinity:undefined:undefined:undefined:undefined":1,"s:55:2:58:Infinity":2,"s:56:4:56:Infinity":3,"s:57:4:57:Infinity":4,"s:59:2:59:Infinity":5,"s:61:2:61:Infinity":6,"s:62:2:62:Infinity":7,"f:75:22:75:Infinity":1,"s:80:24:80:Infinity":8,"b:81:2:85:Infinity:undefined:undefined:undefined:undefined":2,"s:81:2:85:Infinity":9,"b:81:6:81:24:81:24:81:53":3,"s:82:4:84:Infinity":10,"s:87:19:99:Infinity":11,"s:101:25:101:Infinity":12,"b:102:2:107:Infinity:undefined:undefined:undefined:undefined":4,"s:102:2:107:Infinity":13,"s:103:4:103:Infinity":14,"s:104:4:106:Infinity":15,"b:105:54:105:84:105:84:105:93":5,"s:109:2:109:Infinity":16,"s:111:2:115:Infinity":17,"s:116:2:116:Infinity":18,"f:133:22:133:Infinity":2,"s:139:5:139:Infinity":19,"b:139:5:139:55:139:55:139:Infinity":6,"s:147:20:166:Infinity":20,"f:147:20:147:21":3,"s:149:47:160:Infinity":21,"s:161:26:161:Infinity":22,"b:161:33:161:54:161:54:161:Infinity":7,"b:162:4:162:Infinity:undefined:undefined:undefined:undefined":8,"s:162:4:162:Infinity":23,"s:162:32:162:Infinity":24,"s:164:4:164:Infinity":25,"s:165:4:165:Infinity":26,"b:168:2:176:Infinity:undefined:undefined:undefined:undefined":9,"s:168:2:176:Infinity":27,"b:169:4:169:Infinity:170:4:170:Infinity:171:4:171:Infinity":10,"s:173:4:175:Infinity":28,"s:179:74:179:Infinity":29,"s:180:2:276:Infinity":30,"b:181:4:185:Infinity:undefined:undefined:undefined:undefined":11,"s:181:4:185:Infinity":31,"b:181:8:181:26:181:26:181:42:181:42:181:54":12,"s:182:6:184:Infinity":32,"b:183:48:183:65:183:65:183:79":13,"s:187:19:187:Infinity":33,"s:189:29:189:Infinity":34,"s:190:4:190:Infinity":35,"s:191:4:191:Infinity":36,"s:192:4:192:Infinity":37,"s:193:4:196:Infinity":38,"b:195:17:195:34:195:34:195:35":14,"s:198:4:198:Infinity":39,"b:198:40:198:57:198:57:198:62":15,"s:199:4:202:Infinity":40,"b:201:6:201:26:201:26:201:Infinity":16,"s:206:52:237:Infinity":41,"s:239:4:244:Infinity":42,"s:240:20:240:Infinity":43,"b:241:6:243:Infinity:undefined:undefined:undefined:undefined":17,"s:241:6:243:Infinity":44,"b:241:10:241:33:241:33:241:49":18,"s:242:8:242:Infinity":45,"s:246:31:256:Infinity":46,"s:259:7:259:Infinity":47,"b:261:4:270:Infinity:undefined:undefined:undefined:undefined":19,"s:261:4:270:Infinity":48,"s:262:6:262:Infinity":49,"s:264:9:266:Infinity":50,"b:265:13:265:Infinity:266:12:266:Infinity":20,"b:264:9:264:45:264:45:264:Infinity":21,"s:267:6:269:Infinity":51,"s:271:19:271:Infinity":52,"s:272:4:274:Infinity":53,"s:275:4:275:Infinity":54,"s:279:40:279:Infinity":55,"s:280:2:319:Infinity":56,"s:281:26:288:Infinity":57,"s:290:28:300:Infinity":58,"b:302:4:312:Infinity:undefined:undefined:undefined:undefined":22,"s:302:4:312:Infinity":59,"s:303:29:303:Infinity":60,"s:304:6:304:Infinity":61,"s:306:8:308:Infinity":62,"b:307:12:307:Infinity:308:12:308:Infinity":23,"b:306:8:306:28:306:28:306:Infinity":24,"s:309:6:311:Infinity":63,"s:314:23:314:Infinity":64,"s:315:4:317:Infinity":65,"s:318:4:318:Infinity":66,"s:321:2:321:Infinity":67}}}
,"/home/runner/work/public-smart-food-logger/public-smart-food-logger/backend/src/utils/errors.ts": {"path":"/home/runner/work/public-smart-food-logger/public-smart-food-logger/backend/src/utils/errors.ts","statementMap":{"0":{"start":{"line":10,"column":4},"end":{"line":10,"column":null}},"1":{"start":{"line":11,"column":4},"end":{"line":11,"column":null}},"2":{"start":{"line":12,"column":4},"end":{"line":12,"column":null}},"3":{"start":{"line":13,"column":4},"end":{"line":13,"column":null}},"4":{"start":{"line":26,"column":4},"end":{"line":26,"column":null}},"5":{"start":{"line":36,"column":4},"end":{"line":36,"column":null}},"6":{"start":{"line":49,"column":4},"end":{"line":49,"column":null}},"7":{"start":{"line":60,"column":4},"end":{"line":60,"column":null}},"8":{"start":{"line":73,"column":4},"end":{"line":73,"column":null}}},"fnMap":{"0":{"name":"(anonymous_0)","decl":{"start":{"line":9,"column":2},"end":{"line":9,"column":14}},"loc":{"start":{"line":9,"column":57},"end":{"line":14,"column":null}},"line":9},"1":{"name":"(anonymous_1)","decl":{"start":{"line":22,"column":2},"end":{"line":22,"column":null}},"loc":{"start":{"line":25,"column":4},"end":{"line":27,"column":null}},"line":25},"2":{"name":"(anonymous_2)","decl":{"start":{"line":35,"column":2},"end":{"line":35,"column":14}},"loc":{"start":{"line":35,"column":79},"end":{"line":37,"column":null}},"line":35},"3":{"name":"(anonymous_3)","decl":{"start":{"line":45,"column":2},"end":{"line":45,"column":null}},"loc":{"start":{"line":48,"column":4},"end":{"line":50,"column":null}},"line":48},"4":{"name":"(anonymous_4)","decl":{"start":{"line":59,"column":2},"end":{"line":59,"column":14}},"loc":{"start":{"line":59,"column":78},"end":{"line":61,"column":null}},"line":59},"5":{"name":"(anonymous_5)","decl":{"start":{"line":69,"column":2},"end":{"line":69,"column":null}},"loc":{"start":{"line":72,"column":4},"end":{"line":74,"column":null}},"line":72}},"branchMap":{"0":{"loc":{"start":{"line":9,"column":31},"end":{"line":9,"column":57}},"type":"default-arg","locations":[{"start":{"line":9,"column":52},"end":{"line":9,"column":57}}],"line":9},"1":{"loc":{"start":{"line":23,"column":4},"end":{"line":23,"column":null}},"type":"default-arg","locations":[{"start":{"line":23,"column":22},"end":{"line":23,"column":null}}],"line":23},"2":{"loc":{"start":{"line":24,"column":4},"end":{"line":24,"column":null}},"type":"default-arg","locations":[{"start":{"line":24,"column":25},"end":{"line":24,"column":null}}],"line":24},"3":{"loc":{"start":{"line":35,"column":14},"end":{"line":35,"column":53}},"type":"default-arg","locations":[{"start":{"line":35,"column":32},"end":{"line":35,"column":53}}],"line":35},"4":{"loc":{"start":{"line":35,"column":53},"end":{"line":35,"column":79}},"type":"default-arg","locations":[{"start":{"line":35,"column":74},"end":{"line":35,"column":79}}],"line":35},"5":{"loc":{"start":{"line":46,"column":4},"end":{"line":46,"column":null}},"type":"default-arg","locations":[{"start":{"line":46,"column":22},"end":{"line":46,"column":null}}],"line":46},"6":{"loc":{"start":{"line":47,"column":4},"end":{"line":47,"column":null}},"type":"default-arg","locations":[{"start":{"line":47,"column":25},"end":{"line":47,"column":null}}],"line":47},"7":{"loc":{"start":{"line":59,"column":14},"end":{"line":59,"column":52}},"type":"default-arg","locations":[{"start":{"line":59,"column":32},"end":{"line":59,"column":52}}],"line":59},"8":{"loc":{"start":{"line":59,"column":52},"end":{"line":59,"column":78}},"type":"default-arg","locations":[{"start":{"line":59,"column":73},"end":{"line":59,"column":78}}],"line":59},"9":{"loc":{"start":{"line":70,"column":4},"end":{"line":70,"column":null}},"type":"default-arg","locations":[{"start":{"line":70,"column":22},"end":{"line":70,"column":null}}],"line":70},"10":{"loc":{"start":{"line":71,"column":4},"end":{"line":71,"column":null}},"type":"default-arg","locations":[{"start":{"line":71,"column":25},"end":{"line":71,"column":null}}],"line":71}},"s":{"0":40,"1":40,"2":40,"3":40,"4":10,"5":15,"6":2,"7":8,"8":3},"f":{"0":40,"1":10,"2":15,"3":2,"4":8,"5":3},"b":{"0":[40],"1":[10],"2":[10],"3":[15],"4":[15],"5":[2],"6":[2],"7":[8],"8":[8],"9":[3],"10":[3]},"meta":{"lastBranch":11,"lastFunction":6,"lastStatement":9,"seen":{"f:9:2:9:14":0,"b:9:52:9:57":0,"s:10:4:10:Infinity":0,"s:11:4:11:Infinity":1,"s:12:4:12:Infinity":2,"s:13:4:13:Infinity":3,"f:22:2:22:Infinity":1,"b:23:22:23:Infinity":1,"b:24:25:24:Infinity":2,"s:26:4:26:Infinity":4,"f:35:2:35:14":2,"b:35:32:35:53":3,"b:35:74:35:79":4,"s:36:4:36:Infinity":5,"f:45:2:45:Infinity":3,"b:46:22:46:Infinity":5,"b:47:25:47:Infinity":6,"s:49:4:49:Infinity":6,"f:59:2:59:14":4,"b:59:32:59:52":7,"b:59:73:59:78":8,"s:60:4:60:Infinity":7,"f:69:2:69:Infinity":5,"b:70:22:70:Infinity":9,"b:71:25:71:Infinity":10,"s:73:4:73:Infinity":8}}}
}
