{"/home/runner/work/public-smart-food-logger/public-smart-food-logger/backend/src/health.ts": {"path":"/home/runner/work/public-smart-food-logger/public-smart-food-logger/backend/src/health.ts","statementMap":{"0":{"start":{"line":3,"column":43},"end":{"line":25,"column":null}},"1":{"start":{"line":5,"column":2},"end":{"line":5,"column":null}},"2":{"start":{"line":6,"column":2},"end":{"line":6,"column":null}},"3":{"start":{"line":7,"column":2},"end":{"line":7,"column":null}},"4":{"start":{"line":8,"column":2},"end":{"line":8,"column":null}},"5":{"start":{"line":10,"column":2},"end":{"line":13,"column":null}},"6":{"start":{"line":11,"column":4},"end":{"line":11,"column":null}},"7":{"start":{"line":12,"column":4},"end":{"line":12,"column":null}},"8":{"start":{"line":15,"column":2},"end":{"line":18,"column":null}},"9":{"start":{"line":16,"column":4},"end":{"line":16,"column":null}},"10":{"start":{"line":17,"column":4},"end":{"line":17,"column":null}},"11":{"start":{"line":20,"column":2},"end":{"line":24,"column":null}}},"fnMap":{"0":{"name":"(anonymous_0)","decl":{"start":{"line":3,"column":43},"end":{"line":3,"column":44}},"loc":{"start":{"line":3,"column":57},"end":{"line":25,"column":null}},"line":3}},"branchMap":{"0":{"loc":{"start":{"line":10,"column":2},"end":{"line":13,"column":null}},"type":"if","locations":[{"start":{"line":10,"column":2},"end":{"line":13,"column":null}},{"start":{},"end":{}}],"line":10},"1":{"loc":{"start":{"line":15,"column":2},"end":{"line":18,"column":null}},"type":"if","locations":[{"start":{"line":15,"column":2},"end":{"line":18,"column":null}},{"start":{},"end":{}}],"line":15}},"s":{"0":1,"1":4,"2":4,"3":4,"4":4,"5":4,"6":1,"7":1,"8":3,"9":1,"10":1,"11":2},"f":{"0":4},"b":{"0":[1,3],"1":[1,2]},"meta":{"lastBranch":2,"lastFunction":1,"lastStatement":12,"seen":{"s:3:43:25:Infinity":0,"f:3:43:3:44":0,"s:5:2:5:Infinity":1,"s:6:2:6:Infinity":2,"s:7:2:7:Infinity":3,"s:8:2:8:Infinity":4,"b:10:2:13:Infinity:undefined:undefined:undefined:undefined":0,"s:10:2:13:Infinity":5,"s:11:4:11:Infinity":6,"s:12:4:12:Infinity":7,"b:15:2:18:Infinity:undefined:undefined:undefined:undefined":1,"s:15:2:18:Infinity":8,"s:16:4:16:Infinity":9,"s:17:4:17:Infinity":10,"s:20:2:24:Infinity":11}}}
,"/home/runner/work/public-smart-food-logger/public-smart-food-logger/backend/src/recaptcha.ts": {"path":"/home/runner/work/public-smart-food-logger/public-smart-food-logger/backend/src/recaptcha.ts","statementMap":{"0":{"start":{"line":5,"column":60},"end":{"line":7,"column":null}},"1":{"start":{"line":9,"column":47},"end":{"line":45,"column":null}},"2":{"start":{"line":11,"column":2},"end":{"line":11,"column":null}},"3":{"start":{"line":12,"column":2},"end":{"line":12,"column":null}},"4":{"start":{"line":13,"column":2},"end":{"line":13,"column":null}},"5":{"start":{"line":14,"column":2},"end":{"line":14,"column":null}},"6":{"start":{"line":16,"column":2},"end":{"line":19,"column":null}},"7":{"start":{"line":17,"column":4},"end":{"line":17,"column":null}},"8":{"start":{"line":18,"column":4},"end":{"line":18,"column":null}},"9":{"start":{"line":21,"column":2},"end":{"line":24,"column":null}},"10":{"start":{"line":22,"column":4},"end":{"line":22,"column":null}},"11":{"start":{"line":23,"column":4},"end":{"line":23,"column":null}},"12":{"start":{"line":26,"column":28},"end":{"line":26,"column":null}},"13":{"start":{"line":28,"column":2},"end":{"line":31,"column":null}},"14":{"start":{"line":29,"column":4},"end":{"line":29,"column":null}},"15":{"start":{"line":30,"column":4},"end":{"line":30,"column":null}},"16":{"start":{"line":33,"column":26},"end":{"line":33,"column":null}},"17":{"start":{"line":36,"column":20},"end":{"line":36,"column":null}},"18":{"start":{"line":38,"column":2},"end":{"line":44,"column":null}},"19":{"start":{"line":39,"column":20},"end":{"line":39,"column":null}},"20":{"start":{"line":40,"column":4},"end":{"line":40,"column":null}},"21":{"start":{"line":42,"column":4},"end":{"line":42,"column":null}},"22":{"start":{"line":43,"column":4},"end":{"line":43,"column":null}},"23":{"start":{"line":60,"column":17},"end":{"line":60,"column":null}},"24":{"start":{"line":61,"column":2},"end":{"line":65,"column":null}},"25":{"start":{"line":63,"column":4},"end":{"line":63,"column":null}},"26":{"start":{"line":64,"column":4},"end":{"line":64,"column":null}},"27":{"start":{"line":67,"column":2},"end":{"line":137,"column":null}},"28":{"start":{"line":68,"column":19},"end":{"line":68,"column":null}},"29":{"start":{"line":69,"column":4},"end":{"line":69,"column":null}},"30":{"start":{"line":70,"column":4},"end":{"line":70,"column":null}},"31":{"start":{"line":72,"column":21},"end":{"line":78,"column":null}},"32":{"start":{"line":80,"column":18},"end":{"line":80,"column":null}},"33":{"start":{"line":89,"column":4},"end":{"line":103,"column":null}},"34":{"start":{"line":105,"column":4},"end":{"line":108,"column":null}},"35":{"start":{"line":106,"column":6},"end":{"line":106,"column":null}},"36":{"start":{"line":107,"column":6},"end":{"line":107,"column":null}},"37":{"start":{"line":110,"column":4},"end":{"line":115,"column":null}},"38":{"start":{"line":111,"column":6},"end":{"line":113,"column":null}},"39":{"start":{"line":114,"column":6},"end":{"line":114,"column":null}},"40":{"start":{"line":117,"column":4},"end":{"line":122,"column":null}},"41":{"start":{"line":118,"column":6},"end":{"line":120,"column":null}},"42":{"start":{"line":121,"column":6},"end":{"line":121,"column":null}},"43":{"start":{"line":124,"column":4},"end":{"line":124,"column":null}},"44":{"start":{"line":127,"column":4},"end":{"line":135,"column":null}},"45":{"start":{"line":136,"column":4},"end":{"line":136,"column":null}}},"fnMap":{"0":{"name":"(anonymous_0)","decl":{"start":{"line":9,"column":47},"end":{"line":9,"column":54}},"loc":{"start":{"line":9,"column":67},"end":{"line":45,"column":null}},"line":9},"1":{"name":"verifyRecaptcha","decl":{"start":{"line":55,"column":22},"end":{"line":55,"column":null}},"loc":{"start":{"line":59,"column":20},"end":{"line":138,"column":null}},"line":59}},"branchMap":{"0":{"loc":{"start":{"line":16,"column":2},"end":{"line":19,"column":null}},"type":"if","locations":[{"start":{"line":16,"column":2},"end":{"line":19,"column":null}},{"start":{},"end":{}}],"line":16},"1":{"loc":{"start":{"line":21,"column":2},"end":{"line":24,"column":null}},"type":"if","locations":[{"start":{"line":21,"column":2},"end":{"line":24,"column":null}},{"start":{},"end":{}}],"line":21},"2":{"loc":{"start":{"line":28,"column":2},"end":{"line":31,"column":null}},"type":"if","locations":[{"start":{"line":28,"column":2},"end":{"line":31,"column":null}},{"start":{},"end":{}}],"line":28},"3":{"loc":{"start":{"line":33,"column":26},"end":{"line":33,"column":null}},"type":"cond-expr","locations":[{"start":{"line":33,"column":55},"end":{"line":33,"column":64}},{"start":{"line":33,"column":64},"end":{"line":33,"column":null}}],"line":33},"4":{"loc":{"start":{"line":36,"column":20},"end":{"line":36,"column":null}},"type":"binary-expr","locations":[{"start":{"line":36,"column":20},"end":{"line":36,"column":61}},{"start":{"line":36,"column":61},"end":{"line":36,"column":null}}],"line":36},"5":{"loc":{"start":{"line":61,"column":2},"end":{"line":65,"column":null}},"type":"if","locations":[{"start":{"line":61,"column":2},"end":{"line":65,"column":null}},{"start":{},"end":{}}],"line":61},"6":{"loc":{"start":{"line":105,"column":4},"end":{"line":108,"column":null}},"type":"if","locations":[{"start":{"line":105,"column":4},"end":{"line":108,"column":null}},{"start":{},"end":{}}],"line":105},"7":{"loc":{"start":{"line":110,"column":4},"end":{"line":115,"column":null}},"type":"if","locations":[{"start":{"line":110,"column":4},"end":{"line":115,"column":null}},{"start":{},"end":{}}],"line":110},"8":{"loc":{"start":{"line":117,"column":4},"end":{"line":122,"column":null}},"type":"if","locations":[{"start":{"line":117,"column":4},"end":{"line":122,"column":null}},{"start":{},"end":{}}],"line":117},"9":{"loc":{"start":{"line":133,"column":15},"end":{"line":133,"column":null}},"type":"cond-expr","locations":[{"start":{"line":133,"column":40},"end":{"line":133,"column":56}},{"start":{"line":133,"column":56},"end":{"line":133,"column":null}}],"line":133}},"s":{"0":1,"1":1,"2":8,"3":8,"4":8,"5":8,"6":8,"7":2,"8":2,"9":6,"10":1,"11":1,"12":5,"13":5,"14":1,"15":1,"16":4,"17":8,"18":8,"19":8,"20":3,"21":1,"22":1,"23":10,"24":10,"25":2,"26":2,"27":8,"28":8,"29":8,"30":8,"31":8,"32":7,"33":7,"34":7,"35":2,"36":2,"37":5,"38":1,"39":1,"40":4,"41":1,"42":1,"43":3,"44":1,"45":1},"f":{"0":8,"1":10},"b":{"0":[2,6],"1":[1,5],"2":[1,4],"3":[3,1],"4":[8,1],"5":[2,8],"6":[2,5],"7":[1,4],"8":[1,3],"9":[1,0]},"meta":{"lastBranch":10,"lastFunction":2,"lastStatement":46,"seen":{"s:5:60:7:Infinity":0,"s:9:47:45:Infinity":1,"f:9:47:9:54":0,"s:11:2:11:Infinity":2,"s:12:2:12:Infinity":3,"s:13:2:13:Infinity":4,"s:14:2:14:Infinity":5,"b:16:2:19:Infinity:undefined:undefined:undefined:undefined":0,"s:16:2:19:Infinity":6,"s:17:4:17:Infinity":7,"s:18:4:18:Infinity":8,"b:21:2:24:Infinity:undefined:undefined:undefined:undefined":1,"s:21:2:24:Infinity":9,"s:22:4:22:Infinity":10,"s:23:4:23:Infinity":11,"s:26:28:26:Infinity":12,"b:28:2:31:Infinity:undefined:undefined:undefined:undefined":2,"s:28:2:31:Infinity":13,"s:29:4:29:Infinity":14,"s:30:4:30:Infinity":15,"s:33:26:33:Infinity":16,"b:33:55:33:64:33:64:33:Infinity":3,"s:36:20:36:Infinity":17,"b:36:20:36:61:36:61:36:Infinity":4,"s:38:2:44:Infinity":18,"s:39:20:39:Infinity":19,"s:40:4:40:Infinity":20,"s:42:4:42:Infinity":21,"s:43:4:43:Infinity":22,"f:55:22:55:Infinity":1,"s:60:17:60:Infinity":23,"b:61:2:65:Infinity:undefined:undefined:undefined:undefined":5,"s:61:2:65:Infinity":24,"s:63:4:63:Infinity":25,"s:64:4:64:Infinity":26,"s:67:2:137:Infinity":27,"s:68:19:68:Infinity":28,"s:69:4:69:Infinity":29,"s:70:4:70:Infinity":30,"s:72:21:78:Infinity":31,"s:80:18:80:Infinity":32,"s:89:4:103:Infinity":33,"b:105:4:108:Infinity:undefined:undefined:undefined:undefined":6,"s:105:4:108:Infinity":34,"s:106:6:106:Infinity":35,"s:107:6:107:Infinity":36,"b:110:4:115:Infinity:undefined:undefined:undefined:undefined":7,"s:110:4:115:Infinity":37,"s:111:6:113:Infinity":38,"s:114:6:114:Infinity":39,"b:117:4:122:Infinity:undefined:undefined:undefined:undefined":8,"s:117:4:122:Infinity":40,"s:118:6:120:Infinity":41,"s:121:6:121:Infinity":42,"s:124:4:124:Infinity":43,"s:127:4:135:Infinity":44,"b:133:40:133:56:133:56:133:Infinity":9,"s:136:4:136:Infinity":45}}}
,"/home/runner/work/public-smart-food-logger/public-smart-food-logger/backend/src/handlers/foodlog.ts": {"path":"/home/runner/work/public-smart-food-logger/public-smart-food-logger/backend/src/handlers/foodlog.ts","statementMap":{"0":{"start":{"line":23,"column":32},"end":{"line":77,"column":null}},"1":{"start":{"line":30,"column":2},"end":{"line":34,"column":null}},"2":{"start":{"line":31,"column":4},"end":{"line":33,"column":null}},"3":{"start":{"line":35,"column":18},"end":{"line":35,"column":null}},"4":{"start":{"line":38,"column":23},"end":{"line":38,"column":null}},"5":{"start":{"line":39,"column":22},"end":{"line":39,"column":null}},"6":{"start":{"line":41,"column":17},"end":{"line":41,"column":null}},"7":{"start":{"line":42,"column":2},"end":{"line":46,"column":null}},"8":{"start":{"line":43,"column":4},"end":{"line":45,"column":null}},"9":{"start":{"line":48,"column":19},"end":{"line":48,"column":null}},"10":{"start":{"line":49,"column":23},"end":{"line":49,"column":null}},"11":{"start":{"line":51,"column":2},"end":{"line":55,"column":null}},"12":{"start":{"line":52,"column":4},"end":{"line":54,"column":null}},"13":{"start":{"line":59,"column":2},"end":{"line":68,"column":null}},"14":{"start":{"line":60,"column":4},"end":{"line":60,"column":null}},"15":{"start":{"line":61,"column":4},"end":{"line":65,"column":null}},"16":{"start":{"line":67,"column":4},"end":{"line":67,"column":null}},"17":{"start":{"line":71,"column":23},"end":{"line":71,"column":null}},"18":{"start":{"line":72,"column":2},"end":{"line":74,"column":null}},"19":{"start":{"line":73,"column":4},"end":{"line":73,"column":null}},"20":{"start":{"line":76,"column":2},"end":{"line":76,"column":null}},"21":{"start":{"line":85,"column":44},"end":{"line":153,"column":null}},"22":{"start":{"line":87,"column":2},"end":{"line":89,"column":null}},"23":{"start":{"line":88,"column":4},"end":{"line":88,"column":null}},"24":{"start":{"line":92,"column":2},"end":{"line":92,"column":null}},"25":{"start":{"line":93,"column":2},"end":{"line":93,"column":null}},"26":{"start":{"line":94,"column":2},"end":{"line":94,"column":null}},"27":{"start":{"line":97,"column":2},"end":{"line":100,"column":null}},"28":{"start":{"line":98,"column":4},"end":{"line":98,"column":null}},"29":{"start":{"line":99,"column":4},"end":{"line":99,"column":null}},"30":{"start":{"line":102,"column":2},"end":{"line":152,"column":null}},"31":{"start":{"line":104,"column":4},"end":{"line":133,"column":null}},"32":{"start":{"line":105,"column":44},"end":{"line":107,"column":null}},"33":{"start":{"line":109,"column":28},"end":{"line":109,"column":null}},"34":{"start":{"line":111,"column":6},"end":{"line":119,"column":null}},"35":{"start":{"line":116,"column":8},"end":{"line":118,"column":null}},"36":{"start":{"line":121,"column":30},"end":{"line":125,"column":null}},"37":{"start":{"line":127,"column":6},"end":{"line":131,"column":null}},"38":{"start":{"line":132,"column":6},"end":{"line":132,"column":null}},"39":{"start":{"line":135,"column":4},"end":{"line":135,"column":null}},"40":{"start":{"line":137,"column":4},"end":{"line":137,"column":null}},"41":{"start":{"line":138,"column":4},"end":{"line":147,"column":null}},"42":{"start":{"line":139,"column":6},"end":{"line":139,"column":null}},"43":{"start":{"line":140,"column":6},"end":{"line":140,"column":null}},"44":{"start":{"line":141,"column":4},"end":{"line":147,"column":null}},"45":{"start":{"line":145,"column":6},"end":{"line":145,"column":null}},"46":{"start":{"line":146,"column":6},"end":{"line":146,"column":null}},"47":{"start":{"line":148,"column":4},"end":{"line":150,"column":null}},"48":{"start":{"line":151,"column":4},"end":{"line":151,"column":null}}},"fnMap":{"0":{"name":"(anonymous_0)","decl":{"start":{"line":23,"column":32},"end":{"line":23,"column":null}},"loc":{"start":{"line":29,"column":6},"end":{"line":77,"column":null}},"line":29},"1":{"name":"(anonymous_1)","decl":{"start":{"line":85,"column":44},"end":{"line":85,"column":51}},"loc":{"start":{"line":85,"column":64},"end":{"line":153,"column":null}},"line":85}},"branchMap":{"0":{"loc":{"start":{"line":30,"column":2},"end":{"line":34,"column":null}},"type":"if","locations":[{"start":{"line":30,"column":2},"end":{"line":34,"column":null}},{"start":{},"end":{}}],"line":30},"1":{"loc":{"start":{"line":30,"column":6},"end":{"line":30,"column":56}},"type":"binary-expr","locations":[{"start":{"line":30,"column":6},"end":{"line":30,"column":21}},{"start":{"line":30,"column":21},"end":{"line":30,"column":56}}],"line":30},"2":{"loc":{"start":{"line":42,"column":2},"end":{"line":46,"column":null}},"type":"if","locations":[{"start":{"line":42,"column":2},"end":{"line":46,"column":null}},{"start":{},"end":{}}],"line":42},"3":{"loc":{"start":{"line":51,"column":2},"end":{"line":55,"column":null}},"type":"if","locations":[{"start":{"line":51,"column":2},"end":{"line":55,"column":null}},{"start":{},"end":{}}],"line":51},"4":{"loc":{"start":{"line":51,"column":6},"end":{"line":51,"column":34}},"type":"binary-expr","locations":[{"start":{"line":51,"column":6},"end":{"line":51,"column":19}},{"start":{"line":51,"column":19},"end":{"line":51,"column":34}}],"line":51},"5":{"loc":{"start":{"line":59,"column":2},"end":{"line":68,"column":null}},"type":"if","locations":[{"start":{"line":59,"column":2},"end":{"line":68,"column":null}},{"start":{"line":66,"column":9},"end":{"line":68,"column":null}}],"line":59},"6":{"loc":{"start":{"line":72,"column":2},"end":{"line":74,"column":null}},"type":"if","locations":[{"start":{"line":72,"column":2},"end":{"line":74,"column":null}},{"start":{},"end":{}}],"line":72},"7":{"loc":{"start":{"line":87,"column":2},"end":{"line":89,"column":null}},"type":"if","locations":[{"start":{"line":87,"column":2},"end":{"line":89,"column":null}},{"start":{},"end":{}}],"line":87},"8":{"loc":{"start":{"line":97,"column":2},"end":{"line":100,"column":null}},"type":"if","locations":[{"start":{"line":97,"column":2},"end":{"line":100,"column":null}},{"start":{},"end":{}}],"line":97},"9":{"loc":{"start":{"line":104,"column":4},"end":{"line":133,"column":null}},"type":"if","locations":[{"start":{"line":104,"column":4},"end":{"line":133,"column":null}},{"start":{},"end":{}}],"line":104},"10":{"loc":{"start":{"line":111,"column":6},"end":{"line":119,"column":null}},"type":"if","locations":[{"start":{"line":111,"column":6},"end":{"line":119,"column":null}},{"start":{},"end":{}}],"line":111},"11":{"loc":{"start":{"line":112,"column":8},"end":{"line":114,"column":null}},"type":"binary-expr","locations":[{"start":{"line":112,"column":8},"end":{"line":112,"column":null}},{"start":{"line":113,"column":8},"end":{"line":113,"column":null}},{"start":{"line":114,"column":8},"end":{"line":114,"column":null}}],"line":112},"12":{"loc":{"start":{"line":138,"column":4},"end":{"line":147,"column":null}},"type":"if","locations":[{"start":{"line":138,"column":4},"end":{"line":147,"column":null}},{"start":{"line":141,"column":4},"end":{"line":147,"column":null}}],"line":138},"13":{"loc":{"start":{"line":141,"column":4},"end":{"line":147,"column":null}},"type":"if","locations":[{"start":{"line":141,"column":4},"end":{"line":147,"column":null}},{"start":{},"end":{}}],"line":141},"14":{"loc":{"start":{"line":142,"column":6},"end":{"line":143,"column":null}},"type":"binary-expr","locations":[{"start":{"line":142,"column":6},"end":{"line":142,"column":null}},{"start":{"line":143,"column":6},"end":{"line":143,"column":null}}],"line":142},"15":{"loc":{"start":{"line":150,"column":21},"end":{"line":150,"column":75}},"type":"binary-expr","locations":[{"start":{"line":150,"column":21},"end":{"line":150,"column":38}},{"start":{"line":150,"column":38},"end":{"line":150,"column":75}}],"line":150}},"s":{"0":1,"1":11,"2":2,"3":9,"4":9,"5":8,"6":8,"7":8,"8":1,"9":7,"10":7,"11":7,"12":0,"13":7,"14":1,"15":1,"16":6,"17":7,"18":7,"19":1,"20":6,"21":1,"22":14,"23":1,"24":13,"25":13,"26":13,"27":13,"28":1,"29":1,"30":12,"31":12,"32":11,"33":6,"34":6,"35":2,"36":4,"37":3,"38":3,"39":1,"40":9,"41":9,"42":7,"43":7,"44":2,"45":1,"46":1,"47":1,"48":9},"f":{"0":11,"1":14},"b":{"0":[2,9],"1":[11,10],"2":[1,7],"3":[0,7],"4":[7,7],"5":[1,6],"6":[1,6],"7":[1,13],"8":[1,12],"9":[11,1],"10":[2,4],"11":[6,6,5],"12":[7,2],"13":[1,1],"14":[2,1],"15":[1,0]},"meta":{"lastBranch":16,"lastFunction":2,"lastStatement":49,"seen":{"s:23:32:77:Infinity":0,"f:23:32:23:Infinity":0,"b:30:2:34:Infinity:undefined:undefined:undefined:undefined":0,"s:30:2:34:Infinity":1,"b:30:6:30:21:30:21:30:56":1,"s:31:4:33:Infinity":2,"s:35:18:35:Infinity":3,"s:38:23:38:Infinity":4,"s:39:22:39:Infinity":5,"s:41:17:41:Infinity":6,"b:42:2:46:Infinity:undefined:undefined:undefined:undefined":2,"s:42:2:46:Infinity":7,"s:43:4:45:Infinity":8,"s:48:19:48:Infinity":9,"s:49:23:49:Infinity":10,"b:51:2:55:Infinity:undefined:undefined:undefined:undefined":3,"s:51:2:55:Infinity":11,"b:51:6:51:19:51:19:51:34":4,"s:52:4:54:Infinity":12,"b:59:2:68:Infinity:66:9:68:Infinity":5,"s:59:2:68:Infinity":13,"s:60:4:60:Infinity":14,"s:61:4:65:Infinity":15,"s:67:4:67:Infinity":16,"s:71:23:71:Infinity":17,"b:72:2:74:Infinity:undefined:undefined:undefined:undefined":6,"s:72:2:74:Infinity":18,"s:73:4:73:Infinity":19,"s:76:2:76:Infinity":20,"s:85:44:153:Infinity":21,"f:85:44:85:51":1,"b:87:2:89:Infinity:undefined:undefined:undefined:undefined":7,"s:87:2:89:Infinity":22,"s:88:4:88:Infinity":23,"s:92:2:92:Infinity":24,"s:93:2:93:Infinity":25,"s:94:2:94:Infinity":26,"b:97:2:100:Infinity:undefined:undefined:undefined:undefined":8,"s:97:2:100:Infinity":27,"s:98:4:98:Infinity":28,"s:99:4:99:Infinity":29,"s:102:2:152:Infinity":30,"b:104:4:133:Infinity:undefined:undefined:undefined:undefined":9,"s:104:4:133:Infinity":31,"s:105:44:107:Infinity":32,"s:109:28:109:Infinity":33,"b:111:6:119:Infinity:undefined:undefined:undefined:undefined":10,"s:111:6:119:Infinity":34,"b:112:8:112:Infinity:113:8:113:Infinity:114:8:114:Infinity":11,"s:116:8:118:Infinity":35,"s:121:30:125:Infinity":36,"s:127:6:131:Infinity":37,"s:132:6:132:Infinity":38,"s:135:4:135:Infinity":39,"s:137:4:137:Infinity":40,"b:138:4:147:Infinity:141:4:147:Infinity":12,"s:138:4:147:Infinity":41,"s:139:6:139:Infinity":42,"s:140:6:140:Infinity":43,"b:141:4:147:Infinity:undefined:undefined:undefined:undefined":13,"s:141:4:147:Infinity":44,"b:142:6:142:Infinity:143:6:143:Infinity":14,"s:145:6:145:Infinity":45,"s:146:6:146:Infinity":46,"s:148:4:150:Infinity":47,"b:150:21:150:38:150:38:150:75":15,"s:151:4:151:Infinity":48}}}
,"/home/runner/work/public-smart-food-logger/public-smart-food-logger/backend/src/handlers/oauth.ts": {"path":"/home/runner/work/public-smart-food-logger/public-smart-food-logger/backend/src/handlers/oauth.ts","statementMap":{"0":{"start":{"line":13,"column":27},"end":{"line":54,"column":null}},"1":{"start":{"line":14,"column":2},"end":{"line":53,"column":null}},"2":{"start":{"line":15,"column":16},"end":{"line":15,"column":null}},"3":{"start":{"line":19,"column":6},"end":{"line":19,"column":null}},"4":{"start":{"line":20,"column":4},"end":{"line":22,"column":null}},"5":{"start":{"line":21,"column":6},"end":{"line":21,"column":null}},"6":{"start":{"line":24,"column":4},"end":{"line":26,"column":null}},"7":{"start":{"line":25,"column":6},"end":{"line":25,"column":null}},"8":{"start":{"line":29,"column":10},"end":{"line":32,"column":null}},"9":{"start":{"line":31,"column":23},"end":{"line":31,"column":36}},"10":{"start":{"line":32,"column":26},"end":{"line":32,"column":43}},"11":{"start":{"line":34,"column":27},"end":{"line":34,"column":null}},"12":{"start":{"line":37,"column":4},"end":{"line":39,"column":null}},"13":{"start":{"line":38,"column":6},"end":{"line":38,"column":null}},"14":{"start":{"line":43,"column":4},"end":{"line":48,"column":null}},"15":{"start":{"line":44,"column":20},"end":{"line":44,"column":null}},"16":{"start":{"line":45,"column":6},"end":{"line":47,"column":null}},"17":{"start":{"line":46,"column":8},"end":{"line":46,"column":null}},"18":{"start":{"line":50,"column":4},"end":{"line":50,"column":null}},"19":{"start":{"line":52,"column":4},"end":{"line":52,"column":null}},"20":{"start":{"line":62,"column":20},"end":{"line":87,"column":null}},"21":{"start":{"line":65,"column":2},"end":{"line":67,"column":null}},"22":{"start":{"line":66,"column":4},"end":{"line":66,"column":null}},"23":{"start":{"line":70,"column":2},"end":{"line":80,"column":null}},"24":{"start":{"line":71,"column":25},"end":{"line":73,"column":null}},"25":{"start":{"line":74,"column":4},"end":{"line":74,"column":null}},"26":{"start":{"line":75,"column":4},"end":{"line":75,"column":null}},"27":{"start":{"line":77,"column":4},"end":{"line":79,"column":null}},"28":{"start":{"line":82,"column":2},"end":{"line":84,"column":null}},"29":{"start":{"line":83,"column":4},"end":{"line":83,"column":null}},"30":{"start":{"line":86,"column":2},"end":{"line":86,"column":null}},"31":{"start":{"line":97,"column":27},"end":{"line":127,"column":null}},"32":{"start":{"line":103,"column":39},"end":{"line":103,"column":null}},"33":{"start":{"line":105,"column":2},"end":{"line":110,"column":null}},"34":{"start":{"line":112,"column":2},"end":{"line":121,"column":null}},"35":{"start":{"line":113,"column":4},"end":{"line":115,"column":null}},"36":{"start":{"line":114,"column":6},"end":{"line":114,"column":null}},"37":{"start":{"line":116,"column":24},"end":{"line":116,"column":null}},"38":{"start":{"line":118,"column":4},"end":{"line":118,"column":null}},"39":{"start":{"line":119,"column":4},"end":{"line":119,"column":null}},"40":{"start":{"line":120,"column":4},"end":{"line":120,"column":null}},"41":{"start":{"line":122,"column":2},"end":{"line":126,"column":null}},"42":{"start":{"line":135,"column":42},"end":{"line":189,"column":null}},"43":{"start":{"line":137,"column":2},"end":{"line":137,"column":null}},"44":{"start":{"line":138,"column":2},"end":{"line":138,"column":null}},"45":{"start":{"line":139,"column":2},"end":{"line":139,"column":null}},"46":{"start":{"line":142,"column":2},"end":{"line":145,"column":null}},"47":{"start":{"line":143,"column":4},"end":{"line":143,"column":null}},"48":{"start":{"line":144,"column":4},"end":{"line":144,"column":null}},"49":{"start":{"line":147,"column":2},"end":{"line":188,"column":null}},"50":{"start":{"line":149,"column":21},"end":{"line":149,"column":null}},"51":{"start":{"line":150,"column":25},"end":{"line":150,"column":null}},"52":{"start":{"line":153,"column":4},"end":{"line":157,"column":null}},"53":{"start":{"line":154,"column":6},"end":{"line":156,"column":null}},"54":{"start":{"line":159,"column":4},"end":{"line":163,"column":null}},"55":{"start":{"line":160,"column":6},"end":{"line":162,"column":null}},"56":{"start":{"line":166,"column":4},"end":{"line":169,"column":null}},"57":{"start":{"line":167,"column":6},"end":{"line":167,"column":null}},"58":{"start":{"line":168,"column":6},"end":{"line":168,"column":null}},"59":{"start":{"line":171,"column":4},"end":{"line":171,"column":null}},"60":{"start":{"line":173,"column":4},"end":{"line":173,"column":null}},"61":{"start":{"line":174,"column":4},"end":{"line":183,"column":null}},"62":{"start":{"line":175,"column":6},"end":{"line":175,"column":null}},"63":{"start":{"line":176,"column":6},"end":{"line":176,"column":null}},"64":{"start":{"line":177,"column":4},"end":{"line":183,"column":null}},"65":{"start":{"line":181,"column":6},"end":{"line":181,"column":null}},"66":{"start":{"line":182,"column":6},"end":{"line":182,"column":null}},"67":{"start":{"line":184,"column":4},"end":{"line":186,"column":null}},"68":{"start":{"line":187,"column":4},"end":{"line":187,"column":null}}},"fnMap":{"0":{"name":"(anonymous_0)","decl":{"start":{"line":13,"column":27},"end":{"line":13,"column":28}},"loc":{"start":{"line":13,"column":53},"end":{"line":54,"column":null}},"line":13},"1":{"name":"(anonymous_1)","decl":{"start":{"line":31,"column":11},"end":{"line":31,"column":12}},"loc":{"start":{"line":31,"column":23},"end":{"line":31,"column":36}},"line":31},"2":{"name":"(anonymous_2)","decl":{"start":{"line":32,"column":14},"end":{"line":32,"column":15}},"loc":{"start":{"line":32,"column":26},"end":{"line":32,"column":43}},"line":32},"3":{"name":"(anonymous_3)","decl":{"start":{"line":62,"column":20},"end":{"line":62,"column":null}},"loc":{"start":{"line":64,"column":51},"end":{"line":87,"column":null}},"line":64},"4":{"name":"(anonymous_4)","decl":{"start":{"line":97,"column":27},"end":{"line":97,"column":null}},"loc":{"start":{"line":102,"column":5},"end":{"line":127,"column":null}},"line":102},"5":{"name":"(anonymous_5)","decl":{"start":{"line":135,"column":42},"end":{"line":135,"column":49}},"loc":{"start":{"line":135,"column":62},"end":{"line":189,"column":null}},"line":135}},"branchMap":{"0":{"loc":{"start":{"line":19,"column":6},"end":{"line":19,"column":null}},"type":"binary-expr","locations":[{"start":{"line":19,"column":6},"end":{"line":19,"column":38}},{"start":{"line":19,"column":38},"end":{"line":19,"column":null}}],"line":19},"1":{"loc":{"start":{"line":20,"column":4},"end":{"line":22,"column":null}},"type":"if","locations":[{"start":{"line":20,"column":4},"end":{"line":22,"column":null}},{"start":{},"end":{}}],"line":20},"2":{"loc":{"start":{"line":20,"column":8},"end":{"line":20,"column":51}},"type":"binary-expr","locations":[{"start":{"line":20,"column":8},"end":{"line":20,"column":37}},{"start":{"line":20,"column":37},"end":{"line":20,"column":51}}],"line":20},"3":{"loc":{"start":{"line":24,"column":4},"end":{"line":26,"column":null}},"type":"if","locations":[{"start":{"line":24,"column":4},"end":{"line":26,"column":null}},{"start":{},"end":{}}],"line":24},"4":{"loc":{"start":{"line":29,"column":28},"end":{"line":29,"column":null}},"type":"binary-expr","locations":[{"start":{"line":29,"column":28},"end":{"line":29,"column":68}},{"start":{"line":29,"column":68},"end":{"line":29,"column":null}}],"line":29},"5":{"loc":{"start":{"line":37,"column":4},"end":{"line":39,"column":null}},"type":"if","locations":[{"start":{"line":37,"column":4},"end":{"line":39,"column":null}},{"start":{},"end":{}}],"line":37},"6":{"loc":{"start":{"line":43,"column":4},"end":{"line":48,"column":null}},"type":"if","locations":[{"start":{"line":43,"column":4},"end":{"line":48,"column":null}},{"start":{},"end":{}}],"line":43},"7":{"loc":{"start":{"line":45,"column":6},"end":{"line":47,"column":null}},"type":"if","locations":[{"start":{"line":45,"column":6},"end":{"line":47,"column":null}},{"start":{},"end":{}}],"line":45},"8":{"loc":{"start":{"line":65,"column":2},"end":{"line":67,"column":null}},"type":"if","locations":[{"start":{"line":65,"column":2},"end":{"line":67,"column":null}},{"start":{},"end":{}}],"line":65},"9":{"loc":{"start":{"line":82,"column":2},"end":{"line":84,"column":null}},"type":"if","locations":[{"start":{"line":82,"column":2},"end":{"line":84,"column":null}},{"start":{},"end":{}}],"line":82},"10":{"loc":{"start":{"line":112,"column":2},"end":{"line":121,"column":null}},"type":"if","locations":[{"start":{"line":112,"column":2},"end":{"line":121,"column":null}},{"start":{},"end":{}}],"line":112},"11":{"loc":{"start":{"line":113,"column":4},"end":{"line":115,"column":null}},"type":"if","locations":[{"start":{"line":113,"column":4},"end":{"line":115,"column":null}},{"start":{},"end":{}}],"line":113},"12":{"loc":{"start":{"line":142,"column":2},"end":{"line":145,"column":null}},"type":"if","locations":[{"start":{"line":142,"column":2},"end":{"line":145,"column":null}},{"start":{},"end":{}}],"line":142},"13":{"loc":{"start":{"line":153,"column":4},"end":{"line":157,"column":null}},"type":"if","locations":[{"start":{"line":153,"column":4},"end":{"line":157,"column":null}},{"start":{},"end":{}}],"line":153},"14":{"loc":{"start":{"line":159,"column":4},"end":{"line":163,"column":null}},"type":"if","locations":[{"start":{"line":159,"column":4},"end":{"line":163,"column":null}},{"start":{},"end":{}}],"line":159},"15":{"loc":{"start":{"line":159,"column":8},"end":{"line":159,"column":36}},"type":"binary-expr","locations":[{"start":{"line":159,"column":8},"end":{"line":159,"column":21}},{"start":{"line":159,"column":21},"end":{"line":159,"column":36}}],"line":159},"16":{"loc":{"start":{"line":166,"column":4},"end":{"line":169,"column":null}},"type":"if","locations":[{"start":{"line":166,"column":4},"end":{"line":169,"column":null}},{"start":{},"end":{}}],"line":166},"17":{"loc":{"start":{"line":166,"column":8},"end":{"line":166,"column":48}},"type":"binary-expr","locations":[{"start":{"line":166,"column":8},"end":{"line":166,"column":32}},{"start":{"line":166,"column":32},"end":{"line":166,"column":48}}],"line":166},"18":{"loc":{"start":{"line":174,"column":4},"end":{"line":183,"column":null}},"type":"if","locations":[{"start":{"line":174,"column":4},"end":{"line":183,"column":null}},{"start":{"line":177,"column":4},"end":{"line":183,"column":null}}],"line":174},"19":{"loc":{"start":{"line":177,"column":4},"end":{"line":183,"column":null}},"type":"if","locations":[{"start":{"line":177,"column":4},"end":{"line":183,"column":null}},{"start":{},"end":{}}],"line":177},"20":{"loc":{"start":{"line":178,"column":6},"end":{"line":179,"column":null}},"type":"binary-expr","locations":[{"start":{"line":178,"column":6},"end":{"line":178,"column":null}},{"start":{"line":179,"column":6},"end":{"line":179,"column":null}}],"line":178},"21":{"loc":{"start":{"line":186,"column":21},"end":{"line":186,"column":75}},"type":"binary-expr","locations":[{"start":{"line":186,"column":21},"end":{"line":186,"column":38}},{"start":{"line":186,"column":38},"end":{"line":186,"column":75}}],"line":186}},"s":{"0":1,"1":2,"2":2,"3":2,"4":2,"5":1,"6":1,"7":0,"8":1,"9":2,"10":2,"11":2,"12":2,"13":1,"14":0,"15":0,"16":0,"17":0,"18":0,"19":0,"20":1,"21":8,"22":1,"23":7,"24":7,"25":7,"26":7,"27":1,"28":6,"29":1,"30":5,"31":1,"32":8,"33":8,"34":3,"35":2,"36":1,"37":1,"38":1,"39":1,"40":1,"41":1,"42":1,"43":12,"44":12,"45":12,"46":12,"47":1,"48":1,"49":11,"50":11,"51":11,"52":11,"53":1,"54":10,"55":1,"56":9,"57":8,"58":2,"59":1,"60":9,"61":9,"62":5,"63":5,"64":4,"65":1,"66":1,"67":3,"68":9},"f":{"0":2,"1":2,"2":2,"3":8,"4":8,"5":12},"b":{"0":[2,2],"1":[1,1],"2":[2,1],"3":[0,1],"4":[1,0],"5":[1,1],"6":[0,0],"7":[0,0],"8":[1,7],"9":[1,5],"10":[2,1],"11":[1,1],"12":[1,11],"13":[1,10],"14":[1,9],"15":[10,9],"16":[8,1],"17":[9,8],"18":[5,4],"19":[1,3],"20":[4,4],"21":[3,0]},"meta":{"lastBranch":22,"lastFunction":6,"lastStatement":69,"seen":{"s:13:27:54:Infinity":0,"f:13:27:13:28":0,"s:14:2:53:Infinity":1,"s:15:16:15:Infinity":2,"s:19:6:19:Infinity":3,"b:19:6:19:38:19:38:19:Infinity":0,"b:20:4:22:Infinity:undefined:undefined:undefined:undefined":1,"s:20:4:22:Infinity":4,"b:20:8:20:37:20:37:20:51":2,"s:21:6:21:Infinity":5,"b:24:4:26:Infinity:undefined:undefined:undefined:undefined":3,"s:24:4:26:Infinity":6,"s:25:6:25:Infinity":7,"s:29:10:32:Infinity":8,"b:29:28:29:68:29:68:29:Infinity":4,"f:31:11:31:12":1,"s:31:23:31:36":9,"f:32:14:32:15":2,"s:32:26:32:43":10,"s:34:27:34:Infinity":11,"b:37:4:39:Infinity:undefined:undefined:undefined:undefined":5,"s:37:4:39:Infinity":12,"s:38:6:38:Infinity":13,"b:43:4:48:Infinity:undefined:undefined:undefined:undefined":6,"s:43:4:48:Infinity":14,"s:44:20:44:Infinity":15,"b:45:6:47:Infinity:undefined:undefined:undefined:undefined":7,"s:45:6:47:Infinity":16,"s:46:8:46:Infinity":17,"s:50:4:50:Infinity":18,"s:52:4:52:Infinity":19,"s:62:20:87:Infinity":20,"f:62:20:62:Infinity":3,"b:65:2:67:Infinity:undefined:undefined:undefined:undefined":8,"s:65:2:67:Infinity":21,"s:66:4:66:Infinity":22,"s:70:2:80:Infinity":23,"s:71:25:73:Infinity":24,"s:74:4:74:Infinity":25,"s:75:4:75:Infinity":26,"s:77:4:79:Infinity":27,"b:82:2:84:Infinity:undefined:undefined:undefined:undefined":9,"s:82:2:84:Infinity":28,"s:83:4:83:Infinity":29,"s:86:2:86:Infinity":30,"s:97:27:127:Infinity":31,"f:97:27:97:Infinity":4,"s:103:39:103:Infinity":32,"s:105:2:110:Infinity":33,"b:112:2:121:Infinity:undefined:undefined:undefined:undefined":10,"s:112:2:121:Infinity":34,"b:113:4:115:Infinity:undefined:undefined:undefined:undefined":11,"s:113:4:115:Infinity":35,"s:114:6:114:Infinity":36,"s:116:24:116:Infinity":37,"s:118:4:118:Infinity":38,"s:119:4:119:Infinity":39,"s:120:4:120:Infinity":40,"s:122:2:126:Infinity":41,"s:135:42:189:Infinity":42,"f:135:42:135:49":5,"s:137:2:137:Infinity":43,"s:138:2:138:Infinity":44,"s:139:2:139:Infinity":45,"b:142:2:145:Infinity:undefined:undefined:undefined:undefined":12,"s:142:2:145:Infinity":46,"s:143:4:143:Infinity":47,"s:144:4:144:Infinity":48,"s:147:2:188:Infinity":49,"s:149:21:149:Infinity":50,"s:150:25:150:Infinity":51,"b:153:4:157:Infinity:undefined:undefined:undefined:undefined":13,"s:153:4:157:Infinity":52,"s:154:6:156:Infinity":53,"b:159:4:163:Infinity:undefined:undefined:undefined:undefined":14,"s:159:4:163:Infinity":54,"b:159:8:159:21:159:21:159:36":15,"s:160:6:162:Infinity":55,"b:166:4:169:Infinity:undefined:undefined:undefined:undefined":16,"s:166:4:169:Infinity":56,"b:166:8:166:32:166:32:166:48":17,"s:167:6:167:Infinity":57,"s:168:6:168:Infinity":58,"s:171:4:171:Infinity":59,"s:173:4:173:Infinity":60,"b:174:4:183:Infinity:177:4:183:Infinity":18,"s:174:4:183:Infinity":61,"s:175:6:175:Infinity":62,"s:176:6:176:Infinity":63,"b:177:4:183:Infinity:undefined:undefined:undefined:undefined":19,"s:177:4:183:Infinity":64,"b:178:6:178:Infinity:179:6:179:Infinity":20,"s:181:6:181:Infinity":65,"s:182:6:182:Infinity":66,"s:184:4:186:Infinity":67,"b:186:21:186:38:186:38:186:75":21,"s:187:4:187:Infinity":68}}}
,"/home/runner/work/public-smart-food-logger/public-smart-food-logger/backend/src/handlers/webhookHandler.ts": {"path":"/home/runner/work/public-smart-food-logger/public-smart-food-logger/backend/src/handlers/webhookHandler.ts","statementMap":{"0":{"start":{"line":24,"column":26},"end":{"line":26,"column":null}},"1":{"start":{"line":25,"column":2},"end":{"line":25,"column":null}},"2":{"start":{"line":32,"column":28},"end":{"line":82,"column":null}},"3":{"start":{"line":33,"column":19},"end":{"line":33,"column":null}},"4":{"start":{"line":34,"column":23},"end":{"line":34,"column":null}},"5":{"start":{"line":36,"column":2},"end":{"line":40,"column":null}},"6":{"start":{"line":37,"column":4},"end":{"line":39,"column":null}},"7":{"start":{"line":42,"column":16},"end":{"line":42,"column":null}},"8":{"start":{"line":43,"column":2},"end":{"line":45,"column":null}},"9":{"start":{"line":44,"column":4},"end":{"line":44,"column":null}},"10":{"start":{"line":48,"column":2},"end":{"line":58,"column":null}},"11":{"start":{"line":49,"column":25},"end":{"line":51,"column":null}},"12":{"start":{"line":52,"column":4},"end":{"line":52,"column":null}},"13":{"start":{"line":53,"column":4},"end":{"line":53,"column":null}},"14":{"start":{"line":55,"column":4},"end":{"line":57,"column":null}},"15":{"start":{"line":60,"column":2},"end":{"line":62,"column":null}},"16":{"start":{"line":61,"column":4},"end":{"line":61,"column":null}},"17":{"start":{"line":64,"column":2},"end":{"line":69,"column":null}},"18":{"start":{"line":71,"column":2},"end":{"line":76,"column":null}},"19":{"start":{"line":72,"column":24},"end":{"line":72,"column":null}},"20":{"start":{"line":73,"column":4},"end":{"line":73,"column":null}},"21":{"start":{"line":74,"column":4},"end":{"line":74,"column":null}},"22":{"start":{"line":75,"column":4},"end":{"line":75,"column":null}},"23":{"start":{"line":77,"column":2},"end":{"line":81,"column":null}},"24":{"start":{"line":88,"column":22},"end":{"line":156,"column":null}},"25":{"start":{"line":89,"column":19},"end":{"line":89,"column":null}},"26":{"start":{"line":90,"column":23},"end":{"line":90,"column":null}},"27":{"start":{"line":92,"column":2},"end":{"line":96,"column":null}},"28":{"start":{"line":93,"column":4},"end":{"line":95,"column":null}},"29":{"start":{"line":98,"column":21},"end":{"line":98,"column":null}},"30":{"start":{"line":99,"column":2},"end":{"line":103,"column":null}},"31":{"start":{"line":100,"column":4},"end":{"line":102,"column":null}},"32":{"start":{"line":104,"column":18},"end":{"line":104,"column":null}},"33":{"start":{"line":106,"column":23},"end":{"line":106,"column":null}},"34":{"start":{"line":107,"column":22},"end":{"line":107,"column":null}},"35":{"start":{"line":109,"column":24},"end":{"line":109,"column":null}},"36":{"start":{"line":111,"column":2},"end":{"line":119,"column":null}},"37":{"start":{"line":116,"column":4},"end":{"line":118,"column":null}},"38":{"start":{"line":121,"column":17},"end":{"line":121,"column":null}},"39":{"start":{"line":122,"column":2},"end":{"line":126,"column":null}},"40":{"start":{"line":123,"column":4},"end":{"line":125,"column":null}},"41":{"start":{"line":129,"column":2},"end":{"line":138,"column":null}},"42":{"start":{"line":130,"column":4},"end":{"line":130,"column":null}},"43":{"start":{"line":131,"column":4},"end":{"line":135,"column":null}},"44":{"start":{"line":137,"column":4},"end":{"line":137,"column":null}},"45":{"start":{"line":140,"column":23},"end":{"line":140,"column":null}},"46":{"start":{"line":141,"column":2},"end":{"line":143,"column":null}},"47":{"start":{"line":142,"column":4},"end":{"line":142,"column":null}},"48":{"start":{"line":145,"column":26},"end":{"line":149,"column":null}},"49":{"start":{"line":151,"column":2},"end":{"line":155,"column":null}},"50":{"start":{"line":180,"column":50},"end":{"line":234,"column":null}},"51":{"start":{"line":182,"column":2},"end":{"line":184,"column":null}},"52":{"start":{"line":183,"column":4},"end":{"line":183,"column":null}},"53":{"start":{"line":187,"column":2},"end":{"line":187,"column":null}},"54":{"start":{"line":188,"column":2},"end":{"line":188,"column":null}},"55":{"start":{"line":189,"column":2},"end":{"line":189,"column":null}},"56":{"start":{"line":192,"column":2},"end":{"line":195,"column":null}},"57":{"start":{"line":193,"column":4},"end":{"line":193,"column":null}},"58":{"start":{"line":194,"column":4},"end":{"line":194,"column":null}},"59":{"start":{"line":197,"column":2},"end":{"line":233,"column":null}},"60":{"start":{"line":199,"column":4},"end":{"line":202,"column":null}},"61":{"start":{"line":200,"column":6},"end":{"line":200,"column":null}},"62":{"start":{"line":201,"column":6},"end":{"line":201,"column":null}},"63":{"start":{"line":205,"column":4},"end":{"line":208,"column":null}},"64":{"start":{"line":206,"column":6},"end":{"line":206,"column":null}},"65":{"start":{"line":207,"column":6},"end":{"line":207,"column":null}},"66":{"start":{"line":211,"column":4},"end":{"line":214,"column":null}},"67":{"start":{"line":212,"column":6},"end":{"line":212,"column":null}},"68":{"start":{"line":213,"column":6},"end":{"line":213,"column":null}},"69":{"start":{"line":216,"column":4},"end":{"line":216,"column":null}},"70":{"start":{"line":218,"column":4},"end":{"line":218,"column":null}},"71":{"start":{"line":219,"column":4},"end":{"line":228,"column":null}},"72":{"start":{"line":220,"column":6},"end":{"line":220,"column":null}},"73":{"start":{"line":221,"column":6},"end":{"line":221,"column":null}},"74":{"start":{"line":222,"column":4},"end":{"line":228,"column":null}},"75":{"start":{"line":226,"column":6},"end":{"line":226,"column":null}},"76":{"start":{"line":227,"column":6},"end":{"line":227,"column":null}},"77":{"start":{"line":229,"column":4},"end":{"line":231,"column":null}},"78":{"start":{"line":232,"column":4},"end":{"line":232,"column":null}}},"fnMap":{"0":{"name":"(anonymous_0)","decl":{"start":{"line":24,"column":26},"end":{"line":24,"column":27}},"loc":{"start":{"line":24,"column":40},"end":{"line":26,"column":null}},"line":24},"1":{"name":"(anonymous_1)","decl":{"start":{"line":32,"column":28},"end":{"line":32,"column":35}},"loc":{"start":{"line":32,"column":58},"end":{"line":82,"column":null}},"line":32},"2":{"name":"(anonymous_2)","decl":{"start":{"line":88,"column":22},"end":{"line":88,"column":29}},"loc":{"start":{"line":88,"column":52},"end":{"line":156,"column":null}},"line":88},"3":{"name":"(anonymous_3)","decl":{"start":{"line":180,"column":50},"end":{"line":180,"column":57}},"loc":{"start":{"line":180,"column":70},"end":{"line":234,"column":null}},"line":180}},"branchMap":{"0":{"loc":{"start":{"line":36,"column":2},"end":{"line":40,"column":null}},"type":"if","locations":[{"start":{"line":36,"column":2},"end":{"line":40,"column":null}},{"start":{},"end":{}}],"line":36},"1":{"loc":{"start":{"line":36,"column":6},"end":{"line":36,"column":34}},"type":"binary-expr","locations":[{"start":{"line":36,"column":6},"end":{"line":36,"column":19}},{"start":{"line":36,"column":19},"end":{"line":36,"column":34}}],"line":36},"2":{"loc":{"start":{"line":43,"column":2},"end":{"line":45,"column":null}},"type":"if","locations":[{"start":{"line":43,"column":2},"end":{"line":45,"column":null}},{"start":{},"end":{}}],"line":43},"3":{"loc":{"start":{"line":60,"column":2},"end":{"line":62,"column":null}},"type":"if","locations":[{"start":{"line":60,"column":2},"end":{"line":62,"column":null}},{"start":{},"end":{}}],"line":60},"4":{"loc":{"start":{"line":71,"column":2},"end":{"line":76,"column":null}},"type":"if","locations":[{"start":{"line":71,"column":2},"end":{"line":76,"column":null}},{"start":{},"end":{}}],"line":71},"5":{"loc":{"start":{"line":92,"column":2},"end":{"line":96,"column":null}},"type":"if","locations":[{"start":{"line":92,"column":2},"end":{"line":96,"column":null}},{"start":{},"end":{}}],"line":92},"6":{"loc":{"start":{"line":92,"column":6},"end":{"line":92,"column":34}},"type":"binary-expr","locations":[{"start":{"line":92,"column":6},"end":{"line":92,"column":19}},{"start":{"line":92,"column":19},"end":{"line":92,"column":34}}],"line":92},"7":{"loc":{"start":{"line":99,"column":2},"end":{"line":103,"column":null}},"type":"if","locations":[{"start":{"line":99,"column":2},"end":{"line":103,"column":null}},{"start":{},"end":{}}],"line":99},"8":{"loc":{"start":{"line":99,"column":6},"end":{"line":99,"column":56}},"type":"binary-expr","locations":[{"start":{"line":99,"column":6},"end":{"line":99,"column":21}},{"start":{"line":99,"column":21},"end":{"line":99,"column":56}}],"line":99},"9":{"loc":{"start":{"line":111,"column":2},"end":{"line":119,"column":null}},"type":"if","locations":[{"start":{"line":111,"column":2},"end":{"line":119,"column":null}},{"start":{},"end":{}}],"line":111},"10":{"loc":{"start":{"line":112,"column":4},"end":{"line":114,"column":null}},"type":"binary-expr","locations":[{"start":{"line":112,"column":4},"end":{"line":112,"column":null}},{"start":{"line":113,"column":4},"end":{"line":113,"column":null}},{"start":{"line":114,"column":4},"end":{"line":114,"column":null}}],"line":112},"11":{"loc":{"start":{"line":122,"column":2},"end":{"line":126,"column":null}},"type":"if","locations":[{"start":{"line":122,"column":2},"end":{"line":126,"column":null}},{"start":{},"end":{}}],"line":122},"12":{"loc":{"start":{"line":129,"column":2},"end":{"line":138,"column":null}},"type":"if","locations":[{"start":{"line":129,"column":2},"end":{"line":138,"column":null}},{"start":{"line":136,"column":9},"end":{"line":138,"column":null}}],"line":129},"13":{"loc":{"start":{"line":141,"column":2},"end":{"line":143,"column":null}},"type":"if","locations":[{"start":{"line":141,"column":2},"end":{"line":143,"column":null}},{"start":{},"end":{}}],"line":141},"14":{"loc":{"start":{"line":182,"column":2},"end":{"line":184,"column":null}},"type":"if","locations":[{"start":{"line":182,"column":2},"end":{"line":184,"column":null}},{"start":{},"end":{}}],"line":182},"15":{"loc":{"start":{"line":192,"column":2},"end":{"line":195,"column":null}},"type":"if","locations":[{"start":{"line":192,"column":2},"end":{"line":195,"column":null}},{"start":{},"end":{}}],"line":192},"16":{"loc":{"start":{"line":199,"column":4},"end":{"line":202,"column":null}},"type":"if","locations":[{"start":{"line":199,"column":4},"end":{"line":202,"column":null}},{"start":{},"end":{}}],"line":199},"17":{"loc":{"start":{"line":199,"column":8},"end":{"line":199,"column":49}},"type":"binary-expr","locations":[{"start":{"line":199,"column":8},"end":{"line":199,"column":32}},{"start":{"line":199,"column":32},"end":{"line":199,"column":49}}],"line":199},"18":{"loc":{"start":{"line":205,"column":4},"end":{"line":208,"column":null}},"type":"if","locations":[{"start":{"line":205,"column":4},"end":{"line":208,"column":null}},{"start":{},"end":{}}],"line":205},"19":{"loc":{"start":{"line":205,"column":8},"end":{"line":205,"column":48}},"type":"binary-expr","locations":[{"start":{"line":205,"column":8},"end":{"line":205,"column":32}},{"start":{"line":205,"column":32},"end":{"line":205,"column":48}}],"line":205},"20":{"loc":{"start":{"line":211,"column":4},"end":{"line":214,"column":null}},"type":"if","locations":[{"start":{"line":211,"column":4},"end":{"line":214,"column":null}},{"start":{},"end":{}}],"line":211},"21":{"loc":{"start":{"line":219,"column":4},"end":{"line":228,"column":null}},"type":"if","locations":[{"start":{"line":219,"column":4},"end":{"line":228,"column":null}},{"start":{"line":222,"column":4},"end":{"line":228,"column":null}}],"line":219},"22":{"loc":{"start":{"line":222,"column":4},"end":{"line":228,"column":null}},"type":"if","locations":[{"start":{"line":222,"column":4},"end":{"line":228,"column":null}},{"start":{},"end":{}}],"line":222},"23":{"loc":{"start":{"line":223,"column":6},"end":{"line":224,"column":null}},"type":"binary-expr","locations":[{"start":{"line":223,"column":6},"end":{"line":223,"column":null}},{"start":{"line":224,"column":6},"end":{"line":224,"column":null}}],"line":223},"24":{"loc":{"start":{"line":231,"column":21},"end":{"line":231,"column":75}},"type":"binary-expr","locations":[{"start":{"line":231,"column":21},"end":{"line":231,"column":38}},{"start":{"line":231,"column":38},"end":{"line":231,"column":75}}],"line":231}},"s":{"0":1,"1":1,"2":1,"3":9,"4":9,"5":9,"6":2,"7":7,"8":7,"9":1,"10":6,"11":6,"12":6,"13":6,"14":2,"15":4,"16":1,"17":3,"18":2,"19":1,"20":1,"21":1,"22":1,"23":1,"24":1,"25":13,"26":13,"27":13,"28":0,"29":13,"30":13,"31":2,"32":11,"33":11,"34":9,"35":9,"36":9,"37":3,"38":6,"39":6,"40":1,"41":5,"42":2,"43":2,"44":3,"45":4,"46":4,"47":1,"48":3,"49":2,"50":1,"51":26,"52":1,"53":25,"54":25,"55":25,"56":25,"57":1,"58":1,"59":24,"60":24,"61":1,"62":1,"63":23,"64":9,"65":2,"66":14,"67":13,"68":2,"69":1,"70":19,"71":19,"72":13,"73":13,"74":6,"75":0,"76":0,"77":6,"78":19},"f":{"0":1,"1":9,"2":13,"3":26},"b":{"0":[2,7],"1":[9,8],"2":[1,6],"3":[1,3],"4":[1,1],"5":[0,13],"6":[13,13],"7":[2,11],"8":[13,12],"9":[3,6],"10":[9,8,7],"11":[1,5],"12":[2,3],"13":[1,3],"14":[1,25],"15":[1,24],"16":[1,23],"17":[24,10],"18":[9,14],"19":[23,9],"20":[13,1],"21":[13,6],"22":[0,6],"23":[6,6],"24":[6,0]},"meta":{"lastBranch":25,"lastFunction":4,"lastStatement":79,"seen":{"s:24:26:26:Infinity":0,"f:24:26:24:27":0,"s:25:2:25:Infinity":1,"s:32:28:82:Infinity":2,"f:32:28:32:35":1,"s:33:19:33:Infinity":3,"s:34:23:34:Infinity":4,"b:36:2:40:Infinity:undefined:undefined:undefined:undefined":0,"s:36:2:40:Infinity":5,"b:36:6:36:19:36:19:36:34":1,"s:37:4:39:Infinity":6,"s:42:16:42:Infinity":7,"b:43:2:45:Infinity:undefined:undefined:undefined:undefined":2,"s:43:2:45:Infinity":8,"s:44:4:44:Infinity":9,"s:48:2:58:Infinity":10,"s:49:25:51:Infinity":11,"s:52:4:52:Infinity":12,"s:53:4:53:Infinity":13,"s:55:4:57:Infinity":14,"b:60:2:62:Infinity:undefined:undefined:undefined:undefined":3,"s:60:2:62:Infinity":15,"s:61:4:61:Infinity":16,"s:64:2:69:Infinity":17,"b:71:2:76:Infinity:undefined:undefined:undefined:undefined":4,"s:71:2:76:Infinity":18,"s:72:24:72:Infinity":19,"s:73:4:73:Infinity":20,"s:74:4:74:Infinity":21,"s:75:4:75:Infinity":22,"s:77:2:81:Infinity":23,"s:88:22:156:Infinity":24,"f:88:22:88:29":2,"s:89:19:89:Infinity":25,"s:90:23:90:Infinity":26,"b:92:2:96:Infinity:undefined:undefined:undefined:undefined":5,"s:92:2:96:Infinity":27,"b:92:6:92:19:92:19:92:34":6,"s:93:4:95:Infinity":28,"s:98:21:98:Infinity":29,"b:99:2:103:Infinity:undefined:undefined:undefined:undefined":7,"s:99:2:103:Infinity":30,"b:99:6:99:21:99:21:99:56":8,"s:100:4:102:Infinity":31,"s:104:18:104:Infinity":32,"s:106:23:106:Infinity":33,"s:107:22:107:Infinity":34,"s:109:24:109:Infinity":35,"b:111:2:119:Infinity:undefined:undefined:undefined:undefined":9,"s:111:2:119:Infinity":36,"b:112:4:112:Infinity:113:4:113:Infinity:114:4:114:Infinity":10,"s:116:4:118:Infinity":37,"s:121:17:121:Infinity":38,"b:122:2:126:Infinity:undefined:undefined:undefined:undefined":11,"s:122:2:126:Infinity":39,"s:123:4:125:Infinity":40,"b:129:2:138:Infinity:136:9:138:Infinity":12,"s:129:2:138:Infinity":41,"s:130:4:130:Infinity":42,"s:131:4:135:Infinity":43,"s:137:4:137:Infinity":44,"s:140:23:140:Infinity":45,"b:141:2:143:Infinity:undefined:undefined:undefined:undefined":13,"s:141:2:143:Infinity":46,"s:142:4:142:Infinity":47,"s:145:26:149:Infinity":48,"s:151:2:155:Infinity":49,"s:180:50:234:Infinity":50,"f:180:50:180:57":3,"b:182:2:184:Infinity:undefined:undefined:undefined:undefined":14,"s:182:2:184:Infinity":51,"s:183:4:183:Infinity":52,"s:187:2:187:Infinity":53,"s:188:2:188:Infinity":54,"s:189:2:189:Infinity":55,"b:192:2:195:Infinity:undefined:undefined:undefined:undefined":15,"s:192:2:195:Infinity":56,"s:193:4:193:Infinity":57,"s:194:4:194:Infinity":58,"s:197:2:233:Infinity":59,"b:199:4:202:Infinity:undefined:undefined:undefined:undefined":16,"s:199:4:202:Infinity":60,"b:199:8:199:32:199:32:199:49":17,"s:200:6:200:Infinity":61,"s:201:6:201:Infinity":62,"b:205:4:208:Infinity:undefined:undefined:undefined:undefined":18,"s:205:4:208:Infinity":63,"b:205:8:205:32:205:32:205:48":19,"s:206:6:206:Infinity":64,"s:207:6:207:Infinity":65,"b:211:4:214:Infinity:undefined:undefined:undefined:undefined":20,"s:211:4:214:Infinity":66,"s:212:6:212:Infinity":67,"s:213:6:213:Infinity":68,"s:216:4:216:Infinity":69,"s:218:4:218:Infinity":70,"b:219:4:228:Infinity:222:4:228:Infinity":21,"s:219:4:228:Infinity":71,"s:220:6:220:Infinity":72,"s:221:6:221:Infinity":73,"b:222:4:228:Infinity:undefined:undefined:undefined:undefined":22,"s:222:4:228:Infinity":74,"b:223:6:223:Infinity:224:6:224:Infinity":23,"s:226:6:226:Infinity":75,"s:227:6:227:Infinity":76,"s:229:4:231:Infinity":77,"b:231:21:231:38:231:38:231:75":24,"s:232:4:232:Infinity":78}}}
,"/home/runner/work/public-smart-food-logger/public-smart-food-logger/backend/src/repositories/firebaseRepository.ts": {"path":"/home/runner/work/public-smart-food-logger/public-smart-food-logger/backend/src/repositories/firebaseRepository.ts","statementMap":{"0":{"start":{"line":9,"column":0},"end":{"line":15,"column":null}},"1":{"start":{"line":10,"column":2},"end":{"line":14,"column":null}},"2":{"start":{"line":17,"column":11},"end":{"line":17,"column":null}},"3":{"start":{"line":20,"column":33},"end":{"line":20,"column":null}},"4":{"start":{"line":42,"column":2},"end":{"line":44,"column":null}},"5":{"start":{"line":43,"column":4},"end":{"line":43,"column":null}},"6":{"start":{"line":45,"column":2},"end":{"line":51,"column":null}},"7":{"start":{"line":46,"column":25},"end":{"line":46,"column":null}},"8":{"start":{"line":47,"column":4},"end":{"line":47,"column":null}},"9":{"start":{"line":49,"column":4},"end":{"line":49,"column":null}},"10":{"start":{"line":50,"column":4},"end":{"line":50,"column":null}},"11":{"start":{"line":65,"column":24},"end":{"line":69,"column":null}},"12":{"start":{"line":71,"column":2},"end":{"line":74,"column":null}},"13":{"start":{"line":72,"column":4},"end":{"line":72,"column":null}},"14":{"start":{"line":73,"column":4},"end":{"line":73,"column":null}},"15":{"start":{"line":76,"column":2},"end":{"line":76,"column":null}},"16":{"start":{"line":96,"column":8},"end":{"line":96,"column":null}},"17":{"start":{"line":97,"column":20},"end":{"line":103,"column":null}},"18":{"start":{"line":105,"column":2},"end":{"line":108,"column":null}},"19":{"start":{"line":109,"column":2},"end":{"line":111,"column":null}}},"fnMap":{"0":{"name":"verifyFirebaseIdToken","decl":{"start":{"line":39,"column":22},"end":{"line":39,"column":null}},"loc":{"start":{"line":41,"column":38},"end":{"line":52,"column":null}},"line":41},"1":{"name":"getTokensFromFirestore","decl":{"start":{"line":62,"column":22},"end":{"line":62,"column":null}},"loc":{"start":{"line":64,"column":32},"end":{"line":77,"column":null}},"line":64},"2":{"name":"saveTokensToFirestore","decl":{"start":{"line":91,"column":22},"end":{"line":91,"column":null}},"loc":{"start":{"line":95,"column":17},"end":{"line":112,"column":null}},"line":95}},"branchMap":{"0":{"loc":{"start":{"line":9,"column":0},"end":{"line":15,"column":null}},"type":"if","locations":[{"start":{"line":9,"column":0},"end":{"line":15,"column":null}},{"start":{},"end":{}}],"line":9},"1":{"loc":{"start":{"line":42,"column":2},"end":{"line":44,"column":null}},"type":"if","locations":[{"start":{"line":42,"column":2},"end":{"line":44,"column":null}},{"start":{},"end":{}}],"line":42},"2":{"loc":{"start":{"line":71,"column":2},"end":{"line":74,"column":null}},"type":"if","locations":[{"start":{"line":71,"column":2},"end":{"line":74,"column":null}},{"start":{},"end":{}}],"line":71}},"s":{"0":1,"1":1,"2":1,"3":1,"4":4,"5":2,"6":2,"7":2,"8":1,"9":1,"10":1,"11":2,"12":2,"13":1,"14":1,"15":1,"16":1,"17":1,"18":1,"19":1},"f":{"0":4,"1":2,"2":1},"b":{"0":[1,0],"1":[2,2],"2":[1,1]},"meta":{"lastBranch":3,"lastFunction":3,"lastStatement":20,"seen":{"b:9:0:15:Infinity:undefined:undefined:undefined:undefined":0,"s:9:0:15:Infinity":0,"s:10:2:14:Infinity":1,"s:17:11:17:Infinity":2,"s:20:33:20:Infinity":3,"f:39:22:39:Infinity":0,"b:42:2:44:Infinity:undefined:undefined:undefined:undefined":1,"s:42:2:44:Infinity":4,"s:43:4:43:Infinity":5,"s:45:2:51:Infinity":6,"s:46:25:46:Infinity":7,"s:47:4:47:Infinity":8,"s:49:4:49:Infinity":9,"s:50:4:50:Infinity":10,"f:62:22:62:Infinity":1,"s:65:24:69:Infinity":11,"b:71:2:74:Infinity:undefined:undefined:undefined:undefined":2,"s:71:2:74:Infinity":12,"s:72:4:72:Infinity":13,"s:73:4:73:Infinity":14,"s:76:2:76:Infinity":15,"f:91:22:91:Infinity":2,"s:96:8:96:Infinity":16,"s:97:20:103:Infinity":17,"s:105:2:108:Infinity":18,"s:109:2:111:Infinity":19}}}
,"/home/runner/work/public-smart-food-logger/public-smart-food-logger/backend/src/services/fitbitService.ts": {"path":"/home/runner/work/public-smart-food-logger/public-smart-food-logger/backend/src/services/fitbitService.ts","statementMap":{"0":{"start":{"line":23,"column":49},"end":{"line":54,"column":null}},"1":{"start":{"line":62,"column":25},"end":{"line":81,"column":null}},"2":{"start":{"line":64,"column":45},"end":{"line":75,"column":null}},"3":{"start":{"line":76,"column":24},"end":{"line":76,"column":null}},"4":{"start":{"line":77,"column":2},"end":{"line":77,"column":null}},"5":{"start":{"line":77,"column":30},"end":{"line":77,"column":null}},"6":{"start":{"line":79,"column":2},"end":{"line":79,"column":null}},"7":{"start":{"line":80,"column":2},"end":{"line":80,"column":null}},"8":{"start":{"line":100,"column":19},"end":{"line":114,"column":null}},"9":{"start":{"line":115,"column":20},"end":{"line":115,"column":null}},"10":{"start":{"line":116,"column":2},"end":{"line":119,"column":null}},"11":{"start":{"line":117,"column":4},"end":{"line":117,"column":null}},"12":{"start":{"line":118,"column":4},"end":{"line":118,"column":null}},"13":{"start":{"line":120,"column":2},"end":{"line":120,"column":null}},"14":{"start":{"line":122,"column":2},"end":{"line":122,"column":null}},"15":{"start":{"line":123,"column":2},"end":{"line":123,"column":null}},"16":{"start":{"line":141,"column":24},"end":{"line":141,"column":null}},"17":{"start":{"line":142,"column":2},"end":{"line":146,"column":null}},"18":{"start":{"line":143,"column":4},"end":{"line":145,"column":null}},"19":{"start":{"line":148,"column":19},"end":{"line":160,"column":null}},"20":{"start":{"line":162,"column":25},"end":{"line":162,"column":null}},"21":{"start":{"line":163,"column":2},"end":{"line":168,"column":null}},"22":{"start":{"line":164,"column":4},"end":{"line":164,"column":null}},"23":{"start":{"line":165,"column":4},"end":{"line":167,"column":null}},"24":{"start":{"line":170,"column":2},"end":{"line":170,"column":null}},"25":{"start":{"line":172,"column":2},"end":{"line":176,"column":null}},"26":{"start":{"line":177,"column":2},"end":{"line":177,"column":null}},"27":{"start":{"line":188,"column":74},"end":{"line":188,"column":null}},"28":{"start":{"line":190,"column":2},"end":{"line":251,"column":null}},"29":{"start":{"line":191,"column":4},"end":{"line":195,"column":null}},"30":{"start":{"line":192,"column":6},"end":{"line":194,"column":null}},"31":{"start":{"line":197,"column":19},"end":{"line":197,"column":null}},"32":{"start":{"line":199,"column":29},"end":{"line":199,"column":null}},"33":{"start":{"line":200,"column":4},"end":{"line":200,"column":null}},"34":{"start":{"line":201,"column":4},"end":{"line":201,"column":null}},"35":{"start":{"line":202,"column":4},"end":{"line":202,"column":null}},"36":{"start":{"line":203,"column":4},"end":{"line":206,"column":null}},"37":{"start":{"line":208,"column":4},"end":{"line":208,"column":null}},"38":{"start":{"line":209,"column":4},"end":{"line":212,"column":null}},"39":{"start":{"line":214,"column":4},"end":{"line":219,"column":null}},"40":{"start":{"line":215,"column":20},"end":{"line":215,"column":null}},"41":{"start":{"line":216,"column":6},"end":{"line":218,"column":null}},"42":{"start":{"line":217,"column":8},"end":{"line":217,"column":null}},"43":{"start":{"line":221,"column":31},"end":{"line":231,"column":null}},"44":{"start":{"line":234,"column":7},"end":{"line":234,"column":null}},"45":{"start":{"line":236,"column":4},"end":{"line":245,"column":null}},"46":{"start":{"line":237,"column":6},"end":{"line":237,"column":null}},"47":{"start":{"line":239,"column":9},"end":{"line":241,"column":null}},"48":{"start":{"line":242,"column":6},"end":{"line":244,"column":null}},"49":{"start":{"line":246,"column":19},"end":{"line":246,"column":null}},"50":{"start":{"line":247,"column":4},"end":{"line":249,"column":null}},"51":{"start":{"line":250,"column":4},"end":{"line":250,"column":null}},"52":{"start":{"line":253,"column":2},"end":{"line":253,"column":null}},"53":{"start":{"line":266,"column":40},"end":{"line":266,"column":null}},"54":{"start":{"line":268,"column":2},"end":{"line":307,"column":null}},"55":{"start":{"line":269,"column":26},"end":{"line":276,"column":null}},"56":{"start":{"line":278,"column":28},"end":{"line":288,"column":null}},"57":{"start":{"line":290,"column":4},"end":{"line":300,"column":null}},"58":{"start":{"line":291,"column":29},"end":{"line":291,"column":null}},"59":{"start":{"line":292,"column":6},"end":{"line":292,"column":null}},"60":{"start":{"line":294,"column":8},"end":{"line":296,"column":null}},"61":{"start":{"line":297,"column":6},"end":{"line":299,"column":null}},"62":{"start":{"line":302,"column":23},"end":{"line":302,"column":null}},"63":{"start":{"line":303,"column":4},"end":{"line":305,"column":null}},"64":{"start":{"line":306,"column":4},"end":{"line":306,"column":null}},"65":{"start":{"line":309,"column":2},"end":{"line":309,"column":null}},"66":{"start":{"line":332,"column":5},"end":{"line":332,"column":null}},"67":{"start":{"line":334,"column":2},"end":{"line":342,"column":null}},"68":{"start":{"line":339,"column":4},"end":{"line":341,"column":null}},"69":{"start":{"line":345,"column":23},"end":{"line":349,"column":null}},"70":{"start":{"line":352,"column":2},"end":{"line":358,"column":null}}},"fnMap":{"0":{"name":"(anonymous_0)","decl":{"start":{"line":62,"column":25},"end":{"line":62,"column":26}},"loc":{"start":{"line":62,"column":51},"end":{"line":81,"column":null}},"line":62},"1":{"name":"exchangeCodeForTokens","decl":{"start":{"line":94,"column":22},"end":{"line":94,"column":null}},"loc":{"start":{"line":99,"column":16},"end":{"line":124,"column":null}},"line":99},"2":{"name":"refreshFitbitAccessToken","decl":{"start":{"line":136,"column":22},"end":{"line":136,"column":null}},"loc":{"start":{"line":140,"column":19},"end":{"line":178,"column":null}},"line":140},"3":{"name":"createFoods","decl":{"start":{"line":183,"column":15},"end":{"line":183,"column":null}},"loc":{"start":{"line":187,"column":62},"end":{"line":254,"column":null}},"line":187},"4":{"name":"logFoods","decl":{"start":{"line":259,"column":15},"end":{"line":259,"column":null}},"loc":{"start":{"line":265,"column":30},"end":{"line":310,"column":null}},"line":265},"5":{"name":"processAndLogFoods","decl":{"start":{"line":326,"column":22},"end":{"line":326,"column":null}},"loc":{"start":{"line":330,"column":18},"end":{"line":359,"column":null}},"line":330}},"branchMap":{"0":{"loc":{"start":{"line":76,"column":24},"end":{"line":76,"column":null}},"type":"cond-expr","locations":[{"start":{"line":76,"column":31},"end":{"line":76,"column":52}},{"start":{"line":76,"column":52},"end":{"line":76,"column":null}}],"line":76},"1":{"loc":{"start":{"line":77,"column":2},"end":{"line":77,"column":null}},"type":"if","locations":[{"start":{"line":77,"column":2},"end":{"line":77,"column":null}},{"start":{},"end":{}}],"line":77},"2":{"loc":{"start":{"line":111,"column":20},"end":{"line":111,"column":null}},"type":"binary-expr","locations":[{"start":{"line":111,"column":20},"end":{"line":111,"column":61}},{"start":{"line":111,"column":61},"end":{"line":111,"column":null}}],"line":111},"3":{"loc":{"start":{"line":116,"column":2},"end":{"line":119,"column":null}},"type":"if","locations":[{"start":{"line":116,"column":2},"end":{"line":119,"column":null}},{"start":{},"end":{}}],"line":116},"4":{"loc":{"start":{"line":142,"column":2},"end":{"line":146,"column":null}},"type":"if","locations":[{"start":{"line":142,"column":2},"end":{"line":146,"column":null}},{"start":{},"end":{}}],"line":142},"5":{"loc":{"start":{"line":142,"column":6},"end":{"line":142,"column":53}},"type":"binary-expr","locations":[{"start":{"line":142,"column":6},"end":{"line":142,"column":24}},{"start":{"line":142,"column":24},"end":{"line":142,"column":53}}],"line":142},"6":{"loc":{"start":{"line":163,"column":2},"end":{"line":168,"column":null}},"type":"if","locations":[{"start":{"line":163,"column":2},"end":{"line":168,"column":null}},{"start":{},"end":{}}],"line":163},"7":{"loc":{"start":{"line":166,"column":35},"end":{"line":166,"column":93}},"type":"cond-expr","locations":[{"start":{"line":166,"column":54},"end":{"line":166,"column":84}},{"start":{"line":166,"column":84},"end":{"line":166,"column":93}}],"line":166},"8":{"loc":{"start":{"line":191,"column":4},"end":{"line":195,"column":null}},"type":"if","locations":[{"start":{"line":191,"column":4},"end":{"line":195,"column":null}},{"start":{},"end":{}}],"line":191},"9":{"loc":{"start":{"line":191,"column":8},"end":{"line":191,"column":54}},"type":"binary-expr","locations":[{"start":{"line":191,"column":8},"end":{"line":191,"column":26}},{"start":{"line":191,"column":26},"end":{"line":191,"column":42}},{"start":{"line":191,"column":42},"end":{"line":191,"column":54}}],"line":191},"10":{"loc":{"start":{"line":193,"column":48},"end":{"line":193,"column":79}},"type":"binary-expr","locations":[{"start":{"line":193,"column":48},"end":{"line":193,"column":65}},{"start":{"line":193,"column":65},"end":{"line":193,"column":79}}],"line":193},"11":{"loc":{"start":{"line":205,"column":17},"end":{"line":205,"column":35}},"type":"binary-expr","locations":[{"start":{"line":205,"column":17},"end":{"line":205,"column":34}},{"start":{"line":205,"column":34},"end":{"line":205,"column":35}}],"line":205},"12":{"loc":{"start":{"line":208,"column":40},"end":{"line":208,"column":62}},"type":"binary-expr","locations":[{"start":{"line":208,"column":40},"end":{"line":208,"column":57}},{"start":{"line":208,"column":57},"end":{"line":208,"column":62}}],"line":208},"13":{"loc":{"start":{"line":211,"column":6},"end":{"line":211,"column":null}},"type":"binary-expr","locations":[{"start":{"line":211,"column":6},"end":{"line":211,"column":26}},{"start":{"line":211,"column":26},"end":{"line":211,"column":null}}],"line":211},"14":{"loc":{"start":{"line":216,"column":6},"end":{"line":218,"column":null}},"type":"if","locations":[{"start":{"line":216,"column":6},"end":{"line":218,"column":null}},{"start":{},"end":{}}],"line":216},"15":{"loc":{"start":{"line":216,"column":10},"end":{"line":216,"column":49}},"type":"binary-expr","locations":[{"start":{"line":216,"column":10},"end":{"line":216,"column":33}},{"start":{"line":216,"column":33},"end":{"line":216,"column":49}}],"line":216},"16":{"loc":{"start":{"line":236,"column":4},"end":{"line":245,"column":null}},"type":"if","locations":[{"start":{"line":236,"column":4},"end":{"line":245,"column":null}},{"start":{},"end":{}}],"line":236},"17":{"loc":{"start":{"line":239,"column":9},"end":{"line":241,"column":null}},"type":"cond-expr","locations":[{"start":{"line":240,"column":13},"end":{"line":240,"column":null}},{"start":{"line":241,"column":12},"end":{"line":241,"column":null}}],"line":239},"18":{"loc":{"start":{"line":239,"column":9},"end":{"line":239,"column":null}},"type":"binary-expr","locations":[{"start":{"line":239,"column":9},"end":{"line":239,"column":45}},{"start":{"line":239,"column":45},"end":{"line":239,"column":null}}],"line":239},"19":{"loc":{"start":{"line":290,"column":4},"end":{"line":300,"column":null}},"type":"if","locations":[{"start":{"line":290,"column":4},"end":{"line":300,"column":null}},{"start":{},"end":{}}],"line":290},"20":{"loc":{"start":{"line":294,"column":8},"end":{"line":296,"column":null}},"type":"cond-expr","locations":[{"start":{"line":295,"column":12},"end":{"line":295,"column":null}},{"start":{"line":296,"column":12},"end":{"line":296,"column":null}}],"line":294},"21":{"loc":{"start":{"line":294,"column":8},"end":{"line":294,"column":null}},"type":"binary-expr","locations":[{"start":{"line":294,"column":8},"end":{"line":294,"column":28}},{"start":{"line":294,"column":28},"end":{"line":294,"column":null}}],"line":294},"22":{"loc":{"start":{"line":332,"column":5},"end":{"line":332,"column":null}},"type":"binary-expr","locations":[{"start":{"line":332,"column":5},"end":{"line":332,"column":55}},{"start":{"line":332,"column":55},"end":{"line":332,"column":null}}],"line":332},"23":{"loc":{"start":{"line":334,"column":2},"end":{"line":342,"column":null}},"type":"if","locations":[{"start":{"line":334,"column":2},"end":{"line":342,"column":null}},{"start":{},"end":{}}],"line":334},"24":{"loc":{"start":{"line":335,"column":4},"end":{"line":337,"column":null}},"type":"binary-expr","locations":[{"start":{"line":335,"column":4},"end":{"line":335,"column":null}},{"start":{"line":336,"column":4},"end":{"line":336,"column":null}},{"start":{"line":337,"column":4},"end":{"line":337,"column":null}}],"line":335}},"s":{"0":1,"1":1,"2":7,"3":7,"4":7,"5":6,"6":1,"7":1,"8":2,"9":2,"10":2,"11":1,"12":1,"13":1,"14":1,"15":1,"16":3,"17":3,"18":1,"19":2,"20":2,"21":2,"22":1,"23":1,"24":1,"25":1,"26":1,"27":6,"28":6,"29":8,"30":1,"31":7,"32":7,"33":7,"34":7,"35":7,"36":7,"37":8,"38":8,"39":8,"40":210,"41":210,"42":0,"43":7,"44":7,"45":7,"46":2,"47":2,"48":2,"49":5,"50":5,"51":5,"52":3,"53":3,"54":3,"55":4,"56":4,"57":4,"58":1,"59":1,"60":1,"61":1,"62":3,"63":3,"64":3,"65":2,"66":8,"67":8,"68":2,"69":6,"70":3},"f":{"0":7,"1":2,"2":3,"3":6,"4":3,"5":8},"b":{"0":[7,0],"1":[6,1],"2":[2,0],"3":[1,1],"4":[1,2],"5":[3,2],"6":[1,1],"7":[1,0],"8":[1,7],"9":[8,8,8],"10":[1,0],"11":[7,0],"12":[8,7],"13":[8,7],"14":[0,210],"15":[210,0],"16":[2,5],"17":[2,0],"18":[2,2],"19":[1,3],"20":[1,0],"21":[1,1],"22":[8,0],"23":[2,6],"24":[8,7,7]},"meta":{"lastBranch":25,"lastFunction":6,"lastStatement":71,"seen":{"s:23:49:54:Infinity":0,"s:62:25:81:Infinity":1,"f:62:25:62:26":0,"s:64:45:75:Infinity":2,"s:76:24:76:Infinity":3,"b:76:31:76:52:76:52:76:Infinity":0,"b:77:2:77:Infinity:undefined:undefined:undefined:undefined":1,"s:77:2:77:Infinity":4,"s:77:30:77:Infinity":5,"s:79:2:79:Infinity":6,"s:80:2:80:Infinity":7,"f:94:22:94:Infinity":1,"s:100:19:114:Infinity":8,"b:111:20:111:61:111:61:111:Infinity":2,"s:115:20:115:Infinity":9,"b:116:2:119:Infinity:undefined:undefined:undefined:undefined":3,"s:116:2:119:Infinity":10,"s:117:4:117:Infinity":11,"s:118:4:118:Infinity":12,"s:120:2:120:Infinity":13,"s:122:2:122:Infinity":14,"s:123:2:123:Infinity":15,"f:136:22:136:Infinity":2,"s:141:24:141:Infinity":16,"b:142:2:146:Infinity:undefined:undefined:undefined:undefined":4,"s:142:2:146:Infinity":17,"b:142:6:142:24:142:24:142:53":5,"s:143:4:145:Infinity":18,"s:148:19:160:Infinity":19,"s:162:25:162:Infinity":20,"b:163:2:168:Infinity:undefined:undefined:undefined:undefined":6,"s:163:2:168:Infinity":21,"s:164:4:164:Infinity":22,"s:165:4:167:Infinity":23,"b:166:54:166:84:166:84:166:93":7,"s:170:2:170:Infinity":24,"s:172:2:176:Infinity":25,"s:177:2:177:Infinity":26,"f:183:15:183:Infinity":3,"s:188:74:188:Infinity":27,"s:190:2:251:Infinity":28,"b:191:4:195:Infinity:undefined:undefined:undefined:undefined":8,"s:191:4:195:Infinity":29,"b:191:8:191:26:191:26:191:42:191:42:191:54":9,"s:192:6:194:Infinity":30,"b:193:48:193:65:193:65:193:79":10,"s:197:19:197:Infinity":31,"s:199:29:199:Infinity":32,"s:200:4:200:Infinity":33,"s:201:4:201:Infinity":34,"s:202:4:202:Infinity":35,"s:203:4:206:Infinity":36,"b:205:17:205:34:205:34:205:35":11,"s:208:4:208:Infinity":37,"b:208:40:208:57:208:57:208:62":12,"s:209:4:212:Infinity":38,"b:211:6:211:26:211:26:211:Infinity":13,"s:214:4:219:Infinity":39,"s:215:20:215:Infinity":40,"b:216:6:218:Infinity:undefined:undefined:undefined:undefined":14,"s:216:6:218:Infinity":41,"b:216:10:216:33:216:33:216:49":15,"s:217:8:217:Infinity":42,"s:221:31:231:Infinity":43,"s:234:7:234:Infinity":44,"b:236:4:245:Infinity:undefined:undefined:undefined:undefined":16,"s:236:4:245:Infinity":45,"s:237:6:237:Infinity":46,"s:239:9:241:Infinity":47,"b:240:13:240:Infinity:241:12:241:Infinity":17,"b:239:9:239:45:239:45:239:Infinity":18,"s:242:6:244:Infinity":48,"s:246:19:246:Infinity":49,"s:247:4:249:Infinity":50,"s:250:4:250:Infinity":51,"s:253:2:253:Infinity":52,"f:259:15:259:Infinity":4,"s:266:40:266:Infinity":53,"s:268:2:307:Infinity":54,"s:269:26:276:Infinity":55,"s:278:28:288:Infinity":56,"b:290:4:300:Infinity:undefined:undefined:undefined:undefined":19,"s:290:4:300:Infinity":57,"s:291:29:291:Infinity":58,"s:292:6:292:Infinity":59,"s:294:8:296:Infinity":60,"b:295:12:295:Infinity:296:12:296:Infinity":20,"b:294:8:294:28:294:28:294:Infinity":21,"s:297:6:299:Infinity":61,"s:302:23:302:Infinity":62,"s:303:4:305:Infinity":63,"s:306:4:306:Infinity":64,"s:309:2:309:Infinity":65,"f:326:22:326:Infinity":5,"s:332:5:332:Infinity":66,"b:332:5:332:55:332:55:332:Infinity":22,"b:334:2:342:Infinity:undefined:undefined:undefined:undefined":23,"s:334:2:342:Infinity":67,"b:335:4:335:Infinity:336:4:336:Infinity:337:4:337:Infinity":24,"s:339:4:341:Infinity":68,"s:345:23:349:Infinity":69,"s:352:2:358:Infinity":70}}}
,"/home/runner/work/public-smart-food-logger/public-smart-food-logger/backend/src/utils/errors.ts": {"path":"/home/runner/work/public-smart-food-logger/public-smart-food-logger/backend/src/utils/errors.ts","statementMap":{"0":{"start":{"line":10,"column":4},"end":{"line":10,"column":null}},"1":{"start":{"line":11,"column":4},"end":{"line":11,"column":null}},"2":{"start":{"line":12,"column":4},"end":{"line":12,"column":null}},"3":{"start":{"line":13,"column":4},"end":{"line":13,"column":null}},"4":{"start":{"line":26,"column":4},"end":{"line":26,"column":null}},"5":{"start":{"line":36,"column":4},"end":{"line":36,"column":null}},"6":{"start":{"line":49,"column":4},"end":{"line":49,"column":null}},"7":{"start":{"line":60,"column":4},"end":{"line":60,"column":null}},"8":{"start":{"line":73,"column":4},"end":{"line":73,"column":null}}},"fnMap":{"0":{"name":"(anonymous_0)","decl":{"start":{"line":9,"column":2},"end":{"line":9,"column":14}},"loc":{"start":{"line":9,"column":57},"end":{"line":14,"column":null}},"line":9},"1":{"name":"(anonymous_1)","decl":{"start":{"line":22,"column":2},"end":{"line":22,"column":null}},"loc":{"start":{"line":25,"column":4},"end":{"line":27,"column":null}},"line":25},"2":{"name":"(anonymous_2)","decl":{"start":{"line":35,"column":2},"end":{"line":35,"column":14}},"loc":{"start":{"line":35,"column":79},"end":{"line":37,"column":null}},"line":35},"3":{"name":"(anonymous_3)","decl":{"start":{"line":45,"column":2},"end":{"line":45,"column":null}},"loc":{"start":{"line":48,"column":4},"end":{"line":50,"column":null}},"line":48},"4":{"name":"(anonymous_4)","decl":{"start":{"line":59,"column":2},"end":{"line":59,"column":14}},"loc":{"start":{"line":59,"column":78},"end":{"line":61,"column":null}},"line":59},"5":{"name":"(anonymous_5)","decl":{"start":{"line":69,"column":2},"end":{"line":69,"column":null}},"loc":{"start":{"line":72,"column":4},"end":{"line":74,"column":null}},"line":72}},"branchMap":{"0":{"loc":{"start":{"line":9,"column":31},"end":{"line":9,"column":57}},"type":"default-arg","locations":[{"start":{"line":9,"column":52},"end":{"line":9,"column":57}}],"line":9},"1":{"loc":{"start":{"line":23,"column":4},"end":{"line":23,"column":null}},"type":"default-arg","locations":[{"start":{"line":23,"column":22},"end":{"line":23,"column":null}}],"line":23},"2":{"loc":{"start":{"line":24,"column":4},"end":{"line":24,"column":null}},"type":"default-arg","locations":[{"start":{"line":24,"column":25},"end":{"line":24,"column":null}}],"line":24},"3":{"loc":{"start":{"line":35,"column":14},"end":{"line":35,"column":53}},"type":"default-arg","locations":[{"start":{"line":35,"column":32},"end":{"line":35,"column":53}}],"line":35},"4":{"loc":{"start":{"line":35,"column":53},"end":{"line":35,"column":79}},"type":"default-arg","locations":[{"start":{"line":35,"column":74},"end":{"line":35,"column":79}}],"line":35},"5":{"loc":{"start":{"line":46,"column":4},"end":{"line":46,"column":null}},"type":"default-arg","locations":[{"start":{"line":46,"column":22},"end":{"line":46,"column":null}}],"line":46},"6":{"loc":{"start":{"line":47,"column":4},"end":{"line":47,"column":null}},"type":"default-arg","locations":[{"start":{"line":47,"column":25},"end":{"line":47,"column":null}}],"line":47},"7":{"loc":{"start":{"line":59,"column":14},"end":{"line":59,"column":52}},"type":"default-arg","locations":[{"start":{"line":59,"column":32},"end":{"line":59,"column":52}}],"line":59},"8":{"loc":{"start":{"line":59,"column":52},"end":{"line":59,"column":78}},"type":"default-arg","locations":[{"start":{"line":59,"column":73},"end":{"line":59,"column":78}}],"line":59},"9":{"loc":{"start":{"line":70,"column":4},"end":{"line":70,"column":null}},"type":"default-arg","locations":[{"start":{"line":70,"column":22},"end":{"line":70,"column":null}}],"line":70},"10":{"loc":{"start":{"line":71,"column":4},"end":{"line":71,"column":null}},"type":"default-arg","locations":[{"start":{"line":71,"column":25},"end":{"line":71,"column":null}}],"line":71}},"s":{"0":49,"1":49,"2":49,"3":49,"4":13,"5":18,"6":2,"7":9,"8":5},"f":{"0":49,"1":13,"2":18,"3":2,"4":9,"5":5},"b":{"0":[49],"1":[13],"2":[13],"3":[18],"4":[18],"5":[2],"6":[2],"7":[9],"8":[9],"9":[5],"10":[5]},"meta":{"lastBranch":11,"lastFunction":6,"lastStatement":9,"seen":{"f:9:2:9:14":0,"b:9:52:9:57":0,"s:10:4:10:Infinity":0,"s:11:4:11:Infinity":1,"s:12:4:12:Infinity":2,"s:13:4:13:Infinity":3,"f:22:2:22:Infinity":1,"b:23:22:23:Infinity":1,"b:24:25:24:Infinity":2,"s:26:4:26:Infinity":4,"f:35:2:35:14":2,"b:35:32:35:53":3,"b:35:74:35:79":4,"s:36:4:36:Infinity":5,"f:45:2:45:Infinity":3,"b:46:22:46:Infinity":5,"b:47:25:47:Infinity":6,"s:49:4:49:Infinity":6,"f:59:2:59:14":4,"b:59:32:59:52":7,"b:59:73:59:78":8,"s:60:4:60:Infinity":7,"f:69:2:69:Infinity":5,"b:70:22:70:Infinity":9,"b:71:25:71:Infinity":10,"s:73:4:73:Infinity":8}}}
}
