{"/home/runner/work/public-smart-food-logger/public-smart-food-logger/shared/src/external/fitbit/nutrition/common.ts": {"path":"/home/runner/work/public-smart-food-logger/public-smart-food-logger/shared/src/external/fitbit/nutrition/common.ts","statementMap":{"0":{"start":{"line":21,"column":37},"end":{"line":33,"column":null}},"1":{"start":{"line":38,"column":29},"end":{"line":51,"column":null}},"2":{"start":{"line":56,"column":29},"end":{"line":64,"column":null}},"3":{"start":{"line":71,"column":34},"end":{"line":75,"column":null}}},"fnMap":{},"branchMap":{},"s":{"0":3,"1":3,"2":3,"3":3},"f":{},"b":{},"meta":{"lastBranch":0,"lastFunction":0,"lastStatement":4,"seen":{"s:21:37:33:Infinity":0,"s:38:29:51:Infinity":1,"s:56:29:64:Infinity":2,"s:71:34:75:Infinity":3}}}
,"/home/runner/work/public-smart-food-logger/public-smart-food-logger/shared/src/external/fitbit/nutrition/createFood.ts": {"path":"/home/runner/work/public-smart-food-logger/public-smart-food-logger/shared/src/external/fitbit/nutrition/createFood.ts","statementMap":{"0":{"start":{"line":22,"column":30},"end":{"line":22,"column":null}},"1":{"start":{"line":25,"column":23},"end":{"line":36,"column":null}},"2":{"start":{"line":44,"column":39},"end":{"line":47,"column":null}},"3":{"start":{"line":58,"column":40},"end":{"line":65,"column":null}}},"fnMap":{},"branchMap":{},"s":{"0":2,"1":2,"2":2,"3":2},"f":{},"b":{},"meta":{"lastBranch":0,"lastFunction":0,"lastStatement":4,"seen":{"s:22:30:22:Infinity":0,"s:25:23:36:Infinity":1,"s:44:39:47:Infinity":2,"s:58:40:65:Infinity":3}}}
,"/home/runner/work/public-smart-food-logger/public-smart-food-logger/shared/src/external/fitbit/nutrition/logFood.ts": {"path":"/home/runner/work/public-smart-food-logger/public-smart-food-logger/shared/src/external/fitbit/nutrition/logFood.ts","statementMap":{"0":{"start":{"line":25,"column":29},"end":{"line":32,"column":null}},"1":{"start":{"line":39,"column":32},"end":{"line":46,"column":null}},"2":{"start":{"line":52,"column":19},"end":{"line":60,"column":null}},"3":{"start":{"line":69,"column":19},"end":{"line":75,"column":null}},"4":{"start":{"line":84,"column":33},"end":{"line":87,"column":null}},"5":{"start":{"line":100,"column":36},"end":{"line":121,"column":null}},"6":{"start":{"line":103,"column":4},"end":{"line":110,"column":null}},"7":{"start":{"line":104,"column":6},"end":{"line":108,"column":null}},"8":{"start":{"line":109,"column":6},"end":{"line":109,"column":null}},"9":{"start":{"line":113,"column":4},"end":{"line":119,"column":null}},"10":{"start":{"line":114,"column":6},"end":{"line":118,"column":null}},"11":{"start":{"line":129,"column":37},"end":{"line":149,"column":null}}},"fnMap":{"0":{"name":"(anonymous_0)","decl":{"start":{"line":101,"column":2},"end":{"line":101,"column":3}},"loc":{"start":{"line":101,"column":17},"end":{"line":120,"column":null}},"line":101}},"branchMap":{"0":{"loc":{"start":{"line":103,"column":4},"end":{"line":110,"column":null}},"type":"if","locations":[{"start":{"line":103,"column":4},"end":{"line":110,"column":null}},{"start":{},"end":{}}],"line":103},"1":{"loc":{"start":{"line":103,"column":8},"end":{"line":103,"column":66}},"type":"binary-expr","locations":[{"start":{"line":103,"column":8},"end":{"line":103,"column":37}},{"start":{"line":103,"column":37},"end":{"line":103,"column":66}}],"line":103},"2":{"loc":{"start":{"line":113,"column":4},"end":{"line":119,"column":null}},"type":"if","locations":[{"start":{"line":113,"column":4},"end":{"line":119,"column":null}},{"start":{},"end":{}}],"line":113},"3":{"loc":{"start":{"line":113,"column":8},"end":{"line":113,"column":67}},"type":"binary-expr","locations":[{"start":{"line":113,"column":8},"end":{"line":113,"column":39}},{"start":{"line":113,"column":39},"end":{"line":113,"column":67}}],"line":113}},"s":{"0":2,"1":2,"2":2,"3":2,"4":2,"5":2,"6":7,"7":1,"8":1,"9":6,"10":1,"11":2},"f":{"0":7},"b":{"0":[1,6],"1":[7,4],"2":[1,5],"3":[6,3]},"meta":{"lastBranch":4,"lastFunction":1,"lastStatement":12,"seen":{"s:25:29:32:Infinity":0,"s:39:32:46:Infinity":1,"s:52:19:60:Infinity":2,"s:69:19:75:Infinity":3,"s:84:33:87:Infinity":4,"s:100:36:121:Infinity":5,"f:101:2:101:3":0,"b:103:4:110:Infinity:undefined:undefined:undefined:undefined":0,"s:103:4:110:Infinity":6,"b:103:8:103:37:103:37:103:66":1,"s:104:6:108:Infinity":7,"s:109:6:109:Infinity":8,"b:113:4:119:Infinity:undefined:undefined:undefined:undefined":2,"s:113:4:119:Infinity":9,"b:113:8:113:39:113:39:113:67":3,"s:114:6:118:Infinity":10,"s:129:37:149:Infinity":11}}}
,"/home/runner/work/public-smart-food-logger/public-smart-food-logger/shared/src/schema/api/common.ts": {"path":"/home/runner/work/public-smart-food-logger/public-smart-food-logger/shared/src/schema/api/common.ts","statementMap":{"0":{"start":{"line":20,"column":33},"end":{"line":34,"column":null}}},"fnMap":{},"branchMap":{},"s":{"0":1},"f":{},"b":{},"meta":{"lastBranch":0,"lastFunction":0,"lastStatement":1,"seen":{"s:20:33:34:Infinity":0}}}
,"/home/runner/work/public-smart-food-logger/public-smart-food-logger/shared/src/schema/api/createFoodLogRequest.ts": {"path":"/home/runner/work/public-smart-food-logger/public-smart-food-logger/shared/src/schema/api/createFoodLogRequest.ts","statementMap":{"0":{"start":{"line":24,"column":24},"end":{"line":24,"column":null}},"1":{"start":{"line":25,"column":21},"end":{"line":25,"column":null}},"2":{"start":{"line":33,"column":26},"end":{"line":38,"column":null}},"3":{"start":{"line":53,"column":30},"end":{"line":154,"column":null}},"4":{"start":{"line":168,"column":42},"end":{"line":192,"column":null}}},"fnMap":{},"branchMap":{},"s":{"0":1,"1":1,"2":1,"3":1,"4":1},"f":{},"b":{},"meta":{"lastBranch":0,"lastFunction":0,"lastStatement":5,"seen":{"s:24:24:24:Infinity":0,"s:25:21:25:Infinity":1,"s:33:26:38:Infinity":2,"s:53:30:154:Infinity":3,"s:168:42:192:Infinity":4}}}
}
